Parameters: {'n': 256, 'q': 179067461, 'k': 2, 'secret_type': 'cbd', 'eta': 2, 'gaussian_std': 3, 'hw': -1, 'error_type': 'cbd', 'num_gen': 4, 'add_noise': True, 'mod_q': True, 'seed': 42, 'approximation_std': 3, 'approximation_threshold': 0.01, 'save_to': '../data', 'float_type': 'qd', 'matrix_config': 'dual', 'reduction_samples': 448, 'reduction_resampling': True, 'min_samples': None, 'num_matrices': 63, 'reduction_max_size': 1500, 'lookback': 3, 'warmup_steps': 10, 'flatter_alpha': 0.001, 'bkz_delta': 0.99, 'bkz_block_sizes': '20:40:10', 'use_polish': True, 'interleaved_steps': 0, 'penalty': 4, 'verbose': True, 'train_percentages': [0.1, 0.3, 0.6, 1.0], 'model': 'tukey', 'lr': 0.0001, 'c_factor': 1.0, 'epsilon': 1.1, 'max_iter': 15000, 'alpha': 0.0001, 'warm_start': False, 'fit_intercept': False, 'tol': 0.001, 'use_ransac': False, 'residual_factor': 1.5, 'max_trials': 100}
Arguments: {'num_attacks': 1, 'attack_strategy': 'no', 'attack_every': 0, 'save_strategy': 'hour', 'save_every': 40, 'stop_strategy': 'hour', 'stop_after': 46, 'save_at_the_end': True, 'reload': False, 'reload_from': None, 'train_secret_types': ['cbd'], 'reload_from_salsa': None, 'num_training_repeats': 10, 'hw_range': None}
Attacking 63 matrices using 64 threads.
- Algo: flatter | Updated 720/720 | Mean std_B: 803778912.04
- Algo: flatter | Updated 720/720 | Mean std_B: 804596515.47
- Algo: flatter | Updated 720/720 | Mean std_B: 806406572.44
- Algo: flatter | Updated 720/720 | Mean std_B: 804520193.41
- Algo: flatter | Updated 720/720 | Mean std_B: 801528649.36
- Algo: flatter | Updated 720/720 | Mean std_B: 801755127.90
- Algo: flatter | Updated 720/720 | Mean std_B: 801133654.74
- Algo: flatter | Updated 720/720 | Mean std_B: 803673072.52
- Algo: flatter | Updated 720/720 | Mean std_B: 802535560.90
- Algo: flatter | Updated 720/720 | Mean std_B: 801990441.82
- Algo: flatter | Updated 720/720 | Mean std_B: 803010242.26
- Algo: flatter | Updated 720/720 | Mean std_B: 802329361.33
- Algo: flatter | Updated 720/720 | Mean std_B: 802625528.82
- Algo: flatter | Updated 720/720 | Mean std_B: 803258108.13
- Algo: flatter | Updated 720/720 | Mean std_B: 802322637.55
- Algo: flatter | Updated 720/720 | Mean std_B: 802823157.45
- Algo: flatter | Updated 720/720 | Mean std_B: 804011392.36
- Algo: flatter | Updated 720/720 | Mean std_B: 803952108.22
- Algo: flatter | Updated 720/720 | Mean std_B: 800739369.98
- Algo: flatter | Updated 720/720 | Mean std_B: 802479163.27
- Algo: flatter | Updated 720/720 | Mean std_B: 803086246.79
- Algo: flatter | Updated 720/720 | Mean std_B: 803831219.16
- Algo: flatter | Updated 720/720 | Mean std_B: 802361429.51
- Algo: flatter | Updated 720/720 | Mean std_B: 802400036.56
- Algo: flatter | Updated 720/720 | Mean std_B: 803829004.47
- Algo: flatter | Updated 720/720 | Mean std_B: 804591740.45
- Algo: flatter | Updated 720/720 | Mean std_B: 803197898.71
- Algo: flatter | Updated 720/720 | Mean std_B: 802827782.26
- Algo: flatter | Updated 720/720 | Mean std_B: 803510580.48
- Algo: flatter | Updated 720/720 | Mean std_B: 803582622.28
- Algo: flatter | Updated 720/720 | Mean std_B: 803282814.48
- Algo: flatter | Updated 720/720 | Mean std_B: 804062699.58
- Algo: flatter | Updated 720/720 | Mean std_B: 801880490.44
- Algo: flatter | Updated 720/720 | Mean std_B: 801797436.36
- Algo: flatter | Updated 720/720 | Mean std_B: 802926119.26
- Algo: flatter | Updated 720/720 | Mean std_B: 804005439.55
- Algo: flatter | Updated 720/720 | Mean std_B: 802772862.78
- Algo: flatter | Updated 720/720 | Mean std_B: 803146650.14
- Algo: flatter | Updated 720/720 | Mean std_B: 803714077.38
- Algo: flatter | Updated 720/720 | Mean std_B: 801856889.76
- Algo: flatter | Updated 720/720 | Mean std_B: 803059580.51
- Algo: flatter | Updated 720/720 | Mean std_B: 802194525.02
- Algo: flatter | Updated 720/720 | Mean std_B: 802733945.66
- Algo: flatter | Updated 720/720 | Mean std_B: 801933501.33
- Algo: flatter | Updated 720/720 | Mean std_B: 805362058.79
- Algo: flatter | Updated 720/720 | Mean std_B: 804781982.11
- Algo: flatter | Updated 720/720 | Mean std_B: 803545007.52
- Algo: flatter | Updated 720/720 | Mean std_B: 802334189.23
- Algo: flatter | Updated 720/720 | Mean std_B: 802986708.16
- Algo: flatter | Updated 720/720 | Mean std_B: 802235529.22
- Algo: flatter | Updated 720/720 | Mean std_B: 802855561.75
- Algo: flatter | Updated 720/720 | Mean std_B: 802393651.26
- Algo: flatter | Updated 720/720 | Mean std_B: 802813307.79
- Algo: flatter | Updated 720/720 | Mean std_B: 804741722.67
- Algo: flatter | Updated 720/720 | Mean std_B: 803975344.78
- Algo: flatter | Updated 720/720 | Mean std_B: 803204984.09
- Algo: flatter | Updated 720/720 | Mean std_B: 803114710.64
- Algo: flatter | Updated 720/720 | Mean std_B: 802600311.46
- Algo: flatter | Updated 720/720 | Mean std_B: 803054062.21
- Algo: flatter | Updated 720/720 | Mean std_B: 803708542.00
- Algo: flatter | Updated 720/720 | Mean std_B: 802677652.71
- Algo: flatter | Updated 720/720 | Mean std_B: 803544416.81
- Algo: flatter | Updated 720/720 | Mean std_B: 803600644.54
Tour 1 | Time: 10829.30s | Mean std_B: 803104535.73 | Reduction Factor: 0.6884 | Prob: 0.0888
- Algo: flatter | Updated 683/720 | Mean std_B: 804043552.27
- Algo: flatter | Updated 684/720 | Mean std_B: 806104466.33
- Algo: flatter | Updated 687/720 | Mean std_B: 806586997.96
- Algo: flatter | Updated 684/720 | Mean std_B: 805393726.41
- Algo: flatter | Updated 690/720 | Mean std_B: 808050971.65
- Algo: flatter | Updated 696/720 | Mean std_B: 806970115.31
- Algo: flatter | Updated 688/720 | Mean std_B: 805974874.64
- Algo: flatter | Updated 691/720 | Mean std_B: 806720404.71
- Algo: flatter | Updated 694/720 | Mean std_B: 805819827.77
- Algo: flatter | Updated 693/720 | Mean std_B: 805069018.31
- Algo: flatter | Updated 689/720 | Mean std_B: 805995241.46
- Algo: flatter | Updated 679/720 | Mean std_B: 804270084.16
- Algo: flatter | Updated 680/720 | Mean std_B: 807254199.87
- Algo: flatter | Updated 695/720 | Mean std_B: 807364098.18
- Algo: flatter | Updated 685/720 | Mean std_B: 806599839.78
- Algo: flatter | Updated 686/720 | Mean std_B: 806118551.96
- Algo: flatter | Updated 683/720 | Mean std_B: 806719469.13
- Algo: flatter | Updated 689/720 | Mean std_B: 807114322.88
- Algo: flatter | Updated 690/720 | Mean std_B: 804247675.15
- Algo: flatter | Updated 685/720 | Mean std_B: 806771788.86
- Algo: flatter | Updated 679/720 | Mean std_B: 806063506.54
- Algo: flatter | Updated 679/720 | Mean std_B: 803961463.44
- Algo: flatter | Updated 684/720 | Mean std_B: 804044893.44
- Algo: flatter | Updated 679/720 | Mean std_B: 806493476.22
- Algo: flatter | Updated 686/720 | Mean std_B: 804622770.21
- Algo: flatter | Updated 687/720 | Mean std_B: 806887765.56
- Algo: flatter | Updated 690/720 | Mean std_B: 806974157.34
- Algo: flatter | Updated 694/720 | Mean std_B: 804336048.82
- Algo: flatter | Updated 685/720 | Mean std_B: 806399456.66
- Algo: flatter | Updated 683/720 | Mean std_B: 805326013.88
- Algo: flatter | Updated 678/720 | Mean std_B: 805983854.70
- Algo: flatter | Updated 693/720 | Mean std_B: 806833992.77
- Algo: flatter | Updated 688/720 | Mean std_B: 805289001.18
- Algo: flatter | Updated 689/720 | Mean std_B: 805529699.65
- Algo: flatter | Updated 694/720 | Mean std_B: 807108602.89
- Algo: flatter | Updated 686/720 | Mean std_B: 807688101.23
- Algo: flatter | Updated 691/720 | Mean std_B: 805958681.00
- Algo: flatter | Updated 679/720 | Mean std_B: 802937422.54
- Algo: flatter | Updated 685/720 | Mean std_B: 804835044.29
- Algo: flatter | Updated 683/720 | Mean std_B: 805517916.63
- Algo: flatter | Updated 683/720 | Mean std_B: 806540723.28
- Algo: flatter | Updated 682/720 | Mean std_B: 804090406.57
- Algo: flatter | Updated 686/720 | Mean std_B: 805664450.90
- Algo: flatter | Updated 673/720 | Mean std_B: 804181327.23
- Algo: flatter | Updated 677/720 | Mean std_B: 805148044.49
- Algo: flatter | Updated 683/720 | Mean std_B: 807194328.40
- Algo: flatter | Updated 686/720 | Mean std_B: 806274129.80
- Algo: flatter | Updated 686/720 | Mean std_B: 806035638.20
- Algo: flatter | Updated 681/720 | Mean std_B: 804457830.38
- Algo: flatter | Updated 687/720 | Mean std_B: 806003812.21
- Algo: flatter | Updated 681/720 | Mean std_B: 805507476.66
- Algo: flatter | Updated 694/720 | Mean std_B: 807474671.21
- Algo: flatter | Updated 677/720 | Mean std_B: 804238672.32
- Algo: flatter | Updated 685/720 | Mean std_B: 805148425.41
- Algo: flatter | Updated 685/720 | Mean std_B: 806077062.32
- Algo: flatter | Updated 682/720 | Mean std_B: 804197283.30
- Algo: flatter | Updated 687/720 | Mean std_B: 806210913.07
- Algo: flatter | Updated 681/720 | Mean std_B: 806019464.47
- Algo: flatter | Updated 688/720 | Mean std_B: 808460255.74
- Algo: flatter | Updated 683/720 | Mean std_B: 805546620.75
- Algo: flatter | Updated 692/720 | Mean std_B: 803971072.36
- Algo: flatter | Updated 686/720 | Mean std_B: 807559417.97
- Algo: flatter | Updated 679/720 | Mean std_B: 806179787.99
Tour 2 | Time: 12953.06s | Mean std_B: 805577819.71 | Reduction Factor: 0.6904 | Prob: 0.0885
- Algo: flatter | Updated 429/720 | Mean std_B: 822753906.22
- Algo: flatter | Updated 502/720 | Mean std_B: 816688446.97
- Algo: flatter | Updated 486/720 | Mean std_B: 813877019.06
- Algo: flatter | Updated 510/720 | Mean std_B: 814826699.71
- Algo: flatter | Updated 498/720 | Mean std_B: 814854317.89
- Algo: flatter | Updated 493/720 | Mean std_B: 817807503.49
- Algo: flatter | Updated 496/720 | Mean std_B: 815605457.64
- Algo: flatter | Updated 478/720 | Mean std_B: 816316413.34
- Algo: flatter | Updated 485/720 | Mean std_B: 816713861.19
- Algo: flatter | Updated 478/720 | Mean std_B: 818292197.91
- Algo: flatter | Updated 490/720 | Mean std_B: 816247075.24
- Algo: flatter | Updated 501/720 | Mean std_B: 816651043.82
- Algo: flatter | Updated 472/720 | Mean std_B: 819780748.84
- Algo: flatter | Updated 490/720 | Mean std_B: 817732444.42
- Algo: flatter | Updated 489/720 | Mean std_B: 818279111.96
- Algo: flatter | Updated 495/720 | Mean std_B: 814370922.40
- Algo: flatter | Updated 487/720 | Mean std_B: 818348556.68
- Algo: flatter | Updated 485/720 | Mean std_B: 817730004.84
- Algo: flatter | Updated 481/720 | Mean std_B: 819368737.54
- Algo: flatter | Updated 496/720 | Mean std_B: 814808833.35
- Algo: flatter | Updated 478/720 | Mean std_B: 816733640.83
- Algo: flatter | Updated 468/720 | Mean std_B: 817307325.86
- Algo: flatter | Updated 472/720 | Mean std_B: 818186135.90
- Algo: flatter | Updated 509/720 | Mean std_B: 816751770.73
- Algo: flatter | Updated 493/720 | Mean std_B: 812992722.96
- Algo: flatter | Updated 519/720 | Mean std_B: 813323916.88
- Algo: flatter | Updated 488/720 | Mean std_B: 815514314.17
- Algo: flatter | Updated 502/720 | Mean std_B: 814847500.03
- Algo: flatter | Updated 464/720 | Mean std_B: 817086427.14
- Algo: flatter | Updated 516/720 | Mean std_B: 814465317.68
- Algo: flatter | Updated 477/720 | Mean std_B: 818801898.26
- Algo: flatter | Updated 483/720 | Mean std_B: 816453681.80
- Algo: flatter | Updated 503/720 | Mean std_B: 814793158.19
- Algo: flatter | Updated 470/720 | Mean std_B: 819857561.08
- Algo: flatter | Updated 461/720 | Mean std_B: 818973935.33
- Algo: flatter | Updated 477/720 | Mean std_B: 818724997.82
- Algo: flatter | Updated 495/720 | Mean std_B: 817593119.24
- Algo: flatter | Updated 502/720 | Mean std_B: 815230900.50
- Algo: flatter | Updated 496/720 | Mean std_B: 814473816.71
- Algo: flatter | Updated 500/720 | Mean std_B: 815278704.71
- Algo: flatter | Updated 501/720 | Mean std_B: 816236072.98
- Algo: flatter | Updated 487/720 | Mean std_B: 817833279.57
- Algo: flatter | Updated 508/720 | Mean std_B: 815501519.86
- Algo: flatter | Updated 497/720 | Mean std_B: 814390632.38
- Algo: flatter | Updated 459/720 | Mean std_B: 818414663.27
- Algo: flatter | Updated 468/720 | Mean std_B: 820624767.52
- Algo: flatter | Updated 463/720 | Mean std_B: 817065341.52
- Algo: flatter | Updated 487/720 | Mean std_B: 815715020.85
- Algo: flatter | Updated 507/720 | Mean std_B: 814905421.52
- Algo: flatter | Updated 470/720 | Mean std_B: 817138770.46
- Algo: flatter | Updated 473/720 | Mean std_B: 819201382.92
- Algo: flatter | Updated 494/720 | Mean std_B: 814814994.38
- Algo: flatter | Updated 512/720 | Mean std_B: 812614847.82
- Algo: flatter | Updated 490/720 | Mean std_B: 815717154.45
- Algo: flatter | Updated 487/720 | Mean std_B: 815928513.67
- Algo: flatter | Updated 485/720 | Mean std_B: 816171008.74
- Algo: flatter | Updated 508/720 | Mean std_B: 816363838.40
- Algo: flatter | Updated 470/720 | Mean std_B: 818336077.63
- Algo: flatter | Updated 494/720 | Mean std_B: 814800151.07
- Algo: flatter | Updated 499/720 | Mean std_B: 815152029.71
- Algo: flatter | Updated 515/720 | Mean std_B: 814433735.63
- Algo: flatter | Updated 466/720 | Mean std_B: 819773254.45
- Algo: flatter | Updated 483/720 | Mean std_B: 817358174.16
Tour 3 | Time: 15692.32s | Mean std_B: 799090373.37 | Reduction Factor: 0.6847 | Prob: 0.0892
- Algo: flatter | Updated 124/720 | Mean std_B: 842384656.01
- Algo: flatter | Updated 138/720 | Mean std_B: 839028170.09
- Algo: flatter | Updated 99/720 | Mean std_B: 844096611.64
- Algo: flatter | Updated 101/720 | Mean std_B: 845705468.24
- Algo: flatter | Updated 89/720 | Mean std_B: 846331740.22
- Algo: flatter | Updated 119/720 | Mean std_B: 843874972.14
- Algo: flatter | Updated 101/720 | Mean std_B: 840305011.73
- Algo: flatter | Updated 126/720 | Mean std_B: 839034850.21
- Algo: flatter | Updated 101/720 | Mean std_B: 842633509.88
- Algo: flatter | Updated 98/720 | Mean std_B: 844339745.26
- Algo: flatter | Updated 109/720 | Mean std_B: 843372633.63
- Algo: flatter | Updated 101/720 | Mean std_B: 844601833.56
- Algo: flatter | Updated 100/720 | Mean std_B: 842882847.53
- Algo: flatter | Updated 101/720 | Mean std_B: 845028686.35
- Algo: flatter | Updated 128/720 | Mean std_B: 843560273.76
- Algo: flatter | Updated 106/720 | Mean std_B: 842886258.69
- Algo: flatter | Updated 97/720 | Mean std_B: 845637433.99
- Algo: flatter | Updated 125/720 | Mean std_B: 839475769.54
- Algo: flatter | Updated 113/720 | Mean std_B: 844377690.01
- Algo: flatter | Updated 109/720 | Mean std_B: 844019821.89
- Algo: flatter | Updated 100/720 | Mean std_B: 840181687.71
- Algo: flatter | Updated 120/720 | Mean std_B: 839073435.75
- Algo: flatter | Updated 122/720 | Mean std_B: 839687951.28
- Algo: flatter | Updated 111/720 | Mean std_B: 841068145.37
- Algo: flatter | Updated 99/720 | Mean std_B: 845806247.11
- Algo: flatter | Updated 104/720 | Mean std_B: 845343973.83
- Algo: flatter | Updated 110/720 | Mean std_B: 840541762.63
- Algo: flatter | Updated 155/720 | Mean std_B: 832615519.71
- Algo: flatter | Updated 128/720 | Mean std_B: 838609939.10
- Algo: flatter | Updated 104/720 | Mean std_B: 841928375.14
- Algo: flatter | Updated 133/720 | Mean std_B: 837507430.05
- Algo: flatter | Updated 115/720 | Mean std_B: 840205354.29
- Algo: flatter | Updated 112/720 | Mean std_B: 840350392.23
- Algo: flatter | Updated 114/720 | Mean std_B: 840671594.62
- Algo: flatter | Updated 113/720 | Mean std_B: 838607005.56
- Algo: flatter | Updated 97/720 | Mean std_B: 843953624.02
- Algo: flatter | Updated 82/720 | Mean std_B: 846336607.09
- Algo: flatter | Updated 90/720 | Mean std_B: 846414913.07
- Algo: flatter | Updated 116/720 | Mean std_B: 839719028.39
- Algo: flatter | Updated 121/720 | Mean std_B: 839740390.41
- Algo: flatter | Updated 90/720 | Mean std_B: 845819053.85
- Algo: flatter | Updated 94/720 | Mean std_B: 842891491.11
- Algo: flatter | Updated 93/720 | Mean std_B: 841851489.93
- Algo: flatter | Updated 116/720 | Mean std_B: 840261542.23
- Algo: flatter | Updated 102/720 | Mean std_B: 841477054.31
- Algo: flatter | Updated 101/720 | Mean std_B: 841536619.88
- Algo: flatter | Updated 114/720 | Mean std_B: 838658076.81
- Algo: flatter | Updated 103/720 | Mean std_B: 841402455.65
- Algo: flatter | Updated 118/720 | Mean std_B: 840501756.85
- Algo: flatter | Updated 101/720 | Mean std_B: 841962326.17
- Algo: flatter | Updated 137/720 | Mean std_B: 836275777.82
- Algo: flatter | Updated 129/720 | Mean std_B: 838628573.85
- Algo: flatter | Updated 114/720 | Mean std_B: 840783307.32
- Algo: flatter | Updated 109/720 | Mean std_B: 840476895.30
- Algo: flatter | Updated 126/720 | Mean std_B: 839295336.16
- Algo: flatter | Updated 100/720 | Mean std_B: 843139752.84
- Algo: flatter | Updated 113/720 | Mean std_B: 841513865.38
- Algo: flatter | Updated 129/720 | Mean std_B: 837125931.35
- Algo: flatter | Updated 163/720 | Mean std_B: 832827873.64
- Algo: flatter | Updated 122/720 | Mean std_B: 840221563.58
- Algo: flatter | Updated 115/720 | Mean std_B: 840525535.74
- Algo: flatter | Updated 122/720 | Mean std_B: 839587614.73
- Algo: flatter | Updated 101/720 | Mean std_B: 841309849.68
Tour 4 | Time: 18400.88s | Mean std_B: 797764422.36 | Reduction Factor: 0.6835 | Prob: 0.0894
- Algo: flatter | Updated 75/720 | Mean std_B: 849195344.49
- Algo: flatter | Updated 65/720 | Mean std_B: 848168719.98
- Algo: flatter | Updated 56/720 | Mean std_B: 861526909.42
- Algo: flatter | Updated 50/720 | Mean std_B: 852061726.43
- Algo: flatter | Updated 61/720 | Mean std_B: 851978927.57
- Algo: flatter | Updated 55/720 | Mean std_B: 860845049.64
- Algo: flatter | Updated 47/720 | Mean std_B: 855147758.15
- Algo: flatter | Updated 44/720 | Mean std_B: 857254709.11
- Algo: flatter | Updated 96/720 | Mean std_B: 846566917.16
- Algo: flatter | Updated 72/720 | Mean std_B: 847280450.91
- Algo: flatter | Updated 72/720 | Mean std_B: 851946267.74
- Algo: flatter | Updated 60/720 | Mean std_B: 852990737.53
- Algo: flatter | Updated 64/720 | Mean std_B: 853483664.33
- Algo: flatter | Updated 56/720 | Mean std_B: 854869528.50
- Algo: flatter | Updated 56/720 | Mean std_B: 853812341.73
- Algo: flatter | Updated 78/720 | Mean std_B: 851302484.00
- Algo: flatter | Updated 63/720 | Mean std_B: 853001771.46
- Algo: flatter | Updated 63/720 | Mean std_B: 849379240.88
- Algo: flatter | Updated 56/720 | Mean std_B: 855351072.25
- Algo: flatter | Updated 62/720 | Mean std_B: 852159341.19
- Algo: flatter | Updated 61/720 | Mean std_B: 853639895.10
- Algo: flatter | Updated 73/720 | Mean std_B: 851489626.13
- Algo: flatter | Updated 67/720 | Mean std_B: 854392048.73
- Algo: flatter | Updated 79/720 | Mean std_B: 847033603.07
- Algo: flatter | Updated 60/720 | Mean std_B: 856267590.31
- Algo: flatter | Updated 49/720 | Mean std_B: 854786249.38
- Algo: flatter | Updated 60/720 | Mean std_B: 844491968.55
- Algo: flatter | Updated 64/720 | Mean std_B: 854452848.13
- Algo: flatter | Updated 55/720 | Mean std_B: 854461422.52
- Algo: flatter | Updated 69/720 | Mean std_B: 852715259.58
- Algo: flatter | Updated 64/720 | Mean std_B: 850580399.26
- Algo: flatter | Updated 65/720 | Mean std_B: 850875245.49
- Algo: flatter | Updated 79/720 | Mean std_B: 847207066.47
- Algo: flatter | Updated 86/720 | Mean std_B: 844661370.18
- Algo: flatter | Updated 60/720 | Mean std_B: 856165044.41
- Algo: flatter | Updated 53/720 | Mean std_B: 854441090.00
- Algo: flatter | Updated 52/720 | Mean std_B: 858545325.91
- Algo: flatter | Updated 68/720 | Mean std_B: 851645891.05
- Algo: flatter | Updated 61/720 | Mean std_B: 856088820.29
- Algo: flatter | Updated 65/720 | Mean std_B: 851552380.42
- Algo: flatter | Updated 51/720 | Mean std_B: 858400039.42
- Algo: flatter | Updated 60/720 | Mean std_B: 853820247.24
- Algo: flatter | Updated 38/720 | Mean std_B: 851735374.00
- Algo: flatter | Updated 53/720 | Mean std_B: 855611080.46
- Algo: flatter | Updated 48/720 | Mean std_B: 854019225.84
- Algo: flatter | Updated 67/720 | Mean std_B: 848603637.82
- Algo: flatter | Updated 53/720 | Mean std_B: 857971609.25
- Algo: flatter | Updated 54/720 | Mean std_B: 850230036.76
- Algo: flatter | Updated 57/720 | Mean std_B: 850928081.97
- Algo: flatter | Updated 70/720 | Mean std_B: 854217333.34
- Algo: flatter | Updated 66/720 | Mean std_B: 850136434.23
- Algo: flatter | Updated 55/720 | Mean std_B: 851015937.07
- Algo: flatter | Updated 53/720 | Mean std_B: 858512591.97
- Algo: flatter | Updated 57/720 | Mean std_B: 855909195.51
- Algo: flatter | Updated 54/720 | Mean std_B: 854225407.20
- Algo: flatter | Updated 66/720 | Mean std_B: 850845950.22
- Algo: flatter | Updated 62/720 | Mean std_B: 856809208.26
- Algo: flatter | Updated 71/720 | Mean std_B: 846612735.31
- Algo: flatter | Updated 68/720 | Mean std_B: 853150983.21
- Algo: flatter | Updated 78/720 | Mean std_B: 848872367.93
- Algo: flatter | Updated 69/720 | Mean std_B: 853425406.28
- Algo: flatter | Updated 72/720 | Mean std_B: 845626002.58
- Algo: flatter | Updated 61/720 | Mean std_B: 849230907.11
Tour 5 | Time: 21089.65s | Mean std_B: 796966540.12 | Reduction Factor: 0.6828 | Prob: 0.0894
- Algo: flatter | Updated 52/720 | Mean std_B: 862380358.66
- Algo: flatter | Updated 36/720 | Mean std_B: 864814650.60
- Algo: flatter | Updated 58/720 | Mean std_B: 868850791.64
- Algo: flatter | Updated 40/720 | Mean std_B: 874938459.28
- Algo: flatter | Updated 50/720 | Mean std_B: 866177267.03
- Algo: flatter | Updated 51/720 | Mean std_B: 865544022.85
- Algo: flatter | Updated 34/720 | Mean std_B: 868384132.61
- Algo: flatter | Updated 54/720 | Mean std_B: 857607750.04
- Algo: flatter | Updated 47/720 | Mean std_B: 864734696.38
- Algo: flatter | Updated 46/720 | Mean std_B: 869350279.14
- Algo: flatter | Updated 45/720 | Mean std_B: 870268330.14
- Algo: flatter | Updated 35/720 | Mean std_B: 861507027.33
- Algo: flatter | Updated 47/720 | Mean std_B: 864190509.65
- Algo: flatter | Updated 39/720 | Mean std_B: 858569993.27
- Algo: flatter | Updated 43/720 | Mean std_B: 864543691.39
- Algo: flatter | Updated 36/720 | Mean std_B: 870869243.98
- Algo: flatter | Updated 55/720 | Mean std_B: 861478546.06
- Algo: flatter | Updated 63/720 | Mean std_B: 860817078.61
- Algo: flatter | Updated 50/720 | Mean std_B: 870424345.55
- Algo: flatter | Updated 63/720 | Mean std_B: 864337943.93
- Algo: flatter | Updated 43/720 | Mean std_B: 867017156.87
- Algo: flatter | Updated 58/720 | Mean std_B: 864106727.54
- Algo: flatter | Updated 64/720 | Mean std_B: 855350211.39
- Algo: flatter | Updated 46/720 | Mean std_B: 867338307.29
- Algo: flatter | Updated 38/720 | Mean std_B: 861183409.10
- Algo: flatter | Updated 46/720 | Mean std_B: 865739506.94
- Algo: flatter | Updated 54/720 | Mean std_B: 859617961.46
- Algo: flatter | Updated 49/720 | Mean std_B: 866141438.25
- Algo: flatter | Updated 53/720 | Mean std_B: 863438971.74
- Algo: flatter | Updated 53/720 | Mean std_B: 857592258.30
- Algo: flatter | Updated 51/720 | Mean std_B: 865011765.45
- Algo: flatter | Updated 45/720 | Mean std_B: 861926562.50
- Algo: flatter | Updated 33/720 | Mean std_B: 861968705.14
- Algo: flatter | Updated 48/720 | Mean std_B: 864638222.43
- Algo: flatter | Updated 44/720 | Mean std_B: 859422414.38
- Algo: flatter | Updated 37/720 | Mean std_B: 865875953.63
- Algo: flatter | Updated 46/720 | Mean std_B: 869296103.37
- Algo: flatter | Updated 45/720 | Mean std_B: 863162880.85
- Algo: flatter | Updated 46/720 | Mean std_B: 864098050.00
- Algo: flatter | Updated 46/720 | Mean std_B: 869553303.16
- Algo: flatter | Updated 52/720 | Mean std_B: 869576732.30
- Algo: flatter | Updated 48/720 | Mean std_B: 866961859.97
- Algo: flatter | Updated 45/720 | Mean std_B: 865709793.96
- Algo: flatter | Updated 50/720 | Mean std_B: 865817427.59
- Algo: flatter | Updated 57/720 | Mean std_B: 860299919.73
- Algo: flatter | Updated 48/720 | Mean std_B: 861644949.15
- Algo: flatter | Updated 47/720 | Mean std_B: 859069384.69
- Algo: flatter | Updated 51/720 | Mean std_B: 872112448.92
- Algo: flatter | Updated 49/720 | Mean std_B: 867840814.80
- Algo: flatter | Updated 48/720 | Mean std_B: 866618353.09
- Algo: flatter | Updated 41/720 | Mean std_B: 870884100.23
- Algo: flatter | Updated 44/720 | Mean std_B: 863603935.24
- Algo: flatter | Updated 40/720 | Mean std_B: 861916745.90
- Algo: flatter | Updated 48/720 | Mean std_B: 864665306.28
- Algo: flatter | Updated 49/720 | Mean std_B: 865654540.20
- Algo: flatter | Updated 62/720 | Mean std_B: 861324996.29
- Algo: flatter | Updated 45/720 | Mean std_B: 866990310.89
- Algo: flatter | Updated 50/720 | Mean std_B: 866396883.73
- Algo: flatter | Updated 39/720 | Mean std_B: 862124458.60
- Algo: flatter | Updated 65/720 | Mean std_B: 858737443.80
- Algo: flatter | Updated 61/720 | Mean std_B: 862852525.85
- Algo: flatter | Updated 39/720 | Mean std_B: 859176609.74
- Algo: flatter | Updated 56/720 | Mean std_B: 868351923.52
Tour 6 | Time: 23763.50s | Mean std_B: 796335608.66 | Reduction Factor: 0.6823 | Prob: 0.0895
- Algo: flatter | Updated 47/720 | Mean std_B: 871903767.82
- Flatter stall after: 3, updating...
- Algo: flatter | Updated 45/720 | Mean std_B: 879586309.94
- Flatter stall after: 3, updating...
- Algo: flatter | Updated 40/720 | Mean std_B: 881330730.70
- Flatter stall after: 3, updating...
- Algo: flatter | Updated 42/720 | Mean std_B: 881368551.95
- Flatter stall after: 3, updating...
- Algo: flatter | Updated 44/720 | Mean std_B: 877702468.75
- Flatter stall after: 3, updating...
- Algo: flatter | Updated 47/720 | Mean std_B: 875887468.64
- Flatter stall after: 3, updating...
- Algo: flatter | Updated 43/720 | Mean std_B: 877204562.80
- Algo: flatter | Updated 38/720 | Mean std_B: 873254880.50
- Flatter stall after: 3, updating...
- Algo: flatter | Updated 34/720 | Mean std_B: 867748853.47
- Flatter stall after: 3, updating...
- Algo: flatter | Updated 38/720 | Mean std_B: 875525640.02
- Flatter stall after: 3, updating...
- Algo: flatter | Updated 47/720 | Mean std_B: 881600238.96
- Flatter stall after: 3, updating...
- Algo: flatter | Updated 31/720 | Mean std_B: 871069646.50
- Flatter stall after: 3, updating...
- Algo: flatter | Updated 47/720 | Mean std_B: 874912388.95
- Flatter stall after: 3, updating...
- Algo: flatter | Updated 40/720 | Mean std_B: 868526734.95
- Flatter stall after: 3, updating...
- Algo: flatter | Updated 40/720 | Mean std_B: 873215869.77
- Flatter stall after: 3, updating...
- Algo: flatter | Updated 31/720 | Mean std_B: 878760080.81
- Flatter stall after: 3, updating...
- Algo: flatter | Updated 42/720 | Mean std_B: 875738250.55
- Flatter stall after: 3, updating...
- Algo: flatter | Updated 34/720 | Mean std_B: 884074273.72
- Flatter stall after: 3, updating...
- Algo: flatter | Updated 40/720 | Mean std_B: 879240145.30
- Flatter stall after: 3, updating...
- Algo: flatter | Updated 56/720 | Mean std_B: 877334844.31
- Flatter stall after: 3, updating...
- Algo: flatter | Updated 51/720 | Mean std_B: 882717505.87
- Flatter stall after: 3, updating...
- Algo: flatter | Updated 50/720 | Mean std_B: 881416615.13
- Flatter stall after: 3, updating...
- Algo: flatter | Updated 45/720 | Mean std_B: 880538310.38
- Flatter stall after: 3, updating...
- Algo: flatter | Updated 51/720 | Mean std_B: 873292208.03
- Flatter stall after: 3, updating...
- Algo: flatter | Updated 43/720 | Mean std_B: 872748728.92
- Flatter stall after: 3, updating...
- Algo: flatter | Updated 43/720 | Mean std_B: 879226530.14
- Flatter stall after: 3, updating...
- Algo: flatter | Updated 47/720 | Mean std_B: 885504811.64
- Flatter stall after: 3, updating...
- Algo: flatter | Updated 37/720 | Mean std_B: 875245864.18
- Flatter stall after: 3, updating...
- Algo: flatter | Updated 47/720 | Mean std_B: 884229917.08
- Flatter stall after: 3, updating...
- Algo: flatter | Updated 51/720 | Mean std_B: 873447913.55
- Flatter stall after: 3, updating...
- Algo: flatter | Updated 42/720 | Mean std_B: 878984335.06
- Flatter stall after: 3, updating...
- Algo: flatter | Updated 53/720 | Mean std_B: 878061770.63
- Flatter stall after: 3, updating...
- Algo: flatter | Updated 51/720 | Mean std_B: 871072597.34
- Algo: flatter | Updated 34/720 | Mean std_B: 873777475.69
- Flatter stall after: 3, updating...
- Algo: flatter | Updated 33/720 | Mean std_B: 871944376.60
- Flatter stall after: 3, updating...
- Algo: flatter | Updated 42/720 | Mean std_B: 869972960.20
- Algo: flatter | Updated 45/720 | Mean std_B: 878281223.45
- Flatter stall after: 3, updating...
- Algo: flatter | Updated 34/720 | Mean std_B: 871582475.16
- Flatter stall after: 3, updating...
- Algo: flatter | Updated 35/720 | Mean std_B: 870131244.20
- Flatter stall after: 3, updating...
- Algo: flatter | Updated 57/720 | Mean std_B: 870245879.23
- Flatter stall after: 3, updating...
- Algo: flatter | Updated 52/720 | Mean std_B: 877968647.24
- Algo: flatter | Updated 44/720 | Mean std_B: 884703240.41
- Flatter stall after: 3, updating...
- Algo: flatter | Updated 39/720 | Mean std_B: 875710685.74
- Flatter stall after: 3, updating...
- Algo: flatter | Updated 46/720 | Mean std_B: 874628299.24
- Algo: flatter | Updated 49/720 | Mean std_B: 878351999.14
- Algo: flatter | Updated 48/720 | Mean std_B: 874855101.96
- Flatter stall after: 3, updating...
- Algo: flatter | Updated 46/720 | Mean std_B: 882670006.84
- Flatter stall after: 3, updating...
- Algo: flatter | Updated 36/720 | Mean std_B: 870907465.08
- Flatter stall after: 3, updating...
- Algo: flatter | Updated 38/720 | Mean std_B: 874045195.14
- Algo: flatter | Updated 44/720 | Mean std_B: 872444451.47
- Flatter stall after: 3, updating...
- Algo: flatter | Updated 37/720 | Mean std_B: 872905897.61
- Algo: flatter | Updated 39/720 | Mean std_B: 874355405.07
- Flatter stall after: 3, updating...
- Algo: flatter | Updated 43/720 | Mean std_B: 875898345.75
- Algo: flatter | Updated 32/720 | Mean std_B: 875411575.07
- Flatter stall after: 3, updating...
- Algo: flatter | Updated 32/720 | Mean std_B: 882625406.00
- Flatter stall after: 3, updating...
- Algo: flatter | Updated 35/720 | Mean std_B: 875855331.47
- Flatter stall after: 3, updating...
- Algo: flatter | Updated 44/720 | Mean std_B: 876697508.81
- Flatter stall after: 3, updating...
- Algo: flatter | Updated 30/720 | Mean std_B: 874453108.74
- Algo: flatter | Updated 45/720 | Mean std_B: 874070051.80
- Flatter stall after: 3, updating...
- Algo: flatter | Updated 53/720 | Mean std_B: 882393944.57
- Flatter stall after: 3, updating...
- Algo: flatter | Updated 42/720 | Mean std_B: 874407506.11
- Algo: flatter | Updated 38/720 | Mean std_B: 874712883.22
- Flatter stall after: 3, updating...
- Algo: flatter | Updated 50/720 | Mean std_B: 875166097.00
- Flatter stall after: 3, updating...
Tour 7 | Time: 26480.82s | Mean std_B: 795766617.75 | Reduction Factor: 0.6818 | Prob: 0.0896
- Algo: flatter | Updated 38/720 | Mean std_B: 882981287.96
- Flatter stall after: 2, updating...
- Algo: flatter | Updated 29/720 | Mean std_B: 881402259.32
- Flatter stall after: 2, updating...
- Algo: flatter | Updated 55/720 | Mean std_B: 887787008.39
- Flatter stall after: 2, updating...
- Algo: flatter | Updated 38/720 | Mean std_B: 880738416.47
- Flatter stall after: 2, updating...
- Algo: flatter | Updated 45/720 | Mean std_B: 883120226.65
- Flatter stall after: 2, updating...
- Algo: flatter | Updated 41/720 | Mean std_B: 881520109.09
- Flatter stall after: 2, updating...
- Algo: flatter | Updated 36/720 | Mean std_B: 882508418.78
- Flatter stall after: 2, updating...
- Algo: flatter | Updated 38/720 | Mean std_B: 879361587.93
- Flatter stall after: 2, updating...
- Algo: flatter | Updated 42/720 | Mean std_B: 880830717.07
- Flatter stall after: 2, updating...
- Algo: flatter | Updated 37/720 | Mean std_B: 889770327.60
- Flatter stall after: 2, updating...
- Algo: flatter | Updated 32/720 | Mean std_B: 881196970.58
- Flatter stall after: 2, updating...
- Algo: bkz2.0_20 | Updated 452/734 | Mean std_B: 805060156.51
- Algo: bkz2.0_20 | Updated 413/734 | Mean std_B: 806969503.00
- Algo: bkz2.0_20 | Updated 426/733 | Mean std_B: 806531592.81
- Algo: bkz2.0_20 | Updated 432/733 | Mean std_B: 806655342.45
- Algo: bkz2.0_20 | Updated 448/736 | Mean std_B: 805363303.10
- Algo: bkz2.0_20 | Updated 417/734 | Mean std_B: 805399713.37
- Algo: bkz2.0_20 | Updated 437/731 | Mean std_B: 808035526.48
- Algo: bkz2.0_20 | Updated 443/735 | Mean std_B: 806346903.82
- Algo: bkz2.0_20 | Updated 491/731 | Mean std_B: 802526227.57
- Algo: bkz2.0_20 | Updated 456/732 | Mean std_B: 806786250.25
- Algo: bkz2.0_20 | Updated 426/733 | Mean std_B: 806673150.40
- Algo: bkz2.0_20 | Updated 417/732 | Mean std_B: 808705335.19
- Algo: bkz2.0_20 | Updated 445/736 | Mean std_B: 804404304.75
- Algo: bkz2.0_20 | Updated 467/734 | Mean std_B: 803507054.58
- Algo: bkz2.0_20 | Updated 486/736 | Mean std_B: 803159734.98
- Algo: bkz2.0_20 | Updated 430/735 | Mean std_B: 804835950.34
- Algo: bkz2.0_20 | Updated 433/732 | Mean std_B: 805892162.91
- Algo: bkz2.0_20 | Updated 436/735 | Mean std_B: 808613220.01
- Algo: bkz2.0_20 | Updated 442/734 | Mean std_B: 805220944.95
- Algo: bkz2.0_20 | Updated 459/733 | Mean std_B: 803475730.65
- Algo: bkz2.0_20 | Updated 461/734 | Mean std_B: 803317976.54
- Algo: bkz2.0_20 | Updated 465/732 | Mean std_B: 806009396.28
- Algo: bkz2.0_20 | Updated 468/734 | Mean std_B: 803802566.07
- Algo: bkz2.0_20 | Updated 457/732 | Mean std_B: 806912608.14
- Algo: bkz2.0_20 | Updated 442/735 | Mean std_B: 805319961.96
- Algo: bkz2.0_20 | Updated 438/734 | Mean std_B: 806845396.78
- Algo: bkz2.0_20 | Updated 443/734 | Mean std_B: 805628523.40
- Algo: bkz2.0_20 | Updated 453/734 | Mean std_B: 805780996.09
- Algo: bkz2.0_20 | Updated 451/733 | Mean std_B: 803050121.59
- Algo: bkz2.0_20 | Updated 485/732 | Mean std_B: 803234218.77
- Algo: bkz2.0_20 | Updated 415/733 | Mean std_B: 808157784.66
- Algo: bkz2.0_20 | Updated 467/734 | Mean std_B: 804550031.99
- Algo: bkz2.0_20 | Updated 450/733 | Mean std_B: 806660149.86
- Algo: bkz2.0_20 | Updated 473/736 | Mean std_B: 801324057.30
- Algo: bkz2.0_20 | Updated 410/732 | Mean std_B: 810810272.34
- Algo: bkz2.0_20 | Updated 472/732 | Mean std_B: 804702257.48
- Algo: bkz2.0_20 | Updated 461/733 | Mean std_B: 804031493.48
- Algo: bkz2.0_20 | Updated 446/735 | Mean std_B: 803290515.95
- Algo: bkz2.0_20 | Updated 461/736 | Mean std_B: 802080944.99
- Algo: bkz2.0_20 | Updated 443/734 | Mean std_B: 805703771.63
- Algo: bkz2.0_20 | Updated 431/734 | Mean std_B: 807193523.64
- Algo: bkz2.0_20 | Updated 446/735 | Mean std_B: 805169371.00
- Algo: bkz2.0_20 | Updated 447/731 | Mean std_B: 804704489.23
- Algo: bkz2.0_20 | Updated 451/735 | Mean std_B: 807046466.04
- Algo: bkz2.0_20 | Updated 495/734 | Mean std_B: 800888354.23
- Algo: bkz2.0_20 | Updated 461/734 | Mean std_B: 802143209.81
- Algo: bkz2.0_20 | Updated 484/734 | Mean std_B: 802557252.25
- Algo: bkz2.0_20 | Updated 465/734 | Mean std_B: 803892707.48
- Algo: bkz2.0_20 | Updated 449/733 | Mean std_B: 807083846.19
- Algo: bkz2.0_20 | Updated 467/734 | Mean std_B: 803199175.38
- Algo: bkz2.0_20 | Updated 448/733 | Mean std_B: 806489358.46
- Algo: bkz2.0_20 | Updated 455/734 | Mean std_B: 805298183.16
Tour 8 | Time: 41217.33s | Mean std_B: 790257639.45 | Reduction Factor: 0.6770 | Prob: 0.0902
- Algo: bkz2.0_20 | Updated 359/736 | Mean std_B: 804120897.39
- Algo: bkz2.0_20 | Updated 350/732 | Mean std_B: 805233278.31
- Algo: bkz2.0_20 | Updated 345/735 | Mean std_B: 808654881.25
- Algo: bkz2.0_20 | Updated 358/735 | Mean std_B: 804087156.90
- Algo: bkz2.0_20 | Updated 365/734 | Mean std_B: 805035947.99
- Algo: bkz2.0_20 | Updated 372/735 | Mean std_B: 803086254.85
- Algo: bkz2.0_20 | Updated 390/735 | Mean std_B: 804211193.07
- Algo: bkz2.0_20 | Updated 376/735 | Mean std_B: 802423882.70
- Algo: bkz2.0_20 | Updated 375/736 | Mean std_B: 803512466.49
- Algo: bkz2.0_20 | Updated 385/736 | Mean std_B: 803549815.56
- Algo: bkz2.0_20 | Updated 412/735 | Mean std_B: 800691993.53
- Algo: bkz2.0_20 | Updated 407/736 | Mean std_B: 801865200.70
- Algo: bkz2.0_20 | Updated 361/736 | Mean std_B: 803145919.25
- Algo: bkz2.0_20 | Updated 343/735 | Mean std_B: 805560553.12
- Algo: bkz2.0_20 | Updated 378/737 | Mean std_B: 801983612.31
- Algo: bkz2.0_20 | Updated 356/735 | Mean std_B: 806088752.40
- Algo: bkz2.0_20 | Updated 394/735 | Mean std_B: 802966909.68
- Algo: bkz2.0_20 | Updated 376/736 | Mean std_B: 801722625.97
- Algo: bkz2.0_20 | Updated 363/736 | Mean std_B: 804798129.18
- Algo: bkz2.0_20 | Updated 345/736 | Mean std_B: 802961406.26
- Algo: bkz2.0_20 | Updated 381/738 | Mean std_B: 803386683.66
- Algo: bkz2.0_20 | Updated 386/735 | Mean std_B: 803123891.65
- Algo: bkz2.0_20 | Updated 347/735 | Mean std_B: 806169539.45
- Algo: bkz2.0_20 | Updated 364/736 | Mean std_B: 804869004.59
- Algo: bkz2.0_20 | Updated 341/735 | Mean std_B: 807938700.31
- Algo: bkz2.0_20 | Updated 377/738 | Mean std_B: 800888494.60
- Algo: bkz2.0_20 | Updated 352/736 | Mean std_B: 806769802.43
- Algo: bkz2.0_20 | Updated 348/735 | Mean std_B: 807172913.91
- Algo: bkz2.0_20 | Updated 342/737 | Mean std_B: 805890501.52
- Algo: bkz2.0_20 | Updated 369/735 | Mean std_B: 803156370.56
- Algo: bkz2.0_20 | Updated 380/738 | Mean std_B: 802485372.42
- Algo: bkz2.0_20 | Updated 348/732 | Mean std_B: 808328516.02
- Algo: bkz2.0_20 | Updated 405/735 | Mean std_B: 802001674.52
- Algo: bkz2.0_20 | Updated 355/734 | Mean std_B: 805644600.56
- Algo: bkz2.0_20 | Updated 367/736 | Mean std_B: 801170207.86
- Algo: bkz2.0_20 | Updated 377/736 | Mean std_B: 804800968.06
- Algo: bkz2.0_20 | Updated 365/736 | Mean std_B: 803837409.91
- Algo: bkz2.0_20 | Updated 349/732 | Mean std_B: 806172563.82
- Algo: bkz2.0_20 | Updated 338/736 | Mean std_B: 808042746.24
- Algo: bkz2.0_20 | Updated 332/735 | Mean std_B: 805239482.93
- Algo: bkz2.0_20 | Updated 383/734 | Mean std_B: 801315224.47
- Algo: bkz2.0_20 | Updated 364/735 | Mean std_B: 803542975.81
- Algo: bkz2.0_20 | Updated 374/736 | Mean std_B: 803607163.44
- Algo: bkz2.0_20 | Updated 392/735 | Mean std_B: 801944540.88
- Algo: bkz2.0_20 | Updated 363/736 | Mean std_B: 804581470.91
- Algo: bkz2.0_20 | Updated 372/737 | Mean std_B: 803069613.15
- Algo: bkz2.0_20 | Updated 388/735 | Mean std_B: 803558699.63
- Algo: bkz2.0_20 | Updated 399/734 | Mean std_B: 800040074.39
- Algo: bkz2.0_20 | Updated 339/735 | Mean std_B: 807814208.26
- Algo: bkz2.0_20 | Updated 387/737 | Mean std_B: 802095285.83
- Algo: bkz2.0_20 | Updated 391/738 | Mean std_B: 802201236.73
- Algo: bkz2.0_20 | Updated 378/735 | Mean std_B: 803382212.96
- Algo: bkz2.0_20 | Updated 453/734 | Mean std_B: 802399496.15
- Algo: bkz2.0_20 | Updated 431/733 | Mean std_B: 804132461.56
- Algo: bkz2.0_20 | Updated 466/734 | Mean std_B: 802853150.26
- Algo: bkz2.0_20 | Updated 463/733 | Mean std_B: 803390397.29
- Algo: bkz2.0_20 | Updated 442/735 | Mean std_B: 804486074.06
- Algo: bkz2.0_20 | Updated 461/735 | Mean std_B: 803169581.54
- Algo: bkz2.0_20 | Updated 472/733 | Mean std_B: 801980827.33
- Algo: bkz2.0_20 | Updated 477/734 | Mean std_B: 800488814.45
- Algo: bkz2.0_20 | Updated 412/734 | Mean std_B: 807078227.58
- Algo: bkz2.0_20 | Updated 431/734 | Mean std_B: 805658432.35
- Algo: bkz2.0_20 | Updated 477/734 | Mean std_B: 803646359.01
Tour 9 | Time: 50964.62s | Mean std_B: 785241596.32 | Reduction Factor: 0.6726 | Prob: 0.0908
- Algo: bkz2.0_20 | Updated 282/736 | Mean std_B: 804779640.46
- Algo: bkz2.0_20 | Updated 404/736 | Mean std_B: 800952577.95
- Algo: bkz2.0_20 | Updated 303/734 | Mean std_B: 804087644.22
- Algo: bkz2.0_20 | Updated 311/737 | Mean std_B: 800056969.83
- Algo: bkz2.0_20 | Updated 293/736 | Mean std_B: 803890284.26
- Algo: bkz2.0_20 | Updated 283/736 | Mean std_B: 805272968.42
- Algo: bkz2.0_20 | Updated 300/736 | Mean std_B: 803095845.51
- Algo: bkz2.0_20 | Updated 314/736 | Mean std_B: 803613088.49
- Algo: bkz2.0_20 | Updated 333/738 | Mean std_B: 801321589.38
- Algo: bkz2.0_20 | Updated 282/736 | Mean std_B: 806281570.67
- Algo: bkz2.0_20 | Updated 322/736 | Mean std_B: 802273124.59
- Algo: bkz2.0_20 | Updated 388/737 | Mean std_B: 801372704.17
- Algo: bkz2.0_20 | Updated 285/734 | Mean std_B: 802476359.26
- Algo: bkz2.0_20 | Updated 319/734 | Mean std_B: 802845488.58
- Algo: bkz2.0_20 | Updated 305/737 | Mean std_B: 802514213.18
- Algo: bkz2.0_20 | Updated 286/733 | Mean std_B: 804375898.00
- Algo: bkz2.0_20 | Updated 337/735 | Mean std_B: 801695437.43
- Algo: bkz2.0_20 | Updated 381/737 | Mean std_B: 802551971.45
- Algo: bkz2.0_20 | Updated 276/735 | Mean std_B: 804252006.83
- Algo: bkz2.0_20 | Updated 294/735 | Mean std_B: 805439136.17
- Algo: bkz2.0_20 | Updated 302/737 | Mean std_B: 803067475.46
- Algo: bkz2.0_20 | Updated 321/737 | Mean std_B: 800323365.72
- Algo: bkz2.0_20 | Updated 314/735 | Mean std_B: 801562204.51
- Algo: bkz2.0_20 | Updated 297/737 | Mean std_B: 803272293.71
- Algo: bkz2.0_20 | Updated 322/736 | Mean std_B: 803228448.28
- Algo: bkz2.0_20 | Updated 362/736 | Mean std_B: 804212282.58
- Algo: bkz2.0_20 | Updated 307/736 | Mean std_B: 805415746.60
- Algo: bkz2.0_20 | Updated 330/734 | Mean std_B: 801665827.18
- Algo: bkz2.0_20 | Updated 300/737 | Mean std_B: 802801878.17
- Algo: bkz2.0_20 | Updated 358/737 | Mean std_B: 802183622.19
- Algo: bkz2.0_20 | Updated 295/735 | Mean std_B: 805950252.82
- Algo: bkz2.0_20 | Updated 353/733 | Mean std_B: 805519468.26
- Algo: bkz2.0_20 | Updated 327/738 | Mean std_B: 799205553.25
- Algo: bkz2.0_20 | Updated 281/737 | Mean std_B: 802279923.19
- Algo: bkz2.0_20 | Updated 321/736 | Mean std_B: 801783730.48
- Algo: bkz2.0_20 | Updated 388/734 | Mean std_B: 802162679.88
- Algo: bkz2.0_20 | Updated 326/737 | Mean std_B: 800590966.26
- Algo: bkz2.0_20 | Updated 291/736 | Mean std_B: 804957248.16
- Algo: bkz2.0_20 | Updated 283/736 | Mean std_B: 806190216.92
- Algo: bkz2.0_20 | Updated 291/735 | Mean std_B: 804958670.47
- Algo: bkz2.0_20 | Updated 320/736 | Mean std_B: 802094040.52
- Algo: bkz2.0_20 | Updated 298/737 | Mean std_B: 804747452.71
- Algo: bkz2.0_20 | Updated 310/735 | Mean std_B: 801821921.42
- Algo: bkz2.0_20 | Updated 308/736 | Mean std_B: 802468315.67
- Algo: bkz2.0_20 | Updated 382/738 | Mean std_B: 799428787.93
- Algo: bkz2.0_20 | Updated 313/734 | Mean std_B: 802669437.15
- Algo: bkz2.0_20 | Updated 319/736 | Mean std_B: 802869840.93
- Algo: bkz2.0_20 | Updated 294/737 | Mean std_B: 803901835.08
- Algo: bkz2.0_20 | Updated 328/737 | Mean std_B: 800008613.35
- Algo: bkz2.0_20 | Updated 393/736 | Mean std_B: 801791150.49
- Algo: bkz2.0_20 | Updated 304/735 | Mean std_B: 806439369.14
- Algo: bkz2.0_20 | Updated 312/736 | Mean std_B: 802589987.90
- Algo: bkz2.0_20 | Updated 326/736 | Mean std_B: 801859963.75
- Algo: bkz2.0_20 | Updated 299/736 | Mean std_B: 803160460.34
- Algo: bkz2.0_20 | Updated 373/737 | Mean std_B: 801739524.41
- Algo: bkz2.0_20 | Updated 297/734 | Mean std_B: 805252968.53
- Algo: bkz2.0_20 | Updated 305/736 | Mean std_B: 801847304.51
- Algo: bkz2.0_20 | Updated 287/735 | Mean std_B: 807097161.26
- Algo: bkz2.0_20 | Updated 309/736 | Mean std_B: 803553165.16
- Algo: bkz2.0_20 | Updated 279/736 | Mean std_B: 804713650.12
- Algo: bkz2.0_20 | Updated 298/737 | Mean std_B: 804429513.96
- Algo: bkz2.0_20 | Updated 304/734 | Mean std_B: 805937791.08
- Algo: bkz2.0_20 | Updated 377/734 | Mean std_B: 801454582.84
Tour 10 | Time: 53974.77s | Mean std_B: 781481059.70 | Reduction Factor: 0.6694 | Prob: 0.0912
- Algo: bkz2.0_20 | Updated 331/736 | Mean std_B: 799052494.63
- Algo: bkz2.0_20 | Updated 266/736 | Mean std_B: 803085570.58
- Algo: bkz2.0_20 | Updated 270/737 | Mean std_B: 803186676.62
- Algo: bkz2.0_20 | Updated 256/734 | Mean std_B: 802687299.30
- Algo: bkz2.0_20 | Updated 333/738 | Mean std_B: 801963802.87
- Algo: bkz2.0_20 | Updated 293/737 | Mean std_B: 798197724.02
- Algo: bkz2.0_20 | Updated 248/738 | Mean std_B: 803521010.90
- Algo: bkz2.0_20 | Updated 260/736 | Mean std_B: 804531434.92
- Algo: bkz2.0_20 | Updated 261/737 | Mean std_B: 804477808.42
- Algo: bkz2.0_20 | Updated 270/738 | Mean std_B: 803546458.48
- Algo: bkz2.0_20 | Updated 335/737 | Mean std_B: 798490077.01
- Algo: bkz2.0_20 | Updated 292/738 | Mean std_B: 799397000.93
- Algo: bkz2.0_20 | Updated 293/734 | Mean std_B: 803358190.87
- Algo: bkz2.0_20 | Updated 278/738 | Mean std_B: 800672723.83
- Algo: bkz2.0_20 | Updated 311/737 | Mean std_B: 802665082.90
- Algo: bkz2.0_20 | Updated 260/737 | Mean std_B: 802395528.29
- Algo: bkz2.0_20 | Updated 254/737 | Mean std_B: 802119747.22
- Algo: bkz2.0_20 | Updated 264/736 | Mean std_B: 804855046.64
- Algo: bkz2.0_20 | Updated 261/738 | Mean std_B: 801268337.84
- Algo: bkz2.0_20 | Updated 264/738 | Mean std_B: 800956060.59
- Algo: bkz2.0_20 | Updated 266/738 | Mean std_B: 802086658.33
- Algo: bkz2.0_20 | Updated 278/738 | Mean std_B: 802380834.78
- Algo: bkz2.0_20 | Updated 253/738 | Mean std_B: 800972201.77
- Algo: bkz2.0_20 | Updated 308/738 | Mean std_B: 802009774.09
- Algo: bkz2.0_20 | Updated 269/737 | Mean std_B: 799772564.57
- Algo: bkz2.0_20 | Updated 268/734 | Mean std_B: 802767827.54
- Algo: bkz2.0_20 | Updated 322/737 | Mean std_B: 801497330.88
- Algo: bkz2.0_20 | Updated 294/737 | Mean std_B: 798719665.53
- Algo: bkz2.0_20 | Updated 234/733 | Mean std_B: 805047218.78
- Algo: bkz2.0_20 | Updated 255/737 | Mean std_B: 801987077.23
- Algo: bkz2.0_20 | Updated 262/736 | Mean std_B: 801757211.34
- Algo: bkz2.0_20 | Updated 245/735 | Mean std_B: 805283937.83
- Algo: bkz2.0_20 | Updated 273/738 | Mean std_B: 803837288.05
- Algo: bkz2.0_20 | Updated 291/738 | Mean std_B: 801151697.49
- Algo: bkz2.0_20 | Updated 272/736 | Mean std_B: 802595655.11
- Algo: bkz2.0_20 | Updated 225/734 | Mean std_B: 807229975.17
- Algo: bkz2.0_20 | Updated 240/736 | Mean std_B: 807341964.04
- Algo: bkz2.0_20 | Updated 256/736 | Mean std_B: 801891429.46
- Algo: bkz2.0_20 | Updated 276/737 | Mean std_B: 802443646.16
- Algo: bkz2.0_20 | Updated 277/734 | Mean std_B: 805003562.59
- Algo: bkz2.0_20 | Updated 245/736 | Mean std_B: 804319965.58
- Algo: bkz2.0_20 | Updated 257/735 | Mean std_B: 805371056.62
- Algo: bkz2.0_20 | Updated 306/737 | Mean std_B: 800730314.61
- Algo: bkz2.0_20 | Updated 275/734 | Mean std_B: 803016646.22
- Algo: bkz2.0_20 | Updated 272/737 | Mean std_B: 802190394.40
- Algo: bkz2.0_20 | Updated 260/737 | Mean std_B: 805180603.52
- Algo: bkz2.0_20 | Updated 243/738 | Mean std_B: 802854254.98
- Algo: bkz2.0_20 | Updated 282/737 | Mean std_B: 800866408.40
- Algo: bkz2.0_20 | Updated 203/735 | Mean std_B: 804650504.73
- Algo: bkz2.0_20 | Updated 278/737 | Mean std_B: 801832424.18
- Algo: bkz2.0_20 | Updated 252/736 | Mean std_B: 803144358.74
- Algo: bkz2.0_20 | Updated 260/737 | Mean std_B: 803131992.84
- Algo: bkz2.0_20 | Updated 270/737 | Mean std_B: 802691723.73
- Algo: bkz2.0_20 | Updated 272/736 | Mean std_B: 800597392.43
- Algo: bkz2.0_20 | Updated 285/736 | Mean std_B: 801273897.09
- Algo: bkz2.0_20 | Updated 304/738 | Mean std_B: 801392126.85
- Algo: bkz2.0_20 | Updated 311/736 | Mean std_B: 799028339.04
- Algo: bkz2.0_20 | Updated 290/736 | Mean std_B: 802140224.26
- Algo: bkz2.0_20 | Updated 269/736 | Mean std_B: 802706447.77
- Algo: bkz2.0_20 | Updated 283/738 | Mean std_B: 798797484.23
- Algo: bkz2.0_20 | Updated 251/737 | Mean std_B: 803152282.21
- Algo: bkz2.0_20 | Updated 284/736 | Mean std_B: 800335296.16
- Algo: bkz2.0_20 | Updated 303/737 | Mean std_B: 799891523.78
Tour 11 | Time: 56881.07s | Mean std_B: 778516294.01 | Reduction Factor: 0.6668 | Prob: 0.0916
- Algo: bkz2.0_20 | Updated 232/737 | Mean std_B: 798233130.32
- Algo: bkz2.0_20 | Updated 235/738 | Mean std_B: 799285727.03
- Algo: bkz2.0_20 | Updated 153/735 | Mean std_B: 806405906.38
- Algo: bkz2.0_20 | Updated 230/736 | Mean std_B: 800162567.82
- Algo: bkz2.0_20 | Updated 252/737 | Mean std_B: 800479728.10
- Algo: bkz2.0_20 | Updated 243/738 | Mean std_B: 801106726.19
- Algo: bkz2.0_20 | Updated 227/734 | Mean std_B: 804595630.26
- Algo: bkz2.0_20 | Updated 233/737 | Mean std_B: 802576302.80
- Algo: bkz2.0_20 | Updated 243/736 | Mean std_B: 801690473.53
- Algo: bkz2.0_20 | Updated 276/735 | Mean std_B: 801449164.63
- Algo: bkz2.0_20 | Updated 239/733 | Mean std_B: 802262618.27
- Algo: bkz2.0_20 | Updated 257/738 | Mean std_B: 798166452.10
- Algo: bkz2.0_20 | Updated 171/738 | Mean std_B: 802527177.57
- Algo: bkz2.0_20 | Updated 233/737 | Mean std_B: 800987778.24
- Algo: bkz2.0_20 | Updated 285/737 | Mean std_B: 798997173.19
- Algo: bkz2.0_20 | Updated 250/738 | Mean std_B: 798609366.45
- Algo: bkz2.0_20 | Updated 183/736 | Mean std_B: 801333508.54
- Algo: bkz2.0_20 | Updated 212/736 | Mean std_B: 802885231.34
- Algo: bkz2.0_20 | Updated 199/736 | Mean std_B: 804772238.87
- Algo: bkz2.0_20 | Updated 249/737 | Mean std_B: 799650218.64
- Algo: bkz2.0_20 | Updated 243/737 | Mean std_B: 800246259.93
- Algo: bkz2.0_20 | Updated 246/739 | Mean std_B: 799825025.46
- Algo: bkz2.0_20 | Updated 232/737 | Mean std_B: 802407463.13
- Algo: bkz2.0_20 | Updated 214/736 | Mean std_B: 803656424.60
- Algo: bkz2.0_20 | Updated 227/737 | Mean std_B: 804178969.61
- Algo: bkz2.0_20 | Updated 253/738 | Mean std_B: 800462994.89
- Algo: bkz2.0_20 | Updated 212/738 | Mean std_B: 800949618.53
- Algo: bkz2.0_20 | Updated 241/735 | Mean std_B: 801196865.44
- Algo: bkz2.0_20 | Updated 221/734 | Mean std_B: 803125921.53
- Algo: bkz2.0_20 | Updated 280/740 | Mean std_B: 801306370.13
- Algo: bkz2.0_20 | Updated 213/737 | Mean std_B: 802194661.38
- Algo: bkz2.0_20 | Updated 217/736 | Mean std_B: 806629974.84
- Algo: bkz2.0_20 | Updated 230/736 | Mean std_B: 802619498.57
- Algo: bkz2.0_20 | Updated 232/738 | Mean std_B: 801658584.98
- Algo: bkz2.0_20 | Updated 301/738 | Mean std_B: 799777693.63
- Algo: bkz2.0_20 | Updated 242/735 | Mean std_B: 803196849.21
- Algo: bkz2.0_20 | Updated 253/737 | Mean std_B: 800361527.52
- Algo: bkz2.0_20 | Updated 231/734 | Mean std_B: 802940756.21
- Algo: bkz2.0_20 | Updated 256/737 | Mean std_B: 800835517.37
- Algo: bkz2.0_20 | Updated 261/735 | Mean std_B: 804415174.56
- Algo: bkz2.0_20 | Updated 222/738 | Mean std_B: 801602727.16
- Algo: bkz2.0_20 | Updated 188/738 | Mean std_B: 800597995.07
- Algo: bkz2.0_20 | Updated 236/736 | Mean std_B: 802624170.33
- Algo: bkz2.0_20 | Updated 244/737 | Mean std_B: 800246105.23
- Algo: bkz2.0_20 | Updated 236/734 | Mean std_B: 804872427.03
- Algo: bkz2.0_20 | Updated 227/736 | Mean std_B: 801641272.12
- Algo: bkz2.0_20 | Updated 254/736 | Mean std_B: 798993094.97
- Algo: bkz2.0_20 | Updated 213/739 | Mean std_B: 804557933.33
- Algo: bkz2.0_20 | Updated 243/737 | Mean std_B: 801070859.81
- Algo: bkz2.0_20 | Updated 245/738 | Mean std_B: 800378122.88
- Algo: bkz2.0_20 | Updated 268/733 | Mean std_B: 800586610.51
- Algo: bkz2.0_20 | Updated 218/736 | Mean std_B: 804159805.70
- Algo: bkz2.0_20 | Updated 262/739 | Mean std_B: 801175216.39
- Algo: bkz2.0_20 | Updated 232/737 | Mean std_B: 800644039.27
- Algo: bkz2.0_20 | Updated 197/736 | Mean std_B: 802434985.11
- Algo: bkz2.0_20 | Updated 273/734 | Mean std_B: 801145231.52
- Algo: bkz2.0_20 | Updated 253/738 | Mean std_B: 798863642.75
- Algo: bkz2.0_20 | Updated 225/738 | Mean std_B: 803041373.03
- Algo: bkz2.0_20 | Updated 277/736 | Mean std_B: 798840640.35
- Algo: bkz2.0_20 | Updated 267/738 | Mean std_B: 800143328.51
- Algo: bkz2.0_20 | Updated 231/736 | Mean std_B: 802160374.48
- Algo: bkz2.0_20 | Updated 241/738 | Mean std_B: 802327171.29
- Algo: bkz2.0_20 | Updated 233/736 | Mean std_B: 801351181.26
Tour 12 | Time: 59589.02s | Mean std_B: 776066567.56 | Reduction Factor: 0.6647 | Prob: 0.0918
- Algo: bkz2.0_20 | Updated 215/737 | Mean std_B: 801233278.47
- Algo: bkz2.0_20 | Updated 199/738 | Mean std_B: 801123001.36
- Algo: bkz2.0_20 | Updated 212/739 | Mean std_B: 803139758.70
- Algo: bkz2.0_20 | Updated 215/738 | Mean std_B: 801789683.49
- Algo: bkz2.0_20 | Updated 191/733 | Mean std_B: 802873648.34
- Algo: bkz2.0_20 | Updated 244/736 | Mean std_B: 800903024.61
- Algo: bkz2.0_20 | Updated 150/736 | Mean std_B: 802547089.55
- Algo: bkz2.0_20 | Updated 153/736 | Mean std_B: 802447128.77
- Algo: bkz2.0_20 | Updated 223/740 | Mean std_B: 799338847.93
- Algo: bkz2.0_20 | Updated 207/736 | Mean std_B: 802670648.48
- Algo: bkz2.0_20 | Updated 206/736 | Mean std_B: 805084696.63
- Algo: bkz2.0_20 | Updated 218/738 | Mean std_B: 800684664.67
- Algo: bkz2.0_20 | Updated 205/738 | Mean std_B: 801683155.10
- Algo: bkz2.0_20 | Updated 211/738 | Mean std_B: 797291149.05
- Algo: bkz2.0_20 | Updated 219/736 | Mean std_B: 800680065.30
- Algo: bkz2.0_20 | Updated 153/738 | Mean std_B: 800219138.95
- Algo: bkz2.0_20 | Updated 214/735 | Mean std_B: 802005041.68
- Algo: bkz2.0_20 | Updated 222/737 | Mean std_B: 801882639.37
- Algo: bkz2.0_20 | Updated 183/736 | Mean std_B: 801174358.27
- Algo: bkz2.0_20 | Updated 238/737 | Mean std_B: 799225166.14
- Algo: bkz2.0_20 | Updated 196/735 | Mean std_B: 804534848.52
- Algo: bkz2.0_20 | Updated 173/735 | Mean std_B: 803896615.40
- Algo: bkz2.0_20 | Updated 217/734 | Mean std_B: 801847103.10
- Algo: bkz2.0_20 | Updated 148/738 | Mean std_B: 801853618.65
- Algo: bkz2.0_20 | Updated 139/734 | Mean std_B: 806088815.16
- Algo: bkz2.0_20 | Updated 203/737 | Mean std_B: 798648704.51
- Algo: bkz2.0_20 | Updated 218/737 | Mean std_B: 801255473.72
- Algo: bkz2.0_20 | Updated 209/735 | Mean std_B: 800588688.98
- Algo: bkz2.0_20 | Updated 187/739 | Mean std_B: 804253687.57
- Algo: bkz2.0_20 | Updated 204/738 | Mean std_B: 801022972.13
- Algo: bkz2.0_20 | Updated 196/735 | Mean std_B: 800919957.94
- Algo: bkz2.0_20 | Updated 231/738 | Mean std_B: 801339635.65
- Algo: bkz2.0_20 | Updated 197/736 | Mean std_B: 803340431.18
- Algo: bkz2.0_20 | Updated 186/740 | Mean std_B: 804259530.03
- Algo: bkz2.0_20 | Updated 198/737 | Mean std_B: 800641755.34
- Algo: bkz2.0_20 | Updated 203/736 | Mean std_B: 799784393.13
- Algo: bkz2.0_20 | Updated 225/737 | Mean std_B: 797464202.15
- Algo: bkz2.0_20 | Updated 213/738 | Mean std_B: 801415089.14
- Algo: bkz2.0_20 | Updated 214/737 | Mean std_B: 799877900.31
- Algo: bkz2.0_20 | Updated 242/736 | Mean std_B: 802700288.61
- Algo: bkz2.0_20 | Updated 207/737 | Mean std_B: 800301100.04
- Algo: bkz2.0_20 | Updated 202/738 | Mean std_B: 799368147.34
- Algo: bkz2.0_20 | Updated 221/737 | Mean std_B: 800633591.69
- Algo: bkz2.0_20 | Updated 214/738 | Mean std_B: 798934122.39
- Algo: bkz2.0_20 | Updated 220/737 | Mean std_B: 800961667.63
- Algo: bkz2.0_20 | Updated 247/737 | Mean std_B: 801601328.37
- Algo: bkz2.0_20 | Updated 230/735 | Mean std_B: 800192120.53
- Algo: bkz2.0_20 | Updated 201/737 | Mean std_B: 800973903.56
- Algo: bkz2.0_20 | Updated 177/736 | Mean std_B: 799800204.90
- Algo: bkz2.0_20 | Updated 216/736 | Mean std_B: 802084742.71
- Algo: bkz2.0_20 | Updated 205/737 | Mean std_B: 799365402.28
- Algo: bkz2.0_20 | Updated 208/738 | Mean std_B: 802346722.42
- Algo: bkz2.0_20 | Updated 203/736 | Mean std_B: 804034004.60
- Algo: bkz2.0_20 | Updated 198/737 | Mean std_B: 802276271.62
- Algo: bkz2.0_20 | Updated 238/736 | Mean std_B: 799187416.41
- Algo: bkz2.0_20 | Updated 218/740 | Mean std_B: 798974997.05
- Algo: bkz2.0_20 | Updated 237/737 | Mean std_B: 799612304.34
- Algo: bkz2.0_20 | Updated 247/740 | Mean std_B: 800310475.36
- Algo: bkz2.0_20 | Updated 143/738 | Mean std_B: 802374786.53
- Algo: bkz2.0_20 | Updated 241/739 | Mean std_B: 799187936.42
- Algo: bkz2.0_20 | Updated 203/737 | Mean std_B: 801248929.92
- Algo: bkz2.0_20 | Updated 224/737 | Mean std_B: 800485318.00
- Algo: bkz2.0_20 | Updated 181/737 | Mean std_B: 803963607.32
Tour 13 | Time: 62663.51s | Mean std_B: 774063586.26 | Reduction Factor: 0.6629 | Prob: 0.0921
- Algo: bkz2.0_20 | Updated 178/736 | Mean std_B: 804062316.41
- Algo: bkz2.0_20 | Updated 191/736 | Mean std_B: 804326073.40
- Algo: bkz2.0_20 | Updated 133/735 | Mean std_B: 803388365.18
- Algo: bkz2.0_20 | Updated 141/737 | Mean std_B: 803714639.32
- Algo: bkz2.0_20 | Updated 170/738 | Mean std_B: 801883560.49
- Algo: bkz2.0_20 | Updated 195/735 | Mean std_B: 802659880.92
- Algo: bkz2.0_20 | Updated 198/739 | Mean std_B: 800034655.26
- Algo: bkz2.0_20 | Updated 176/738 | Mean std_B: 801271377.59
- Algo: bkz2.0_20 | Updated 143/736 | Mean std_B: 802617397.65
- Algo: bkz2.0_20 | Updated 136/737 | Mean std_B: 801360257.01
- Algo: bkz2.0_20 | Updated 154/736 | Mean std_B: 801526349.11
- Algo: bkz2.0_20 | Updated 213/740 | Mean std_B: 799634330.84
- Algo: bkz2.0_20 | Updated 166/738 | Mean std_B: 802680657.31
- Algo: bkz2.0_20 | Updated 155/738 | Mean std_B: 799040117.51
- Algo: bkz2.0_20 | Updated 138/738 | Mean std_B: 802043672.16
- Algo: bkz2.0_20 | Updated 186/738 | Mean std_B: 799449483.79
- Algo: bkz2.0_20 | Updated 193/740 | Mean std_B: 798439673.04
- Algo: bkz2.0_20 | Updated 189/737 | Mean std_B: 797527423.69
- Algo: bkz2.0_20 | Updated 177/738 | Mean std_B: 800652486.07
- Algo: bkz2.0_20 | Updated 169/734 | Mean std_B: 803426462.81
- Algo: bkz2.0_20 | Updated 163/737 | Mean std_B: 801381047.35
- Algo: bkz2.0_20 | Updated 175/735 | Mean std_B: 801083285.07
- Algo: bkz2.0_20 | Updated 180/739 | Mean std_B: 798755625.14
- Algo: bkz2.0_20 | Updated 175/738 | Mean std_B: 800870296.38
- Algo: bkz2.0_20 | Updated 195/737 | Mean std_B: 799523883.60
- Algo: bkz2.0_20 | Updated 153/735 | Mean std_B: 803978124.98
- Algo: bkz2.0_20 | Updated 192/738 | Mean std_B: 800169154.06
- Algo: bkz2.0_20 | Updated 189/738 | Mean std_B: 801313441.07
- Algo: bkz2.0_20 | Updated 178/737 | Mean std_B: 801102167.39
- Algo: bkz2.0_20 | Updated 202/734 | Mean std_B: 801032720.54
- Algo: bkz2.0_20 | Updated 208/738 | Mean std_B: 800313383.07
- Algo: bkz2.0_20 | Updated 186/736 | Mean std_B: 804245627.32
- Algo: bkz2.0_20 | Updated 179/736 | Mean std_B: 800975484.47
- Algo: bkz2.0_20 | Updated 161/736 | Mean std_B: 799254997.10
- Algo: bkz2.0_20 | Updated 198/737 | Mean std_B: 799892611.28
- Algo: bkz2.0_20 | Updated 215/734 | Mean std_B: 800299006.50
- Algo: bkz2.0_20 | Updated 165/736 | Mean std_B: 802746195.00
- Algo: bkz2.0_20 | Updated 141/735 | Mean std_B: 802540029.07
- Algo: bkz2.0_20 | Updated 213/737 | Mean std_B: 798869440.36
- Algo: bkz2.0_20 | Updated 199/738 | Mean std_B: 796514975.52
- Algo: bkz2.0_20 | Updated 205/739 | Mean std_B: 800547319.51
- Algo: bkz2.0_20 | Updated 172/736 | Mean std_B: 800736856.18
- Algo: bkz2.0_20 | Updated 198/739 | Mean std_B: 799221268.31
- Algo: bkz2.0_20 | Updated 181/737 | Mean std_B: 801401979.33
- Algo: bkz2.0_20 | Updated 189/737 | Mean std_B: 801833915.86
- Algo: bkz2.0_20 | Updated 139/736 | Mean std_B: 801906144.57
- Algo: bkz2.0_20 | Updated 149/736 | Mean std_B: 801505699.76
- Algo: bkz2.0_20 | Updated 196/738 | Mean std_B: 796711485.82
- Algo: bkz2.0_20 | Updated 168/733 | Mean std_B: 802989356.18
- Algo: bkz2.0_20 | Updated 176/736 | Mean std_B: 804325481.74
- Algo: bkz2.0_20 | Updated 177/739 | Mean std_B: 804138413.52
- Algo: bkz2.0_20 | Updated 173/737 | Mean std_B: 800933950.63
- Algo: bkz2.0_20 | Updated 207/738 | Mean std_B: 799548503.89
- Algo: bkz2.0_20 | Updated 132/739 | Mean std_B: 804267379.48
- Algo: bkz2.0_20 | Updated 160/738 | Mean std_B: 800031818.06
- Algo: bkz2.0_20 | Updated 174/737 | Mean std_B: 804300570.37
- Algo: bkz2.0_20 | Updated 205/737 | Mean std_B: 799666837.35
- Algo: bkz2.0_20 | Updated 205/738 | Mean std_B: 798259456.96
- Algo: bkz2.0_20 | Updated 197/738 | Mean std_B: 799886032.83
- Algo: bkz2.0_20 | Updated 186/735 | Mean std_B: 800784069.55
- Algo: bkz2.0_20 | Updated 232/741 | Mean std_B: 797706466.21
- Algo: bkz2.0_20 | Updated 184/738 | Mean std_B: 799287404.41
- Algo: bkz2.0_20 | Updated 179/739 | Mean std_B: 803356193.01
Tour 14 | Time: 65073.57s | Mean std_B: 772409042.34 | Reduction Factor: 0.6615 | Prob: 0.0923
- Algo: bkz2.0_20 | Updated 141/738 | Mean std_B: 800408224.56
- Algo: bkz2.0_20 | Updated 144/735 | Mean std_B: 803155100.65
- Algo: bkz2.0_20 | Updated 165/737 | Mean std_B: 801786421.56
- Algo: bkz2.0_20 | Updated 191/739 | Mean std_B: 799176718.19
- Algo: bkz2.0_20 | Updated 135/736 | Mean std_B: 801174234.64
- Algo: bkz2.0_20 | Updated 155/736 | Mean std_B: 802423596.50
- Algo: bkz2.0_20 | Updated 195/739 | Mean std_B: 797369002.94
- Algo: bkz2.0_20 | Updated 164/735 | Mean std_B: 802853824.56
- Algo: bkz2.0_20 | Updated 126/737 | Mean std_B: 800989895.79
- Algo: bkz2.0_20 | Updated 126/738 | Mean std_B: 800814059.72
- Algo: bkz2.0_20 | Updated 158/737 | Mean std_B: 805410777.34
- Algo: bkz2.0_20 | Updated 164/737 | Mean std_B: 800523501.88
- Algo: bkz2.0_20 | Updated 169/738 | Mean std_B: 799582053.68
- Algo: bkz2.0_20 | Updated 183/739 | Mean std_B: 797433341.83
- Algo: bkz2.0_20 | Updated 180/736 | Mean std_B: 799137213.97
- Algo: bkz2.0_20 | Updated 166/736 | Mean std_B: 801658831.10
- Algo: bkz2.0_20 | Updated 161/737 | Mean std_B: 800753193.64
- Algo: bkz2.0_20 | Updated 184/739 | Mean std_B: 797615253.59
- Algo: bkz2.0_20 | Updated 158/736 | Mean std_B: 800658501.30
- Algo: bkz2.0_20 | Updated 112/739 | Mean std_B: 804426650.14
- Algo: bkz2.0_20 | Updated 183/737 | Mean std_B: 800086581.36
- Algo: bkz2.0_20 | Updated 165/737 | Mean std_B: 802466126.78
- Algo: bkz2.0_20 | Updated 152/735 | Mean std_B: 800514008.97
- Algo: bkz2.0_20 | Updated 154/739 | Mean std_B: 801513430.53
- Algo: bkz2.0_20 | Updated 146/737 | Mean std_B: 802780830.21
- Algo: bkz2.0_20 | Updated 122/737 | Mean std_B: 802619618.82
- Algo: bkz2.0_20 | Updated 128/736 | Mean std_B: 801723358.30
- Algo: bkz2.0_20 | Updated 190/741 | Mean std_B: 800721591.08
- Algo: bkz2.0_20 | Updated 170/739 | Mean std_B: 800746450.71
- Algo: bkz2.0_20 | Updated 178/738 | Mean std_B: 798683920.12
- Algo: bkz2.0_20 | Updated 193/739 | Mean std_B: 801499044.23
- Algo: bkz2.0_20 | Updated 144/735 | Mean std_B: 803038071.40
- Algo: bkz2.0_20 | Updated 166/737 | Mean std_B: 798175217.17
- Algo: bkz2.0_20 | Updated 161/736 | Mean std_B: 798656245.04
- Algo: bkz2.0_20 | Updated 180/737 | Mean std_B: 795894257.63
- Algo: bkz2.0_20 | Updated 179/738 | Mean std_B: 800316509.95
- Algo: bkz2.0_20 | Updated 152/736 | Mean std_B: 799589882.55
- Algo: bkz2.0_20 | Updated 181/736 | Mean std_B: 799303310.18
- Algo: bkz2.0_20 | Updated 133/734 | Mean std_B: 804278488.33
- Algo: bkz2.0_20 | Updated 134/737 | Mean std_B: 801606314.52
- Algo: bkz2.0_20 | Updated 152/736 | Mean std_B: 801524326.01
- Algo: bkz2.0_20 | Updated 134/733 | Mean std_B: 802019264.85
- Algo: bkz2.0_20 | Updated 196/738 | Mean std_B: 799388357.96
- Algo: bkz2.0_20 | Updated 146/738 | Mean std_B: 801047500.74
- Algo: bkz2.0_20 | Updated 183/740 | Mean std_B: 798001869.44
- Algo: bkz2.0_20 | Updated 135/736 | Mean std_B: 801445325.43
- Algo: bkz2.0_20 | Updated 179/736 | Mean std_B: 801711302.70
- Algo: bkz2.0_20 | Updated 170/738 | Mean std_B: 800157943.15
- Algo: bkz2.0_20 | Updated 205/738 | Mean std_B: 797382545.41
- Algo: bkz2.0_20 | Updated 172/735 | Mean std_B: 801819957.98
- Algo: bkz2.0_20 | Updated 183/737 | Mean std_B: 800211981.88
- Algo: bkz2.0_20 | Updated 123/737 | Mean std_B: 801304262.92
- Algo: bkz2.0_20 | Updated 174/738 | Mean std_B: 800967529.44
- Algo: bkz2.0_20 | Updated 160/737 | Mean std_B: 799796887.51
- Algo: bkz2.0_20 | Updated 170/739 | Mean std_B: 798188224.15
- Algo: bkz2.0_20 | Updated 166/738 | Mean std_B: 799097765.82
- Algo: bkz2.0_20 | Updated 164/735 | Mean std_B: 802307323.24
- Algo: bkz2.0_20 | Updated 206/741 | Mean std_B: 798114121.22
- Algo: bkz2.0_20 | Updated 182/737 | Mean std_B: 798354371.41
- Algo: bkz2.0_20 | Updated 172/737 | Mean std_B: 798936396.07
- Algo: bkz2.0_20 | Updated 191/738 | Mean std_B: 799174348.53
- Algo: bkz2.0_20 | Updated 150/739 | Mean std_B: 801910599.78
- Algo: bkz2.0_20 | Updated 167/734 | Mean std_B: 801101169.99
Tour 15 | Time: 67670.44s | Mean std_B: 770937820.20 | Reduction Factor: 0.6602 | Prob: 0.0925
- Algo: bkz2.0_20 | Updated 134/740 | Mean std_B: 799538411.96
- Algo: bkz2.0_20 | Updated 144/739 | Mean std_B: 799032273.37
- Algo: bkz2.0_20 | Updated 117/737 | Mean std_B: 800386128.10
- Algo: bkz2.0_20 | Updated 111/737 | Mean std_B: 802754120.08
- Algo: bkz2.0_20 | Updated 164/738 | Mean std_B: 803493280.53
- Algo: bkz2.0_20 | Updated 144/739 | Mean std_B: 797358311.93
- Algo: bkz2.0_20 | Updated 155/737 | Mean std_B: 798123369.84
- Algo: bkz2.0_20 | Updated 110/735 | Mean std_B: 803826210.65
- Algo: bkz2.0_20 | Updated 114/735 | Mean std_B: 800712729.75
- Algo: bkz2.0_20 | Updated 124/736 | Mean std_B: 799908759.85
- Algo: bkz2.0_20 | Updated 125/736 | Mean std_B: 802223237.43
- Algo: bkz2.0_20 | Updated 119/739 | Mean std_B: 801885051.69
- Algo: bkz2.0_20 | Updated 137/736 | Mean std_B: 800516812.77
- Algo: bkz2.0_20 | Updated 115/737 | Mean std_B: 802152166.87
- Algo: bkz2.0_20 | Updated 127/736 | Mean std_B: 801550996.45
- Algo: bkz2.0_20 | Updated 125/733 | Mean std_B: 802234293.61
- Algo: bkz2.0_20 | Updated 158/739 | Mean std_B: 796626213.86
- Algo: bkz2.0_20 | Updated 132/738 | Mean std_B: 801010740.64
- Algo: bkz2.0_20 | Updated 143/737 | Mean std_B: 801341783.51
- Algo: bkz2.0_20 | Updated 131/736 | Mean std_B: 801573874.72
- Algo: bkz2.0_20 | Updated 148/738 | Mean std_B: 800560876.85
- Algo: bkz2.0_20 | Updated 143/738 | Mean std_B: 803046068.82
- Algo: bkz2.0_20 | Updated 136/737 | Mean std_B: 802867218.68
- Algo: bkz2.0_20 | Updated 161/737 | Mean std_B: 800806205.66
- Algo: bkz2.0_20 | Updated 162/739 | Mean std_B: 801797513.52
- Algo: bkz2.0_20 | Updated 122/737 | Mean std_B: 799070813.65
- Algo: bkz2.0_20 | Updated 145/738 | Mean std_B: 799962765.82
- Algo: bkz2.0_20 | Updated 150/737 | Mean std_B: 800729640.43
- Algo: bkz2.0_20 | Updated 107/736 | Mean std_B: 803521974.59
- Algo: bkz2.0_20 | Updated 131/738 | Mean std_B: 798131978.68
- Algo: bkz2.0_20 | Updated 118/739 | Mean std_B: 802535073.53
- Algo: bkz2.0_20 | Updated 127/738 | Mean std_B: 798880611.90
- Algo: bkz2.0_20 | Updated 179/739 | Mean std_B: 797902295.70
- Algo: bkz2.0_20 | Updated 127/736 | Mean std_B: 800311405.55
- Algo: bkz2.0_20 | Updated 151/735 | Mean std_B: 800663411.39
- Algo: bkz2.0_20 | Updated 159/736 | Mean std_B: 799851227.85
- Algo: bkz2.0_20 | Updated 191/741 | Mean std_B: 797087172.03
- Algo: bkz2.0_20 | Updated 172/739 | Mean std_B: 797601212.57
- Algo: bkz2.0_20 | Updated 117/737 | Mean std_B: 800180200.74
- Algo: bkz2.0_20 | Updated 153/738 | Mean std_B: 799016378.31
- Algo: bkz2.0_20 | Updated 148/737 | Mean std_B: 801146388.90
- Algo: bkz2.0_20 | Updated 160/739 | Mean std_B: 799295193.28
- Algo: bkz2.0_20 | Updated 163/738 | Mean std_B: 799400262.23
- Algo: bkz2.0_20 | Updated 120/734 | Mean std_B: 804967795.22
- Algo: bkz2.0_20 | Updated 115/739 | Mean std_B: 798794837.55
- Algo: bkz2.0_20 | Updated 167/739 | Mean std_B: 798637693.49
- Algo: bkz2.0_20 | Updated 132/738 | Mean std_B: 800317754.23
- Algo: bkz2.0_20 | Updated 180/740 | Mean std_B: 798751182.57
- Algo: bkz2.0_20 | Updated 141/737 | Mean std_B: 799238364.45
- Algo: bkz2.0_20 | Updated 155/736 | Mean std_B: 802332343.51
- Algo: bkz2.0_20 | Updated 151/734 | Mean std_B: 801701662.99
- Algo: bkz2.0_20 | Updated 147/740 | Mean std_B: 801078505.71
- Algo: bkz2.0_20 | Updated 152/737 | Mean std_B: 800770923.10
- Algo: bkz2.0_20 | Updated 140/736 | Mean std_B: 803082114.95
- Algo: bkz2.0_20 | Updated 149/737 | Mean std_B: 799228656.52
- Algo: bkz2.0_20 | Updated 126/737 | Mean std_B: 802068834.92
- Algo: bkz2.0_20 | Updated 127/735 | Mean std_B: 803575936.10
- Algo: bkz2.0_20 | Updated 144/738 | Mean std_B: 798299654.67
- Algo: bkz2.0_20 | Updated 154/737 | Mean std_B: 801774229.70
- Algo: bkz2.0_20 | Updated 135/739 | Mean std_B: 800800162.28
- Algo: bkz2.0_20 | Updated 126/739 | Mean std_B: 798046697.29
- Algo: bkz2.0_20 | Updated 138/736 | Mean std_B: 804387619.64
- Algo: bkz2.0_20 | Updated 181/739 | Mean std_B: 798941202.19
Tour 16 | Time: 70150.51s | Mean std_B: 769710996.76 | Reduction Factor: 0.6592 | Prob: 0.0926
