Parameters: {'n': 256, 'q': 179067461, 'k': 2, 'secret_type': 'cbd', 'eta': 2, 'gaussian_std': 3, 'hw': -1, 'error_type': 'cbd', 'num_gen': 4, 'add_noise': True, 'mod_q': True, 'seed': 42, 'approximation_std': 3, 'approximation_threshold': 0.01, 'save_to': '../data', 'float_type': 'qd', 'matrix_config': 'salsa', 'reduction_samples': 448, 'reduction_resampling': True, 'min_samples': None, 'num_matrices': 63, 'reduction_max_size': 1500, 'lookback': 3, 'warmup_steps': 10, 'flatter_alpha': 0.001, 'bkz_delta': 0.99, 'bkz_block_sizes': '20:40:10', 'use_polish': True, 'interleaved_steps': 0, 'penalty': 4, 'verbose': True, 'train_percentages': [0.1, 0.3, 0.6, 1.0], 'model': 'tukey', 'lr': 0.0001, 'c_factor': 1.0, 'epsilon': 1.1, 'max_iter': 15000, 'alpha': 0.0001, 'warm_start': False, 'fit_intercept': False, 'tol': 0.001, 'use_ransac': False, 'residual_factor': 1.5, 'max_trials': 100}
Arguments: {'num_attacks': 1, 'attack_strategy': 'no', 'attack_every': 0, 'save_strategy': 'hour', 'save_every': 40, 'stop_strategy': 'hour', 'stop_after': 46, 'save_at_the_end': True, 'reload': False, 'reload_from': None, 'train_secret_types': ['cbd'], 'reload_from_salsa': None, 'num_training_repeats': 10, 'hw_range': None}
Attacking 63 matrices using 64 threads.
- Algo: flatter | Updated 448/448 | Mean std_B: 1166916169.53
- Algo: flatter | Updated 448/448 | Mean std_B: 1166565682.39
- Algo: flatter | Updated 448/448 | Mean std_B: 1167261914.97
- Algo: flatter | Updated 448/448 | Mean std_B: 1167230130.18
- Algo: flatter | Updated 448/448 | Mean std_B: 1165371375.48
- Algo: flatter | Updated 448/448 | Mean std_B: 1165154338.19
- Algo: flatter | Updated 448/448 | Mean std_B: 1166852165.60
- Algo: flatter | Updated 448/448 | Mean std_B: 1166576879.79
- Algo: flatter | Updated 448/448 | Mean std_B: 1166541860.94
- Algo: flatter | Updated 448/448 | Mean std_B: 1166166610.17
- Algo: flatter | Updated 448/448 | Mean std_B: 1164443269.77
- Algo: flatter | Updated 448/448 | Mean std_B: 1167324443.79
- Algo: flatter | Updated 448/448 | Mean std_B: 1166405128.04
- Algo: flatter | Updated 448/448 | Mean std_B: 1166690085.42
- Algo: flatter | Updated 448/448 | Mean std_B: 1165508631.95
- Algo: flatter | Updated 448/448 | Mean std_B: 1165982685.64
- Algo: flatter | Updated 448/448 | Mean std_B: 1167445427.91
- Algo: flatter | Updated 448/448 | Mean std_B: 1166136033.49- Algo: flatter | Updated 448/448 | Mean std_B: 1166433796.52

- Algo: flatter | Updated 448/448 | Mean std_B: 1165103724.90
- Algo: flatter | Updated 448/448 | Mean std_B: 1164763667.82
- Algo: flatter | Updated 448/448 | Mean std_B: 1167045243.06
- Algo: flatter | Updated 448/448 | Mean std_B: 1166556082.35
- Algo: flatter | Updated 448/448 | Mean std_B: 1166457274.17
- Algo: flatter | Updated 448/448 | Mean std_B: 1166588916.05
- Algo: flatter | Updated 448/448 | Mean std_B: 1166857944.14
- Algo: flatter | Updated 448/448 | Mean std_B: 1164548857.70
- Algo: flatter | Updated 448/448 | Mean std_B: 1164976318.74
- Algo: flatter | Updated 448/448 | Mean std_B: 1165900112.30
- Algo: flatter | Updated 448/448 | Mean std_B: 1166590646.26
- Algo: flatter | Updated 448/448 | Mean std_B: 1165401694.39
- Algo: flatter | Updated 448/448 | Mean std_B: 1165929610.85
- Algo: flatter | Updated 448/448 | Mean std_B: 1166960457.46
- Algo: flatter | Updated 448/448 | Mean std_B: 1168389508.05
- Algo: flatter | Updated 448/448 | Mean std_B: 1167431558.31
- Algo: flatter | Updated 448/448 | Mean std_B: 1164465896.76
- Algo: flatter | Updated 448/448 | Mean std_B: 1166913877.40
- Algo: flatter | Updated 448/448 | Mean std_B: 1166767944.62
- Algo: flatter | Updated 448/448 | Mean std_B: 1167997556.71
- Algo: flatter | Updated 448/448 | Mean std_B: 1166529865.80
- Algo: flatter | Updated 448/448 | Mean std_B: 1165454063.71
- Algo: flatter | Updated 448/448 | Mean std_B: 1165513071.30
- Algo: flatter | Updated 448/448 | Mean std_B: 1164820621.82
- Algo: flatter | Updated 448/448 | Mean std_B: 1166055519.88
- Algo: flatter | Updated 448/448 | Mean std_B: 1166159663.64
- Algo: flatter | Updated 448/448 | Mean std_B: 1167202638.47
- Algo: flatter | Updated 448/448 | Mean std_B: 1166952471.30
- Algo: flatter | Updated 448/448 | Mean std_B: 1167357697.30
- Algo: flatter | Updated 448/448 | Mean std_B: 1166406909.32
- Algo: flatter | Updated 448/448 | Mean std_B: 1167801452.37
- Algo: flatter | Updated 448/448 | Mean std_B: 1166921456.05
- Algo: flatter | Updated 448/448 | Mean std_B: 1165964687.06
- Algo: flatter | Updated 448/448 | Mean std_B: 1165199499.08
- Algo: flatter | Updated 448/448 | Mean std_B: 1167955248.73
- Algo: flatter | Updated 448/448 | Mean std_B: 1165706017.90
- Algo: flatter | Updated 448/448 | Mean std_B: 1167816856.40
- Algo: flatter | Updated 448/448 | Mean std_B: 1166918541.15
- Algo: flatter | Updated 448/448 | Mean std_B: 1165840419.27
- Algo: flatter | Updated 448/448 | Mean std_B: 1167618546.64
- Algo: flatter | Updated 448/448 | Mean std_B: 1164753516.30
- Algo: flatter | Updated 448/448 | Mean std_B: 1166017901.69
- Algo: flatter | Updated 448/448 | Mean std_B: 1165864930.32
- Algo: flatter | Updated 448/448 | Mean std_B: 1165293318.94
Tour 1 | Time: 283.54s | Mean std_B: 1166329816.45 | Reduction Factor: 1.0000 | Prob: 0.0612
- Algo: flatter | Updated 0/448 | Mean std_B: 1166055519.88
- Algo: flatter | Updated 0/448 | Mean std_B: 1167261914.97
- Algo: flatter | Updated 0/448 | Mean std_B: 1166159663.64
- Algo: flatter | Updated 0/448 | Mean std_B: 1165454063.71
- Algo: flatter | Updated 0/448 | Mean std_B: 1165154338.19
- Algo: flatter | Updated 0/448 | Mean std_B: 1164753516.30
- Algo: flatter | Updated 0/448 | Mean std_B: 1167997556.71
- Algo: flatter | Updated 0/448 | Mean std_B: 1166136033.49
- Algo: flatter | Updated 0/448 | Mean std_B: 1166852165.60
- Algo: flatter | Updated 0/448 | Mean std_B: 1164548857.70
- Algo: flatter | Updated 0/448 | Mean std_B: 1166690085.42
- Algo: flatter | Updated 0/448 | Mean std_B: 1165706017.90
- Algo: flatter | Updated 0/448 | Mean std_B: 1166556082.35
- Algo: flatter | Updated 0/448 | Mean std_B: 1167445427.91
- Algo: flatter | Updated 0/448 | Mean std_B: 1166916169.53
- Algo: flatter | Updated 0/448 | Mean std_B: 1167431558.31
- Algo: flatter | Updated 0/448 | Mean std_B: 1166406909.32
- Algo: flatter | Updated 0/448 | Mean std_B: 1165401694.39
- Algo: flatter | Updated 0/448 | Mean std_B: 1166405128.04
- Algo: flatter | Updated 0/448 | Mean std_B: 1167230130.18
- Algo: flatter | Updated 0/448 | Mean std_B: 1167618546.64
- Algo: flatter | Updated 0/448 | Mean std_B: 1165982685.64
- Algo: flatter | Updated 0/448 | Mean std_B: 1165929610.85
- Algo: flatter | Updated 0/448 | Mean std_B: 1166918541.15
- Algo: flatter | Updated 0/448 | Mean std_B: 1166457274.17
- Algo: flatter | Updated 0/448 | Mean std_B: 1166767944.62
- Algo: flatter | Updated 0/448 | Mean std_B: 1165293318.94
- Algo: flatter | Updated 0/448 | Mean std_B: 1165513071.30
- Algo: flatter | Updated 0/448 | Mean std_B: 1167801452.37
- Algo: flatter | Updated 0/448 | Mean std_B: 1166588916.05
- Algo: flatter | Updated 0/448 | Mean std_B: 1167324443.79
- Algo: flatter | Updated 0/448 | Mean std_B: 1167202638.47
- Algo: flatter | Updated 0/448 | Mean std_B: 1164820621.82
- Algo: flatter | Updated 0/448 | Mean std_B: 1165103724.90
- Algo: flatter | Updated 0/448 | Mean std_B: 1166529865.80
- Algo: flatter | Updated 0/448 | Mean std_B: 1166857944.14
- Algo: flatter | Updated 0/448 | Mean std_B: 1166913877.40
- Algo: flatter | Updated 0/448 | Mean std_B: 1166952471.30
- Algo: flatter | Updated 0/448 | Mean std_B: 1166576879.79
- Algo: flatter | Updated 0/448 | Mean std_B: 1166541860.94
- Algo: flatter | Updated 0/448 | Mean std_B: 1167357697.30
- Algo: flatter | Updated 0/448 | Mean std_B: 1168389508.05
- Algo: flatter | Updated 0/448 | Mean std_B: 1166960457.46
- Algo: flatter | Updated 0/448 | Mean std_B: 1165840419.27
- Algo: flatter | Updated 0/448 | Mean std_B: 1166433796.52
- Algo: flatter | Updated 0/448 | Mean std_B: 1165864930.32
- Algo: flatter | Updated 0/448 | Mean std_B: 1166921456.05
- Algo: flatter | Updated 0/448 | Mean std_B: 1166166610.17
- Algo: flatter | Updated 0/448 | Mean std_B: 1165900112.30
- Algo: flatter | Updated 0/448 | Mean std_B: 1165371375.48
- Algo: flatter | Updated 0/448 | Mean std_B: 1164465896.76
- Algo: flatter | Updated 0/448 | Mean std_B: 1165508631.95
- Algo: flatter | Updated 0/448 | Mean std_B: 1166017901.69
- Algo: flatter | Updated 0/448 | Mean std_B: 1167045243.06
- Algo: flatter | Updated 0/448 | Mean std_B: 1165199499.08
- Algo: flatter | Updated 0/448 | Mean std_B: 1165964687.06
- Algo: flatter | Updated 0/448 | Mean std_B: 1167955248.73
- Algo: flatter | Updated 0/448 | Mean std_B: 1164763667.82
- Algo: flatter | Updated 0/448 | Mean std_B: 1167816856.40
- Algo: flatter | Updated 0/448 | Mean std_B: 1164443269.77
- Algo: flatter | Updated 0/448 | Mean std_B: 1164976318.74
- Algo: flatter | Updated 0/448 | Mean std_B: 1166565682.39
- Algo: flatter | Updated 0/448 | Mean std_B: 1166590646.26
Tour 2 | Time: 568.41s | Mean std_B: 1166329816.45 | Reduction Factor: 1.0000 | Prob: 0.0612
- Algo: flatter | Updated 0/448 | Mean std_B: 1166529865.80
- Algo: flatter | Updated 0/448 | Mean std_B: 1166457274.17
- Algo: flatter | Updated 0/448 | Mean std_B: 1166405128.04
- Algo: flatter | Updated 0/448 | Mean std_B: 1167955248.73
- Algo: flatter | Updated 0/448 | Mean std_B: 1167324443.79
- Algo: flatter | Updated 0/448 | Mean std_B: 1167202638.47
- Algo: flatter | Updated 0/448 | Mean std_B: 1166565682.39
- Algo: flatter | Updated 0/448 | Mean std_B: 1166556082.35
- Algo: flatter | Updated 0/448 | Mean std_B: 1164820621.82
- Algo: flatter | Updated 0/448 | Mean std_B: 1167261914.97
- Algo: flatter | Updated 0/448 | Mean std_B: 1165401694.39
- Algo: flatter | Updated 0/448 | Mean std_B: 1166916169.53
- Algo: flatter | Updated 0/448 | Mean std_B: 1166921456.05
- Algo: flatter | Updated 0/448 | Mean std_B: 1167445427.91
- Algo: flatter | Updated 0/448 | Mean std_B: 1166159663.64
- Algo: flatter | Updated 0/448 | Mean std_B: 1167618546.64
- Algo: flatter | Updated 0/448 | Mean std_B: 1165964687.06
- Algo: flatter | Updated 0/448 | Mean std_B: 1166852165.60
- Algo: flatter | Updated 0/448 | Mean std_B: 1166055519.88
- Algo: flatter | Updated 0/448 | Mean std_B: 1166166610.17
- Algo: flatter | Updated 0/448 | Mean std_B: 1166017901.69
- Algo: flatter | Updated 0/448 | Mean std_B: 1166952471.30
- Algo: flatter | Updated 0/448 | Mean std_B: 1166960457.46
- Algo: flatter | Updated 0/448 | Mean std_B: 1165371375.48
- Algo: flatter | Updated 0/448 | Mean std_B: 1164753516.30
- Algo: flatter | Updated 0/448 | Mean std_B: 1165929610.85
- Algo: flatter | Updated 0/448 | Mean std_B: 1167816856.40
- Algo: flatter | Updated 0/448 | Mean std_B: 1164465896.76
- Algo: flatter | Updated 0/448 | Mean std_B: 1166690085.42
- Algo: flatter | Updated 0/448 | Mean std_B: 1165840419.27
- Algo: flatter | Updated 0/448 | Mean std_B: 1165293318.94
- Algo: flatter | Updated 0/448 | Mean std_B: 1167801452.37
- Algo: flatter | Updated 0/448 | Mean std_B: 1165900112.30
- Algo: flatter | Updated 0/448 | Mean std_B: 1166433796.52
- Algo: flatter | Updated 0/448 | Mean std_B: 1166767944.62
- Algo: flatter | Updated 0/448 | Mean std_B: 1164763667.82
- Algo: flatter | Updated 0/448 | Mean std_B: 1167357697.30
- Algo: flatter | Updated 0/448 | Mean std_B: 1166913877.40
- Algo: flatter | Updated 0/448 | Mean std_B: 1165513071.30
- Algo: flatter | Updated 0/448 | Mean std_B: 1166857944.14
- Algo: flatter | Updated 0/448 | Mean std_B: 1166918541.15
- Algo: flatter | Updated 0/448 | Mean std_B: 1165199499.08
- Algo: flatter | Updated 0/448 | Mean std_B: 1165508631.95
- Algo: flatter | Updated 0/448 | Mean std_B: 1166406909.32
- Algo: flatter | Updated 0/448 | Mean std_B: 1165706017.90
- Algo: flatter | Updated 0/448 | Mean std_B: 1167431558.31
- Algo: flatter | Updated 0/448 | Mean std_B: 1165154338.19
- Algo: flatter | Updated 0/448 | Mean std_B: 1165103724.90
- Algo: flatter | Updated 0/448 | Mean std_B: 1167997556.71
- Algo: flatter | Updated 0/448 | Mean std_B: 1164548857.70
- Algo: flatter | Updated 0/448 | Mean std_B: 1164443269.77
- Algo: flatter | Updated 0/448 | Mean std_B: 1165864930.32
- Algo: flatter | Updated 0/448 | Mean std_B: 1167230130.18
- Algo: flatter | Updated 0/448 | Mean std_B: 1166576879.79
- Algo: flatter | Updated 0/448 | Mean std_B: 1164976318.74
- Algo: flatter | Updated 0/448 | Mean std_B: 1165982685.64
- Algo: flatter | Updated 0/448 | Mean std_B: 1166588916.05
- Algo: flatter | Updated 0/448 | Mean std_B: 1166590646.26
- Algo: flatter | Updated 0/448 | Mean std_B: 1168389508.05
- Algo: flatter | Updated 0/448 | Mean std_B: 1166541860.94
- Algo: flatter | Updated 0/448 | Mean std_B: 1165454063.71
- Algo: flatter | Updated 0/448 | Mean std_B: 1167045243.06
- Algo: flatter | Updated 0/448 | Mean std_B: 1166136033.49
Tour 3 | Time: 837.55s | Mean std_B: 1166329816.45 | Reduction Factor: 1.0000 | Prob: 0.0612
- Algo: flatter | Updated 0/448 | Mean std_B: 1166852165.60
- Flatter stall after: 6, updating...
- Algo: flatter | Updated 0/448 | Mean std_B: 1165293318.94
- Flatter stall after: 6, updating...
- Algo: flatter | Updated 0/448 | Mean std_B: 1168389508.05
- Flatter stall after: 6, updating...
- Algo: flatter | Updated 0/448 | Mean std_B: 1166055519.88
- Flatter stall after: 6, updating...
- Algo: flatter | Updated 0/448 | Mean std_B: 1167445427.91
- Flatter stall after: 6, updating...
- Algo: flatter | Updated 0/448 | Mean std_B: 1167202638.47
- Flatter stall after: 6, updating...
- Algo: flatter | Updated 0/448 | Mean std_B: 1165929610.85
- Flatter stall after: 6, updating...
- Algo: flatter | Updated 0/448 | Mean std_B: 1166857944.14
- Flatter stall after: 6, updating...
- Algo: flatter | Updated 0/448 | Mean std_B: 1164753516.30
- Flatter stall after: 6, updating...
- Algo: flatter | Updated 0/448 | Mean std_B: 1167324443.79
- Flatter stall after: 6, updating...
- Algo: flatter | Updated 0/448 | Mean std_B: 1164548857.70
- Flatter stall after: 6, updating...
- Algo: flatter | Updated 0/448 | Mean std_B: 1167955248.73
- Flatter stall after: 6, updating...
- Algo: flatter | Updated 0/448 | Mean std_B: 1166916169.53
- Flatter stall after: 6, updating...
- Algo: flatter | Updated 0/448 | Mean std_B: 1166556082.35
- Flatter stall after: 6, updating...
- Algo: flatter | Updated 0/448 | Mean std_B: 1166921456.05
- Flatter stall after: 6, updating...
- Algo: flatter | Updated 0/448 | Mean std_B: 1164443269.77
- Flatter stall after: 6, updating...
- Algo: flatter | Updated 0/448 | Mean std_B: 1166529865.80
- Flatter stall after: 6, updating...
- Algo: flatter | Updated 0/448 | Mean std_B: 1165900112.30
- Flatter stall after: 6, updating...
- Algo: flatter | Updated 0/448 | Mean std_B: 1166166610.17
- Flatter stall after: 6, updating...
- Algo: flatter | Updated 0/448 | Mean std_B: 1167618546.64
- Flatter stall after: 6, updating...
- Algo: flatter | Updated 0/448 | Mean std_B: 1165401694.39
- Flatter stall after: 6, updating...
- Algo: flatter | Updated 0/448 | Mean std_B: 1166960457.46
- Flatter stall after: 6, updating...
- Algo: flatter | Updated 0/448 | Mean std_B: 1167261914.97
- Flatter stall after: 6, updating...
- Algo: flatter | Updated 0/448 | Mean std_B: 1166017901.69
- Flatter stall after: 6, updating...
- Algo: flatter | Updated 0/448 | Mean std_B: 1167431558.31
- Flatter stall after: 6, updating...
- Algo: flatter | Updated 0/448 | Mean std_B: 1166457274.17
- Flatter stall after: 6, updating...
- Algo: flatter | Updated 0/448 | Mean std_B: 1164763667.82
- Flatter stall after: 6, updating...
- Algo: flatter | Updated 0/448 | Mean std_B: 1165864930.32
- Flatter stall after: 6, updating...
- Algo: flatter | Updated 0/448 | Mean std_B: 1166590646.26
- Flatter stall after: 6, updating...
- Algo: flatter | Updated 0/448 | Mean std_B: 1164820621.82
- Flatter stall after: 6, updating...
- Algo: flatter | Updated 0/448 | Mean std_B: 1165840419.27
- Flatter stall after: 6, updating...
- Algo: flatter | Updated 0/448 | Mean std_B: 1167801452.37
- Flatter stall after: 6, updating...
- Algo: flatter | Updated 0/448 | Mean std_B: 1166565682.39
- Flatter stall after: 6, updating...
- Algo: flatter | Updated 0/448 | Mean std_B: 1164976318.74
- Flatter stall after: 6, updating...
- Algo: flatter | Updated 0/448 | Mean std_B: 1165454063.71
- Flatter stall after: 6, updating...
- Algo: flatter | Updated 0/448 | Mean std_B: 1165103724.90
- Flatter stall after: 6, updating...
- Algo: flatter | Updated 0/448 | Mean std_B: 1167357697.30
- Flatter stall after: 6, updating...
- Algo: flatter | Updated 0/448 | Mean std_B: 1165199499.08
- Flatter stall after: 6, updating...
- Algo: flatter | Updated 0/448 | Mean std_B: 1166159663.64
- Flatter stall after: 6, updating...
- Algo: flatter | Updated 0/448 | Mean std_B: 1166433796.52
- Flatter stall after: 6, updating...
- Algo: flatter | Updated 0/448 | Mean std_B: 1165508631.95
- Flatter stall after: 6, updating...
- Algo: flatter | Updated 0/448 | Mean std_B: 1166405128.04
- Flatter stall after: 6, updating...
- Algo: flatter | Updated 0/448 | Mean std_B: 1166690085.42
- Flatter stall after: 6, updating...
- Algo: flatter | Updated 0/448 | Mean std_B: 1164465896.76
- Flatter stall after: 6, updating...
- Algo: flatter | Updated 0/448 | Mean std_B: 1166136033.49
- Flatter stall after: 6, updating...
- Algo: flatter | Updated 0/448 | Mean std_B: 1166406909.32
- Flatter stall after: 6, updating...
- Algo: flatter | Updated 0/448 | Mean std_B: 1167230130.18
- Flatter stall after: 6, updating...
- Algo: flatter | Updated 0/448 | Mean std_B: 1166952471.30
- Flatter stall after: 6, updating...
- Algo: flatter | Updated 0/448 | Mean std_B: 1167816856.40
- Flatter stall after: 6, updating...
- Algo: flatter | Updated 0/448 | Mean std_B: 1166913877.40
- Flatter stall after: 6, updating...
- Algo: flatter | Updated 0/448 | Mean std_B: 1165371375.48
- Flatter stall after: 6, updating...
- Algo: flatter | Updated 0/448 | Mean std_B: 1167997556.71
- Flatter stall after: 6, updating...
- Algo: flatter | Updated 0/448 | Mean std_B: 1165964687.06
- Flatter stall after: 6, updating...
- Algo: flatter | Updated 0/448 | Mean std_B: 1165513071.30
- Flatter stall after: 6, updating...
- Algo: flatter | Updated 0/448 | Mean std_B: 1166588916.05
- Flatter stall after: 6, updating...
- Algo: flatter | Updated 0/448 | Mean std_B: 1165706017.90
- Flatter stall after: 6, updating...
- Algo: flatter | Updated 0/448 | Mean std_B: 1166576879.79
- Flatter stall after: 6, updating...
- Algo: flatter | Updated 0/448 | Mean std_B: 1165154338.19
- Flatter stall after: 6, updating...
- Algo: flatter | Updated 0/448 | Mean std_B: 1166918541.15
- Flatter stall after: 6, updating...
- Algo: flatter | Updated 0/448 | Mean std_B: 1166541860.94
- Flatter stall after: 6, updating...
- Algo: flatter | Updated 0/448 | Mean std_B: 1167045243.06
- Flatter stall after: 6, updating...
- Algo: flatter | Updated 0/448 | Mean std_B: 1165982685.64
- Flatter stall after: 6, updating...
- Algo: flatter | Updated 0/448 | Mean std_B: 1166767944.62
- Flatter stall after: 6, updating...
Tour 4 | Time: 1085.85s | Mean std_B: 1166329816.45 | Reduction Factor: 1.0000 | Prob: 0.0612
- Algo: bkz2.0_20 | Updated 651/651 | Mean std_B: 922492793.36
- Algo: bkz2.0_20 | Updated 649/649 | Mean std_B: 926311582.87
- Algo: bkz2.0_20 | Updated 652/652 | Mean std_B: 919866703.22
- Algo: bkz2.0_20 | Updated 649/649 | Mean std_B: 926270954.28
- Algo: bkz2.0_20 | Updated 648/648 | Mean std_B: 925919681.93
- Algo: bkz2.0_20 | Updated 650/650 | Mean std_B: 923828431.72
- Algo: bkz2.0_20 | Updated 650/650 | Mean std_B: 924566666.09
- Algo: bkz2.0_20 | Updated 652/652 | Mean std_B: 925008252.25
- Algo: bkz2.0_20 | Updated 648/648 | Mean std_B: 925377325.83
- Algo: bkz2.0_20 | Updated 645/645 | Mean std_B: 928427519.80
- Algo: bkz2.0_20 | Updated 647/647 | Mean std_B: 926618350.57
- Algo: bkz2.0_20 | Updated 648/648 | Mean std_B: 923751551.28
- Algo: bkz2.0_20 | Updated 652/652 | Mean std_B: 920346247.18
- Algo: bkz2.0_20 | Updated 649/649 | Mean std_B: 926940241.96
- Algo: bkz2.0_20 | Updated 652/652 | Mean std_B: 921194086.95
- Algo: bkz2.0_20 | Updated 652/652 | Mean std_B: 923715833.23
- Algo: bkz2.0_20 | Updated 650/650 | Mean std_B: 921759985.23
- Algo: bkz2.0_20 | Updated 649/649 | Mean std_B: 925717026.42
- Algo: bkz2.0_20 | Updated 648/648 | Mean std_B: 926584893.95
- Algo: bkz2.0_20 | Updated 648/648 | Mean std_B: 926245863.95
- Algo: bkz2.0_20 | Updated 650/650 | Mean std_B: 924607266.76
- Algo: bkz2.0_20 | Updated 649/649 | Mean std_B: 925736336.77
- Algo: bkz2.0_20 | Updated 644/644 | Mean std_B: 933253875.27
- Algo: bkz2.0_20 | Updated 647/647 | Mean std_B: 927410545.59
- Algo: bkz2.0_20 | Updated 648/648 | Mean std_B: 924133180.46
- Algo: bkz2.0_20 | Updated 653/653 | Mean std_B: 918642433.67
- Algo: bkz2.0_20 | Updated 655/655 | Mean std_B: 918907407.16
- Algo: bkz2.0_20 | Updated 648/648 | Mean std_B: 925185214.28
- Algo: bkz2.0_20 | Updated 649/649 | Mean std_B: 922887159.30
- Algo: bkz2.0_20 | Updated 657/657 | Mean std_B: 916065963.44
- Algo: bkz2.0_20 | Updated 646/646 | Mean std_B: 929283023.86
- Algo: bkz2.0_20 | Updated 648/648 | Mean std_B: 925915462.75
- Algo: bkz2.0_20 | Updated 646/646 | Mean std_B: 926916340.74
- Algo: bkz2.0_20 | Updated 653/653 | Mean std_B: 920526717.47
- Algo: bkz2.0_20 | Updated 646/646 | Mean std_B: 927025674.82
- Algo: bkz2.0_20 | Updated 652/652 | Mean std_B: 922400464.94
- Algo: bkz2.0_20 | Updated 651/651 | Mean std_B: 920305679.73
- Algo: bkz2.0_20 | Updated 648/648 | Mean std_B: 926658941.46
- Algo: bkz2.0_20 | Updated 651/651 | Mean std_B: 920649920.85
- Algo: bkz2.0_20 | Updated 649/649 | Mean std_B: 919298447.33
- Algo: bkz2.0_20 | Updated 651/651 | Mean std_B: 922951389.54
- Algo: bkz2.0_20 | Updated 649/649 | Mean std_B: 924980922.84
- Algo: bkz2.0_20 | Updated 646/646 | Mean std_B: 929013475.46
- Algo: bkz2.0_20 | Updated 647/647 | Mean std_B: 923246610.39
- Algo: bkz2.0_20 | Updated 650/650 | Mean std_B: 921296262.36
- Algo: bkz2.0_20 | Updated 651/651 | Mean std_B: 919904892.40
- Algo: bkz2.0_20 | Updated 649/649 | Mean std_B: 924916468.04
- Algo: bkz2.0_20 | Updated 653/653 | Mean std_B: 919898259.20
- Algo: bkz2.0_20 | Updated 652/652 | Mean std_B: 923648133.41
- Algo: bkz2.0_20 | Updated 653/653 | Mean std_B: 919097679.82
- Algo: bkz2.0_20 | Updated 651/651 | Mean std_B: 920812467.93
- Algo: bkz2.0_20 | Updated 650/650 | Mean std_B: 923573368.12
- Algo: bkz2.0_20 | Updated 655/655 | Mean std_B: 917682028.41
- Algo: bkz2.0_20 | Updated 655/655 | Mean std_B: 918609100.60
- Algo: bkz2.0_20 | Updated 652/652 | Mean std_B: 918545848.31
- Algo: bkz2.0_20 | Updated 652/652 | Mean std_B: 923814391.65
- Algo: bkz2.0_20 | Updated 647/647 | Mean std_B: 925082644.44
- Algo: bkz2.0_20 | Updated 648/648 | Mean std_B: 926360904.39
- Algo: bkz2.0_20 | Updated 651/651 | Mean std_B: 923174526.60
- Algo: bkz2.0_20 | Updated 649/649 | Mean std_B: 924006905.02
- Algo: bkz2.0_20 | Updated 654/654 | Mean std_B: 920539086.45
- Algo: bkz2.0_20 | Updated 650/650 | Mean std_B: 920002557.88
- Algo: bkz2.0_20 | Updated 648/648 | Mean std_B: 925573809.21
Tour 5 | Time: 39930.17s | Mean std_B: 1022610860.91 | Reduction Factor: 0.8767 | Prob: 0.0698
- Algo: bkz2.0_20 | Updated 654/655 | Mean std_B: 916992760.43
- Algo: bkz2.0_20 | Updated 648/650 | Mean std_B: 923311774.03
- Algo: bkz2.0_20 | Updated 652/654 | Mean std_B: 919560397.62
- Algo: bkz2.0_20 | Updated 651/652 | Mean std_B: 921113739.97
- Algo: bkz2.0_20 | Updated 657/659 | Mean std_B: 914166668.43
- Algo: bkz2.0_20 | Updated 654/654 | Mean std_B: 917377634.97
- Algo: bkz2.0_20 | Updated 652/653 | Mean std_B: 921590903.20
- Algo: bkz2.0_20 | Updated 654/657 | Mean std_B: 917337354.22
- Algo: bkz2.0_20 | Updated 654/655 | Mean std_B: 917746907.18
- Algo: bkz2.0_20 | Updated 649/652 | Mean std_B: 920508052.26
- Algo: bkz2.0_20 | Updated 652/654 | Mean std_B: 916700939.02
- Algo: bkz2.0_20 | Updated 654/654 | Mean std_B: 918401681.41
- Algo: bkz2.0_20 | Updated 652/653 | Mean std_B: 919041573.29
- Algo: bkz2.0_20 | Updated 651/655 | Mean std_B: 918409133.50
- Algo: bkz2.0_20 | Updated 651/651 | Mean std_B: 922184895.37
- Algo: bkz2.0_20 | Updated 652/653 | Mean std_B: 918743174.14
- Algo: bkz2.0_20 | Updated 656/658 | Mean std_B: 917764569.36
- Algo: bkz2.0_20 | Updated 650/652 | Mean std_B: 919173208.31
- Algo: bkz2.0_20 | Updated 654/654 | Mean std_B: 919372908.85
- Algo: bkz2.0_20 | Updated 649/652 | Mean std_B: 921725656.81
- Algo: bkz2.0_20 | Updated 655/656 | Mean std_B: 916994039.58
- Algo: bkz2.0_20 | Updated 655/656 | Mean std_B: 914321536.40
- Algo: bkz2.0_20 | Updated 652/652 | Mean std_B: 920204366.47
- Algo: bkz2.0_20 | Updated 654/655 | Mean std_B: 915382819.68
- Algo: bkz2.0_20 | Updated 653/656 | Mean std_B: 915684598.21
- Algo: bkz2.0_20 | Updated 650/652 | Mean std_B: 920578444.67
- Algo: bkz2.0_20 | Updated 654/656 | Mean std_B: 917832432.75
- Algo: bkz2.0_20 | Updated 651/653 | Mean std_B: 920452590.35
- Algo: bkz2.0_20 | Updated 647/648 | Mean std_B: 924497391.18
- Algo: bkz2.0_20 | Updated 656/660 | Mean std_B: 913092814.30
- Algo: bkz2.0_20 | Updated 654/654 | Mean std_B: 919859631.86
- Algo: bkz2.0_20 | Updated 650/654 | Mean std_B: 917542863.51
- Algo: bkz2.0_20 | Updated 653/654 | Mean std_B: 919664225.80
- Algo: bkz2.0_20 | Updated 653/653 | Mean std_B: 920876927.69
- Algo: bkz2.0_20 | Updated 650/655 | Mean std_B: 916740863.36
- Algo: bkz2.0_20 | Updated 656/656 | Mean std_B: 917436765.88
- Algo: bkz2.0_20 | Updated 653/654 | Mean std_B: 919079995.56
- Algo: bkz2.0_20 | Updated 654/656 | Mean std_B: 917799838.99
- Algo: bkz2.0_20 | Updated 652/653 | Mean std_B: 920473106.76
- Algo: bkz2.0_20 | Updated 651/652 | Mean std_B: 923498777.18
- Algo: bkz2.0_20 | Updated 648/651 | Mean std_B: 920542844.32
- Algo: bkz2.0_20 | Updated 650/653 | Mean std_B: 923137252.15
- Algo: bkz2.0_20 | Updated 651/652 | Mean std_B: 921695403.73
- Algo: bkz2.0_20 | Updated 652/652 | Mean std_B: 920256908.30
- Algo: bkz2.0_20 | Updated 657/657 | Mean std_B: 915593677.34
- Algo: bkz2.0_20 | Updated 648/653 | Mean std_B: 920082826.77
- Algo: bkz2.0_20 | Updated 652/654 | Mean std_B: 920159609.37
- Algo: bkz2.0_20 | Updated 652/654 | Mean std_B: 916675564.63
- Algo: bkz2.0_20 | Updated 648/650 | Mean std_B: 922766850.63
- Algo: bkz2.0_20 | Updated 657/658 | Mean std_B: 915294329.33
- Algo: bkz2.0_20 | Updated 655/657 | Mean std_B: 913690381.39
- Algo: bkz2.0_20 | Updated 653/653 | Mean std_B: 917702208.80
- Algo: bkz2.0_20 | Updated 649/651 | Mean std_B: 922787493.53
- Algo: bkz2.0_20 | Updated 649/652 | Mean std_B: 918126681.04
- Algo: bkz2.0_20 | Updated 654/656 | Mean std_B: 915032223.14
- Algo: bkz2.0_20 | Updated 648/652 | Mean std_B: 921933160.66
- Algo: bkz2.0_20 | Updated 654/655 | Mean std_B: 916843336.09
- Algo: bkz2.0_20 | Updated 654/654 | Mean std_B: 919142148.04
- Algo: bkz2.0_20 | Updated 651/653 | Mean std_B: 920647976.13
- Algo: bkz2.0_20 | Updated 654/654 | Mean std_B: 919505586.93
- Algo: bkz2.0_20 | Updated 653/653 | Mean std_B: 920508429.93
- Algo: bkz2.0_20 | Updated 649/650 | Mean std_B: 921982701.07
- Algo: bkz2.0_20 | Updated 649/650 | Mean std_B: 924923558.44
Tour 6 | Time: 43134.50s | Mean std_B: 951314930.30 | Reduction Factor: 0.8155 | Prob: 0.0750
- Algo: bkz2.0_20 | Updated 612/657 | Mean std_B: 917032728.34
- Algo: bkz2.0_20 | Updated 611/656 | Mean std_B: 916824657.42
- Algo: bkz2.0_20 | Updated 609/657 | Mean std_B: 912087207.33
- Algo: bkz2.0_20 | Updated 610/655 | Mean std_B: 918214262.03
- Algo: bkz2.0_20 | Updated 611/658 | Mean std_B: 913493499.40
- Algo: bkz2.0_20 | Updated 617/660 | Mean std_B: 913177442.68
- Algo: bkz2.0_20 | Updated 625/656 | Mean std_B: 915238637.30
- Algo: bkz2.0_20 | Updated 612/657 | Mean std_B: 916048449.82
- Algo: bkz2.0_20 | Updated 616/658 | Mean std_B: 912940633.86
- Algo: bkz2.0_20 | Updated 615/656 | Mean std_B: 917655742.13
- Algo: bkz2.0_20 | Updated 603/654 | Mean std_B: 919441697.25
- Algo: bkz2.0_20 | Updated 609/655 | Mean std_B: 918752261.49
- Algo: bkz2.0_20 | Updated 604/656 | Mean std_B: 916440393.49
- Algo: bkz2.0_20 | Updated 591/659 | Mean std_B: 914868159.62
- Algo: bkz2.0_20 | Updated 606/656 | Mean std_B: 916444621.02
- Algo: bkz2.0_20 | Updated 611/656 | Mean std_B: 916273168.28
- Algo: bkz2.0_20 | Updated 615/657 | Mean std_B: 914535501.14
- Algo: bkz2.0_20 | Updated 610/657 | Mean std_B: 916977578.76
- Algo: bkz2.0_20 | Updated 619/658 | Mean std_B: 914661854.92
- Algo: bkz2.0_20 | Updated 611/659 | Mean std_B: 914141129.51
- Algo: bkz2.0_20 | Updated 625/661 | Mean std_B: 911988943.44
- Algo: bkz2.0_20 | Updated 614/658 | Mean std_B: 914660820.03
- Algo: bkz2.0_20 | Updated 607/657 | Mean std_B: 913650092.31
- Algo: bkz2.0_20 | Updated 607/657 | Mean std_B: 914033423.36
- Algo: bkz2.0_20 | Updated 599/654 | Mean std_B: 918594769.72
- Algo: bkz2.0_20 | Updated 612/658 | Mean std_B: 910993492.03
- Algo: bkz2.0_20 | Updated 607/657 | Mean std_B: 912438746.20
- Algo: bkz2.0_20 | Updated 622/656 | Mean std_B: 916643689.95
- Algo: bkz2.0_20 | Updated 592/658 | Mean std_B: 915430686.52
- Algo: bkz2.0_20 | Updated 613/656 | Mean std_B: 917690206.16
- Algo: bkz2.0_20 | Updated 615/656 | Mean std_B: 914137567.80
- Algo: bkz2.0_20 | Updated 613/658 | Mean std_B: 914554333.31
- Algo: bkz2.0_20 | Updated 603/659 | Mean std_B: 913831895.92
- Algo: bkz2.0_20 | Updated 618/658 | Mean std_B: 913344888.48
- Algo: bkz2.0_20 | Updated 618/656 | Mean std_B: 915592574.90
- Algo: bkz2.0_20 | Updated 607/655 | Mean std_B: 918581302.58
- Algo: bkz2.0_20 | Updated 614/659 | Mean std_B: 913082117.98
- Algo: bkz2.0_20 | Updated 613/656 | Mean std_B: 914476063.21
- Algo: bkz2.0_20 | Updated 611/655 | Mean std_B: 916331750.47
- Algo: bkz2.0_20 | Updated 620/655 | Mean std_B: 916657974.30
- Algo: bkz2.0_20 | Updated 623/655 | Mean std_B: 916430742.00
- Algo: bkz2.0_20 | Updated 610/655 | Mean std_B: 918974085.04
- Algo: bkz2.0_20 | Updated 609/659 | Mean std_B: 913046777.51
- Algo: bkz2.0_20 | Updated 600/656 | Mean std_B: 916011264.38
- Algo: bkz2.0_20 | Updated 605/660 | Mean std_B: 909491585.75
- Algo: bkz2.0_20 | Updated 619/656 | Mean std_B: 915503152.58
- Algo: bkz2.0_20 | Updated 615/656 | Mean std_B: 915509450.88
- Algo: bkz2.0_20 | Updated 608/654 | Mean std_B: 917705689.50
- Algo: bkz2.0_20 | Updated 611/657 | Mean std_B: 914920886.63
- Algo: bkz2.0_20 | Updated 609/656 | Mean std_B: 916472034.04
- Algo: bkz2.0_20 | Updated 607/655 | Mean std_B: 919090169.67
- Algo: bkz2.0_20 | Updated 617/656 | Mean std_B: 917087713.32
- Algo: bkz2.0_20 | Updated 611/658 | Mean std_B: 914814619.26
- Algo: bkz2.0_20 | Updated 615/656 | Mean std_B: 916448911.00
- Algo: bkz2.0_20 | Updated 615/652 | Mean std_B: 920494213.68
- Algo: bkz2.0_20 | Updated 620/658 | Mean std_B: 913173911.97
- Algo: bkz2.0_20 | Updated 610/655 | Mean std_B: 918895202.37
- Algo: bkz2.0_20 | Updated 610/656 | Mean std_B: 917348410.64
- Algo: bkz2.0_20 | Updated 604/662 | Mean std_B: 910904216.09
- Algo: bkz2.0_20 | Updated 618/655 | Mean std_B: 917518643.83
- Algo: bkz2.0_20 | Updated 611/655 | Mean std_B: 920260384.50
- Algo: bkz2.0_20 | Updated 616/655 | Mean std_B: 917487741.20
- Algo: bkz2.0_20 | Updated 623/654 | Mean std_B: 917211108.11
Tour 7 | Time: 46030.21s | Mean std_B: 910214446.25 | Reduction Factor: 0.7802 | Prob: 0.0784
- Algo: bkz2.0_20 | Updated 483/659 | Mean std_B: 914285382.83
- Algo: bkz2.0_20 | Updated 500/658 | Mean std_B: 912743654.70
- Algo: bkz2.0_20 | Updated 494/660 | Mean std_B: 910407382.67
- Algo: bkz2.0_20 | Updated 485/659 | Mean std_B: 910761661.52
- Algo: bkz2.0_20 | Updated 501/657 | Mean std_B: 915422543.33
- Algo: bkz2.0_20 | Updated 490/658 | Mean std_B: 913507491.09
- Algo: bkz2.0_20 | Updated 482/658 | Mean std_B: 913189005.50
- Algo: bkz2.0_20 | Updated 512/656 | Mean std_B: 914664484.25
- Algo: bkz2.0_20 | Updated 512/659 | Mean std_B: 912305256.60
- Algo: bkz2.0_20 | Updated 516/655 | Mean std_B: 915033238.46
- Algo: bkz2.0_20 | Updated 478/662 | Mean std_B: 909524630.74
- Algo: bkz2.0_20 | Updated 481/661 | Mean std_B: 909375080.46
- Algo: bkz2.0_20 | Updated 470/660 | Mean std_B: 912455154.11
- Algo: bkz2.0_20 | Updated 493/658 | Mean std_B: 912680608.09
- Algo: bkz2.0_20 | Updated 477/658 | Mean std_B: 911388984.75
- Algo: bkz2.0_20 | Updated 517/659 | Mean std_B: 912222744.81
- Algo: bkz2.0_20 | Updated 501/660 | Mean std_B: 910545699.09
- Algo: bkz2.0_20 | Updated 473/661 | Mean std_B: 911503131.44
- Algo: bkz2.0_20 | Updated 497/661 | Mean std_B: 911148310.67
- Algo: bkz2.0_20 | Updated 529/659 | Mean std_B: 911439337.52
- Algo: bkz2.0_20 | Updated 488/657 | Mean std_B: 913140877.21
- Algo: bkz2.0_20 | Updated 481/659 | Mean std_B: 912419638.68
- Algo: bkz2.0_20 | Updated 474/658 | Mean std_B: 912110466.23
- Algo: bkz2.0_20 | Updated 503/658 | Mean std_B: 910872188.87
- Algo: bkz2.0_20 | Updated 504/661 | Mean std_B: 909904065.76
- Algo: bkz2.0_20 | Updated 492/659 | Mean std_B: 912692058.51
- Algo: bkz2.0_20 | Updated 499/659 | Mean std_B: 911599026.74
- Algo: bkz2.0_20 | Updated 495/661 | Mean std_B: 910663257.86
- Algo: bkz2.0_20 | Updated 488/658 | Mean std_B: 913039031.17
- Algo: bkz2.0_20 | Updated 512/660 | Mean std_B: 910663370.27
- Algo: bkz2.0_20 | Updated 493/659 | Mean std_B: 910040178.47
- Algo: bkz2.0_20 | Updated 497/663 | Mean std_B: 905827608.78
- Algo: bkz2.0_20 | Updated 490/658 | Mean std_B: 913350313.91
- Algo: bkz2.0_20 | Updated 489/658 | Mean std_B: 914112692.36
- Algo: bkz2.0_20 | Updated 495/658 | Mean std_B: 914494301.63
- Algo: bkz2.0_20 | Updated 519/660 | Mean std_B: 912099029.61
- Algo: bkz2.0_20 | Updated 472/660 | Mean std_B: 912103165.57
- Algo: bkz2.0_20 | Updated 477/661 | Mean std_B: 910752029.00
- Algo: bkz2.0_20 | Updated 500/658 | Mean std_B: 912413647.32
- Algo: bkz2.0_20 | Updated 501/657 | Mean std_B: 914259262.21
- Algo: bkz2.0_20 | Updated 471/658 | Mean std_B: 913942149.71
- Algo: bkz2.0_20 | Updated 473/660 | Mean std_B: 910749726.89
- Algo: bkz2.0_20 | Updated 492/657 | Mean std_B: 914327402.11
- Algo: bkz2.0_20 | Updated 502/657 | Mean std_B: 914372842.41
- Algo: bkz2.0_20 | Updated 486/659 | Mean std_B: 913416097.73
- Algo: bkz2.0_20 | Updated 483/659 | Mean std_B: 914039231.46
- Algo: bkz2.0_20 | Updated 474/660 | Mean std_B: 911356632.11
- Algo: bkz2.0_20 | Updated 499/661 | Mean std_B: 909358470.68
- Algo: bkz2.0_20 | Updated 484/661 | Mean std_B: 911230475.59
- Algo: bkz2.0_20 | Updated 516/657 | Mean std_B: 914679102.50
- Algo: bkz2.0_20 | Updated 484/657 | Mean std_B: 913910632.24
- Algo: bkz2.0_20 | Updated 492/659 | Mean std_B: 912678500.29
- Algo: bkz2.0_20 | Updated 489/659 | Mean std_B: 912471507.70
- Algo: bkz2.0_20 | Updated 489/655 | Mean std_B: 916234028.92
- Algo: bkz2.0_20 | Updated 503/657 | Mean std_B: 913738767.20
- Algo: bkz2.0_20 | Updated 487/658 | Mean std_B: 914715209.62
- Algo: bkz2.0_20 | Updated 487/661 | Mean std_B: 909940008.82
- Algo: bkz2.0_20 | Updated 489/657 | Mean std_B: 915183861.39
- Algo: bkz2.0_20 | Updated 496/660 | Mean std_B: 912546786.77
- Algo: bkz2.0_20 | Updated 494/659 | Mean std_B: 913058423.84
- Algo: bkz2.0_20 | Updated 492/657 | Mean std_B: 915818728.11
- Algo: bkz2.0_20 | Updated 489/657 | Mean std_B: 916861922.24
- Algo: bkz2.0_20 | Updated 500/660 | Mean std_B: 912415793.57
Tour 8 | Time: 48352.44s | Mean std_B: 901791429.73 | Reduction Factor: 0.7730 | Prob: 0.0791
- Algo: bkz2.0_20 | Updated 440/660 | Mean std_B: 909539398.23
- Algo: bkz2.0_20 | Updated 404/661 | Mean std_B: 907732529.18
- Algo: bkz2.0_20 | Updated 394/661 | Mean std_B: 909049840.93
- Algo: bkz2.0_20 | Updated 422/661 | Mean std_B: 908790879.94
- Algo: bkz2.0_20 | Updated 412/661 | Mean std_B: 909937903.12
- Algo: bkz2.0_20 | Updated 373/659 | Mean std_B: 912158050.31
- Algo: bkz2.0_20 | Updated 421/662 | Mean std_B: 909860093.09
- Algo: bkz2.0_20 | Updated 408/660 | Mean std_B: 913100805.96
- Algo: bkz2.0_20 | Updated 424/663 | Mean std_B: 909861512.36
- Algo: bkz2.0_20 | Updated 386/659 | Mean std_B: 913211017.40
- Algo: bkz2.0_20 | Updated 402/660 | Mean std_B: 911148428.23
- Algo: bkz2.0_20 | Updated 428/659 | Mean std_B: 913572720.75
- Algo: bkz2.0_20 | Updated 406/660 | Mean std_B: 911807526.93
- Algo: bkz2.0_20 | Updated 408/660 | Mean std_B: 912575217.54
- Algo: bkz2.0_20 | Updated 420/662 | Mean std_B: 910414491.30
- Algo: bkz2.0_20 | Updated 425/659 | Mean std_B: 912247404.76
- Algo: bkz2.0_20 | Updated 415/659 | Mean std_B: 912391066.97
- Algo: bkz2.0_20 | Updated 430/663 | Mean std_B: 905786828.12
- Algo: bkz2.0_20 | Updated 403/663 | Mean std_B: 909304743.22
- Algo: bkz2.0_20 | Updated 393/663 | Mean std_B: 908274442.88
- Algo: bkz2.0_20 | Updated 426/660 | Mean std_B: 909449223.00
- Algo: bkz2.0_20 | Updated 443/660 | Mean std_B: 911008935.30
- Algo: bkz2.0_20 | Updated 425/662 | Mean std_B: 909568966.60
- Algo: bkz2.0_20 | Updated 384/660 | Mean std_B: 911075781.18
- Algo: bkz2.0_20 | Updated 419/660 | Mean std_B: 913293076.28
- Algo: bkz2.0_20 | Updated 434/661 | Mean std_B: 908385234.42
- Algo: bkz2.0_20 | Updated 409/661 | Mean std_B: 911402879.30
- Algo: bkz2.0_20 | Updated 393/661 | Mean std_B: 908759123.42
- Algo: bkz2.0_20 | Updated 407/662 | Mean std_B: 908203495.90
- Algo: bkz2.0_20 | Updated 428/661 | Mean std_B: 908652264.33
- Algo: bkz2.0_20 | Updated 406/661 | Mean std_B: 910771056.31
- Algo: bkz2.0_20 | Updated 410/661 | Mean std_B: 909425461.78
- Algo: bkz2.0_20 | Updated 398/659 | Mean std_B: 912117975.61
- Algo: bkz2.0_20 | Updated 427/663 | Mean std_B: 908141448.45
- Algo: bkz2.0_20 | Updated 422/660 | Mean std_B: 909690810.07
- Algo: bkz2.0_20 | Updated 413/661 | Mean std_B: 908951466.42
- Algo: bkz2.0_20 | Updated 381/660 | Mean std_B: 909936706.36
- Algo: bkz2.0_20 | Updated 390/661 | Mean std_B: 911822210.25
- Algo: bkz2.0_20 | Updated 422/661 | Mean std_B: 907129120.07
- Algo: bkz2.0_20 | Updated 461/660 | Mean std_B: 910509619.83
- Algo: bkz2.0_20 | Updated 431/663 | Mean std_B: 906188836.68
- Algo: bkz2.0_20 | Updated 394/662 | Mean std_B: 906952052.74
- Algo: bkz2.0_20 | Updated 435/659 | Mean std_B: 911521396.37
- Algo: bkz2.0_20 | Updated 414/665 | Mean std_B: 904754309.67
- Algo: bkz2.0_20 | Updated 432/661 | Mean std_B: 909516593.58
- Algo: bkz2.0_20 | Updated 417/661 | Mean std_B: 910289934.19
- Algo: bkz2.0_20 | Updated 418/662 | Mean std_B: 911919195.14
- Algo: bkz2.0_20 | Updated 393/661 | Mean std_B: 909077277.85
- Algo: bkz2.0_20 | Updated 397/660 | Mean std_B: 911320862.38
- Algo: bkz2.0_20 | Updated 436/659 | Mean std_B: 911033774.25
- Algo: bkz2.0_20 | Updated 426/663 | Mean std_B: 905592312.06
- Algo: bkz2.0_20 | Updated 419/664 | Mean std_B: 905821001.55
- Algo: bkz2.0_20 | Updated 463/661 | Mean std_B: 907223475.55
- Algo: bkz2.0_20 | Updated 421/662 | Mean std_B: 908550124.13
- Algo: bkz2.0_20 | Updated 437/659 | Mean std_B: 912159768.68
- Algo: bkz2.0_20 | Updated 460/662 | Mean std_B: 907052307.05
- Algo: bkz2.0_20 | Updated 427/661 | Mean std_B: 910843679.91
- Algo: bkz2.0_20 | Updated 392/663 | Mean std_B: 911054817.35
- Algo: bkz2.0_20 | Updated 407/663 | Mean std_B: 907681265.55
- Algo: bkz2.0_20 | Updated 411/660 | Mean std_B: 911875411.14
- Algo: bkz2.0_20 | Updated 429/661 | Mean std_B: 910908678.34
- Algo: bkz2.0_20 | Updated 414/661 | Mean std_B: 909841970.19
- Algo: bkz2.0_20 | Updated 407/661 | Mean std_B: 910974188.41
Tour 9 | Time: 50493.27s | Mean std_B: 895824362.86 | Reduction Factor: 0.7679 | Prob: 0.0796
- Algo: bkz2.0_20 | Updated 346/662 | Mean std_B: 908205679.50
- Algo: bkz2.0_20 | Updated 374/662 | Mean std_B: 908471380.81
- Algo: bkz2.0_20 | Updated 365/660 | Mean std_B: 909191122.93
- Algo: bkz2.0_20 | Updated 387/663 | Mean std_B: 906189584.75
- Algo: bkz2.0_20 | Updated 380/663 | Mean std_B: 906639740.25
- Algo: bkz2.0_20 | Updated 353/661 | Mean std_B: 909149579.39
- Algo: bkz2.0_20 | Updated 375/666 | Mean std_B: 903767079.47
- Algo: bkz2.0_20 | Updated 346/663 | Mean std_B: 909970948.30
- Algo: bkz2.0_20 | Updated 386/664 | Mean std_B: 906658419.83
- Algo: bkz2.0_20 | Updated 341/664 | Mean std_B: 906238433.46
- Algo: bkz2.0_20 | Updated 357/664 | Mean std_B: 905931212.22
- Algo: bkz2.0_20 | Updated 364/661 | Mean std_B: 906938645.81
- Algo: bkz2.0_20 | Updated 374/663 | Mean std_B: 905557515.56
- Algo: bkz2.0_20 | Updated 380/663 | Mean std_B: 907455133.10
- Algo: bkz2.0_20 | Updated 405/664 | Mean std_B: 904506380.00
- Algo: bkz2.0_20 | Updated 353/660 | Mean std_B: 912418277.32
- Algo: bkz2.0_20 | Updated 368/660 | Mean std_B: 910024067.97
- Algo: bkz2.0_20 | Updated 364/664 | Mean std_B: 906291844.86
- Algo: bkz2.0_20 | Updated 377/661 | Mean std_B: 908344778.15
- Algo: bkz2.0_20 | Updated 363/664 | Mean std_B: 905672895.60
- Algo: bkz2.0_20 | Updated 365/662 | Mean std_B: 908551926.61
- Algo: bkz2.0_20 | Updated 373/662 | Mean std_B: 909265489.98
- Algo: bkz2.0_20 | Updated 342/665 | Mean std_B: 906448328.05
- Algo: bkz2.0_20 | Updated 402/663 | Mean std_B: 903489048.91
- Algo: bkz2.0_20 | Updated 351/663 | Mean std_B: 908163924.48
- Algo: bkz2.0_20 | Updated 361/665 | Mean std_B: 906141939.19
- Algo: bkz2.0_20 | Updated 362/663 | Mean std_B: 906160093.80
- Algo: bkz2.0_20 | Updated 367/662 | Mean std_B: 909122942.77
- Algo: bkz2.0_20 | Updated 359/666 | Mean std_B: 905049319.61
- Algo: bkz2.0_20 | Updated 364/662 | Mean std_B: 910536381.60
- Algo: bkz2.0_20 | Updated 384/663 | Mean std_B: 906028427.84
- Algo: bkz2.0_20 | Updated 353/666 | Mean std_B: 905346094.64
- Algo: bkz2.0_20 | Updated 371/664 | Mean std_B: 906597648.41
- Algo: bkz2.0_20 | Updated 377/662 | Mean std_B: 906360131.95
- Algo: bkz2.0_20 | Updated 393/663 | Mean std_B: 904834679.52
- Algo: bkz2.0_20 | Updated 361/662 | Mean std_B: 909315655.53
- Algo: bkz2.0_20 | Updated 366/662 | Mean std_B: 907094163.15
- Algo: bkz2.0_20 | Updated 346/660 | Mean std_B: 911103110.42
- Algo: bkz2.0_20 | Updated 355/664 | Mean std_B: 904405188.83
- Algo: bkz2.0_20 | Updated 357/662 | Mean std_B: 910530429.13
- Algo: bkz2.0_20 | Updated 386/661 | Mean std_B: 908401073.20
- Algo: bkz2.0_20 | Updated 375/663 | Mean std_B: 906106628.58
- Algo: bkz2.0_20 | Updated 348/663 | Mean std_B: 905975170.87
- Algo: bkz2.0_20 | Updated 363/663 | Mean std_B: 907521014.74
- Algo: bkz2.0_20 | Updated 370/663 | Mean std_B: 905559529.01
- Algo: bkz2.0_20 | Updated 365/662 | Mean std_B: 907318198.10
- Algo: bkz2.0_20 | Updated 367/663 | Mean std_B: 904918954.38
- Algo: bkz2.0_20 | Updated 346/663 | Mean std_B: 905246737.41
- Algo: bkz2.0_20 | Updated 372/667 | Mean std_B: 901089904.06
- Algo: bkz2.0_20 | Updated 383/662 | Mean std_B: 907585849.09
- Algo: bkz2.0_20 | Updated 395/662 | Mean std_B: 906934814.23
- Algo: bkz2.0_20 | Updated 350/662 | Mean std_B: 907669806.46
- Algo: bkz2.0_20 | Updated 357/664 | Mean std_B: 906136897.17
- Algo: bkz2.0_20 | Updated 351/661 | Mean std_B: 907687820.45
- Algo: bkz2.0_20 | Updated 369/665 | Mean std_B: 906470485.01
- Algo: bkz2.0_20 | Updated 350/664 | Mean std_B: 906743029.33
- Algo: bkz2.0_20 | Updated 378/664 | Mean std_B: 905884834.53
- Algo: bkz2.0_20 | Updated 370/662 | Mean std_B: 908956652.13
- Algo: bkz2.0_20 | Updated 389/662 | Mean std_B: 907869665.88
- Algo: bkz2.0_20 | Updated 380/661 | Mean std_B: 907694336.74
- Algo: bkz2.0_20 | Updated 404/661 | Mean std_B: 909585496.82
- Algo: bkz2.0_20 | Updated 376/661 | Mean std_B: 909913625.42
- Algo: bkz2.0_20 | Updated 358/661 | Mean std_B: 908756412.65
Tour 10 | Time: 52664.64s | Mean std_B: 891021461.57 | Reduction Factor: 0.7637 | Prob: 0.0800
- Algo: bkz2.0_20 | Updated 343/667 | Mean std_B: 901515561.85
- Algo: bkz2.0_20 | Updated 338/664 | Mean std_B: 905160519.84
- Algo: bkz2.0_20 | Updated 328/665 | Mean std_B: 905983839.92
- Algo: bkz2.0_20 | Updated 314/666 | Mean std_B: 904471225.83
- Algo: bkz2.0_20 | Updated 316/662 | Mean std_B: 908832012.28
- Algo: bkz2.0_20 | Updated 337/664 | Mean std_B: 904538448.06
- Algo: bkz2.0_20 | Updated 310/666 | Mean std_B: 904496006.85
- Algo: bkz2.0_20 | Updated 322/667 | Mean std_B: 899169558.13
- Algo: bkz2.0_20 | Updated 316/665 | Mean std_B: 906358855.26
- Algo: bkz2.0_20 | Updated 298/666 | Mean std_B: 904055919.71
- Algo: bkz2.0_20 | Updated 320/666 | Mean std_B: 903084988.00
- Algo: bkz2.0_20 | Updated 337/663 | Mean std_B: 908692244.27
- Algo: bkz2.0_20 | Updated 307/665 | Mean std_B: 904475747.45
- Algo: bkz2.0_20 | Updated 303/663 | Mean std_B: 907856608.71
- Algo: bkz2.0_20 | Updated 313/666 | Mean std_B: 903422277.75
- Algo: bkz2.0_20 | Updated 318/662 | Mean std_B: 908274850.84
- Algo: bkz2.0_20 | Updated 343/666 | Mean std_B: 904886986.30
- Algo: bkz2.0_20 | Updated 307/667 | Mean std_B: 904686692.68
- Algo: bkz2.0_20 | Updated 299/665 | Mean std_B: 904656560.15
- Algo: bkz2.0_20 | Updated 336/667 | Mean std_B: 902991900.13
- Algo: bkz2.0_20 | Updated 320/662 | Mean std_B: 909206458.21
- Algo: bkz2.0_20 | Updated 331/668 | Mean std_B: 901326721.23
- Algo: bkz2.0_20 | Updated 328/667 | Mean std_B: 902609362.31
- Algo: bkz2.0_20 | Updated 340/665 | Mean std_B: 903946315.28
- Algo: bkz2.0_20 | Updated 327/663 | Mean std_B: 908908628.09
- Algo: bkz2.0_20 | Updated 326/664 | Mean std_B: 905463304.41
- Algo: bkz2.0_20 | Updated 342/667 | Mean std_B: 902519389.58
- Algo: bkz2.0_20 | Updated 377/665 | Mean std_B: 903693018.13
- Algo: bkz2.0_20 | Updated 314/666 | Mean std_B: 903225692.28
- Algo: bkz2.0_20 | Updated 303/663 | Mean std_B: 907005758.63
- Algo: bkz2.0_20 | Updated 329/664 | Mean std_B: 905773574.79
- Algo: bkz2.0_20 | Updated 331/664 | Mean std_B: 903847776.74
- Algo: bkz2.0_20 | Updated 333/662 | Mean std_B: 907582081.83
- Algo: bkz2.0_20 | Updated 333/663 | Mean std_B: 905479270.67
- Algo: bkz2.0_20 | Updated 322/663 | Mean std_B: 909379928.38
- Algo: bkz2.0_20 | Updated 335/666 | Mean std_B: 905091976.08
- Algo: bkz2.0_20 | Updated 341/665 | Mean std_B: 903347130.02
- Algo: bkz2.0_20 | Updated 336/663 | Mean std_B: 906522587.97
- Algo: bkz2.0_20 | Updated 338/664 | Mean std_B: 904271334.94
- Algo: bkz2.0_20 | Updated 313/664 | Mean std_B: 908080461.12
- Algo: bkz2.0_20 | Updated 339/665 | Mean std_B: 905706391.24
- Algo: bkz2.0_20 | Updated 328/665 | Mean std_B: 904673853.58
- Algo: bkz2.0_20 | Updated 343/666 | Mean std_B: 903307746.95
- Algo: bkz2.0_20 | Updated 313/667 | Mean std_B: 902507094.73
- Algo: bkz2.0_20 | Updated 307/666 | Mean std_B: 904995945.65
- Algo: bkz2.0_20 | Updated 333/664 | Mean std_B: 904873042.04
- Algo: bkz2.0_20 | Updated 336/664 | Mean std_B: 907924928.68
- Algo: bkz2.0_20 | Updated 325/664 | Mean std_B: 907137667.30
- Algo: bkz2.0_20 | Updated 338/666 | Mean std_B: 903924801.38
- Algo: bkz2.0_20 | Updated 327/666 | Mean std_B: 905899164.45
- Algo: bkz2.0_20 | Updated 335/663 | Mean std_B: 904234407.60
- Algo: bkz2.0_20 | Updated 342/665 | Mean std_B: 903251421.06
- Algo: bkz2.0_20 | Updated 329/664 | Mean std_B: 904608706.09
- Algo: bkz2.0_20 | Updated 331/663 | Mean std_B: 905434549.35
- Algo: bkz2.0_20 | Updated 326/665 | Mean std_B: 905521839.45
- Algo: bkz2.0_20 | Updated 334/664 | Mean std_B: 906174931.46
- Algo: bkz2.0_20 | Updated 319/662 | Mean std_B: 906129149.36
- Algo: bkz2.0_20 | Updated 326/663 | Mean std_B: 907449323.48
- Algo: bkz2.0_20 | Updated 327/663 | Mean std_B: 905946223.04
- Algo: bkz2.0_20 | Updated 319/665 | Mean std_B: 905109739.68
- Algo: bkz2.0_20 | Updated 330/665 | Mean std_B: 904023043.29
- Algo: bkz2.0_20 | Updated 362/664 | Mean std_B: 905137531.85
- Algo: bkz2.0_20 | Updated 345/663 | Mean std_B: 907392826.69
Tour 11 | Time: 54747.57s | Mean std_B: 886990878.19 | Reduction Factor: 0.7603 | Prob: 0.0804
- Algo: bkz2.0_20 | Updated 289/666 | Mean std_B: 906314610.66
- Algo: bkz2.0_20 | Updated 296/667 | Mean std_B: 902356391.57
- Algo: bkz2.0_20 | Updated 325/664 | Mean std_B: 904479065.45
- Algo: bkz2.0_20 | Updated 292/665 | Mean std_B: 905643020.29
- Algo: bkz2.0_20 | Updated 312/665 | Mean std_B: 905139708.24
- Algo: bkz2.0_20 | Updated 312/665 | Mean std_B: 904994368.50
- Algo: bkz2.0_20 | Updated 311/666 | Mean std_B: 902864291.85
- Algo: bkz2.0_20 | Updated 315/668 | Mean std_B: 900358793.98
- Algo: bkz2.0_20 | Updated 326/664 | Mean std_B: 903574594.43
- Algo: bkz2.0_20 | Updated 313/665 | Mean std_B: 904422285.17
- Algo: bkz2.0_20 | Updated 288/667 | Mean std_B: 902009289.02
- Algo: bkz2.0_20 | Updated 281/667 | Mean std_B: 901281450.65
- Algo: bkz2.0_20 | Updated 296/669 | Mean std_B: 900938111.05
- Algo: bkz2.0_20 | Updated 307/670 | Mean std_B: 898014427.13
- Algo: bkz2.0_20 | Updated 292/665 | Mean std_B: 906307191.10
- Algo: bkz2.0_20 | Updated 303/667 | Mean std_B: 902668361.29
- Algo: bkz2.0_20 | Updated 316/666 | Mean std_B: 901249017.02
- Algo: bkz2.0_20 | Updated 297/664 | Mean std_B: 906003359.44
- Algo: bkz2.0_20 | Updated 335/666 | Mean std_B: 902424292.41
- Algo: bkz2.0_20 | Updated 308/665 | Mean std_B: 905061019.80
- Algo: bkz2.0_20 | Updated 339/666 | Mean std_B: 901589869.92
- Algo: bkz2.0_20 | Updated 268/668 | Mean std_B: 901524918.04
- Algo: bkz2.0_20 | Updated 269/666 | Mean std_B: 904831806.86
- Algo: bkz2.0_20 | Updated 304/665 | Mean std_B: 903153595.93
- Algo: bkz2.0_20 | Updated 295/668 | Mean std_B: 901177541.15
- Algo: bkz2.0_20 | Updated 311/668 | Mean std_B: 901371534.08
- Algo: bkz2.0_20 | Updated 321/664 | Mean std_B: 905826276.57
- Algo: bkz2.0_20 | Updated 288/666 | Mean std_B: 905224526.98
- Algo: bkz2.0_20 | Updated 316/668 | Mean std_B: 900681621.23
- Algo: bkz2.0_20 | Updated 289/666 | Mean std_B: 903241739.24
- Algo: bkz2.0_20 | Updated 289/665 | Mean std_B: 904713578.95
- Algo: bkz2.0_20 | Updated 305/667 | Mean std_B: 900795433.85
- Algo: bkz2.0_20 | Updated 301/664 | Mean std_B: 902633803.69
- Algo: bkz2.0_20 | Updated 287/667 | Mean std_B: 903685961.43
- Algo: bkz2.0_20 | Updated 312/668 | Mean std_B: 900850428.64
- Algo: bkz2.0_20 | Updated 328/669 | Mean std_B: 897782550.96
- Algo: bkz2.0_20 | Updated 299/667 | Mean std_B: 901483082.35
- Algo: bkz2.0_20 | Updated 288/667 | Mean std_B: 900311664.86
- Algo: bkz2.0_20 | Updated 273/667 | Mean std_B: 904607294.26
- Algo: bkz2.0_20 | Updated 303/668 | Mean std_B: 902795331.30
- Algo: bkz2.0_20 | Updated 305/666 | Mean std_B: 903862187.80
- Algo: bkz2.0_20 | Updated 287/665 | Mean std_B: 905550271.02
- Algo: bkz2.0_20 | Updated 309/664 | Mean std_B: 905030955.73
- Algo: bkz2.0_20 | Updated 282/664 | Mean std_B: 904213719.78
- Algo: bkz2.0_20 | Updated 306/667 | Mean std_B: 900934567.44
- Algo: bkz2.0_20 | Updated 320/667 | Mean std_B: 903159332.53
- Algo: bkz2.0_20 | Updated 318/668 | Mean std_B: 902246911.58
- Algo: bkz2.0_20 | Updated 317/666 | Mean std_B: 901955462.35
- Algo: bkz2.0_20 | Updated 306/667 | Mean std_B: 903091369.31
- Algo: bkz2.0_20 | Updated 291/665 | Mean std_B: 903699291.26
- Algo: bkz2.0_20 | Updated 320/667 | Mean std_B: 900739606.39
- Algo: bkz2.0_20 | Updated 285/667 | Mean std_B: 902599061.79
- Algo: bkz2.0_20 | Updated 276/666 | Mean std_B: 904596310.79
- Algo: bkz2.0_20 | Updated 321/668 | Mean std_B: 899657627.52
- Algo: bkz2.0_20 | Updated 316/668 | Mean std_B: 898592521.02
- Algo: bkz2.0_20 | Updated 340/669 | Mean std_B: 899239810.06
- Algo: bkz2.0_20 | Updated 296/669 | Mean std_B: 900169614.67
- Algo: bkz2.0_20 | Updated 301/665 | Mean std_B: 905392302.87
- Algo: bkz2.0_20 | Updated 305/668 | Mean std_B: 901468710.40
- Algo: bkz2.0_20 | Updated 291/667 | Mean std_B: 902260663.13
- Algo: bkz2.0_20 | Updated 285/665 | Mean std_B: 905645546.73
- Algo: bkz2.0_20 | Updated 292/665 | Mean std_B: 906081645.57
- Algo: bkz2.0_20 | Updated 283/668 | Mean std_B: 901928955.56
Tour 12 | Time: 56960.83s | Mean std_B: 883442173.80 | Reduction Factor: 0.7572 | Prob: 0.0807
- Algo: bkz2.0_20 | Updated 285/668 | Mean std_B: 900791921.51
- Algo: bkz2.0_20 | Updated 288/671 | Mean std_B: 898381350.91
- Algo: bkz2.0_20 | Updated 273/666 | Mean std_B: 904748526.64
- Algo: bkz2.0_20 | Updated 289/670 | Mean std_B: 898930511.99
- Algo: bkz2.0_20 | Updated 287/667 | Mean std_B: 902497591.70
- Algo: bkz2.0_20 | Updated 300/668 | Mean std_B: 899498855.78
- Algo: bkz2.0_20 | Updated 277/668 | Mean std_B: 901928697.39
- Algo: bkz2.0_20 | Updated 295/668 | Mean std_B: 898908916.39
- Algo: bkz2.0_20 | Updated 260/665 | Mean std_B: 902467072.75
- Algo: bkz2.0_20 | Updated 265/667 | Mean std_B: 903634424.31
- Algo: bkz2.0_20 | Updated 265/669 | Mean std_B: 900456107.13
- Algo: bkz2.0_20 | Updated 286/667 | Mean std_B: 901609804.29
- Algo: bkz2.0_20 | Updated 314/667 | Mean std_B: 901295408.53
- Algo: bkz2.0_20 | Updated 263/668 | Mean std_B: 900704899.70
- Algo: bkz2.0_20 | Updated 282/667 | Mean std_B: 899519259.77
- Algo: bkz2.0_20 | Updated 295/666 | Mean std_B: 901072611.04
- Algo: bkz2.0_20 | Updated 275/668 | Mean std_B: 901793838.21
- Algo: bkz2.0_20 | Updated 292/668 | Mean std_B: 900175184.57
- Algo: bkz2.0_20 | Updated 263/669 | Mean std_B: 899868092.11
- Algo: bkz2.0_20 | Updated 273/668 | Mean std_B: 900893849.74
- Algo: bkz2.0_20 | Updated 268/668 | Mean std_B: 901393274.32
- Algo: bkz2.0_20 | Updated 286/669 | Mean std_B: 899012820.46
- Algo: bkz2.0_20 | Updated 286/670 | Mean std_B: 897128378.01
- Algo: bkz2.0_20 | Updated 291/665 | Mean std_B: 903359710.55
- Algo: bkz2.0_20 | Updated 304/669 | Mean std_B: 899461676.05
- Algo: bkz2.0_20 | Updated 268/667 | Mean std_B: 902321912.10
- Algo: bkz2.0_20 | Updated 304/668 | Mean std_B: 897649581.73
- Algo: bkz2.0_20 | Updated 258/669 | Mean std_B: 900207953.03
- Algo: bkz2.0_20 | Updated 267/671 | Mean std_B: 896184912.49
- Algo: bkz2.0_20 | Updated 289/667 | Mean std_B: 899776570.59
- Algo: bkz2.0_20 | Updated 299/670 | Mean std_B: 898930152.59
- Algo: bkz2.0_20 | Updated 279/665 | Mean std_B: 903169333.77
- Algo: bkz2.0_20 | Updated 289/667 | Mean std_B: 900742916.64
- Algo: bkz2.0_20 | Updated 293/668 | Mean std_B: 899588675.58
- Algo: bkz2.0_20 | Updated 291/672 | Mean std_B: 896573987.53
- Algo: bkz2.0_20 | Updated 309/667 | Mean std_B: 900905536.96
- Algo: bkz2.0_20 | Updated 285/667 | Mean std_B: 902604058.06
- Algo: bkz2.0_20 | Updated 286/667 | Mean std_B: 901008520.90
- Algo: bkz2.0_20 | Updated 282/669 | Mean std_B: 899508110.67
- Algo: bkz2.0_20 | Updated 288/668 | Mean std_B: 901021475.01
- Algo: bkz2.0_20 | Updated 288/667 | Mean std_B: 899734682.04
- Algo: bkz2.0_20 | Updated 268/666 | Mean std_B: 903949975.95
- Algo: bkz2.0_20 | Updated 288/666 | Mean std_B: 902625647.37
- Algo: bkz2.0_20 | Updated 276/668 | Mean std_B: 900794873.16
- Algo: bkz2.0_20 | Updated 276/668 | Mean std_B: 899784809.67
- Algo: bkz2.0_20 | Updated 288/667 | Mean std_B: 902068423.48
- Algo: bkz2.0_20 | Updated 275/669 | Mean std_B: 900547968.89
- Algo: bkz2.0_20 | Updated 272/668 | Mean std_B: 900409299.31
- Algo: bkz2.0_20 | Updated 282/669 | Mean std_B: 900572597.25
- Algo: bkz2.0_20 | Updated 264/665 | Mean std_B: 905080037.00
- Algo: bkz2.0_20 | Updated 296/670 | Mean std_B: 898493473.68
- Algo: bkz2.0_20 | Updated 297/667 | Mean std_B: 900024441.02
- Algo: bkz2.0_20 | Updated 281/670 | Mean std_B: 899092976.69
- Algo: bkz2.0_20 | Updated 303/668 | Mean std_B: 898784951.26
- Algo: bkz2.0_20 | Updated 258/670 | Mean std_B: 899390211.12
- Algo: bkz2.0_20 | Updated 278/667 | Mean std_B: 901113332.36
- Algo: bkz2.0_20 | Updated 285/668 | Mean std_B: 902382415.69
- Algo: bkz2.0_20 | Updated 296/670 | Mean std_B: 899101918.93
- Algo: bkz2.0_20 | Updated 279/670 | Mean std_B: 899119133.97
- Algo: bkz2.0_20 | Updated 281/668 | Mean std_B: 901117670.82
- Algo: bkz2.0_20 | Updated 291/667 | Mean std_B: 904029947.14
- Algo: bkz2.0_20 | Updated 286/666 | Mean std_B: 904514117.76
- Algo: bkz2.0_20 | Updated 291/668 | Mean std_B: 898108854.89
Tour 13 | Time: 59049.93s | Mean std_B: 880210421.29 | Reduction Factor: 0.7544 | Prob: 0.0810
- Algo: bkz2.0_20 | Updated 250/670 | Mean std_B: 899180032.58
- Algo: bkz2.0_20 | Updated 287/668 | Mean std_B: 899842540.67
- Algo: bkz2.0_20 | Updated 288/672 | Mean std_B: 895284596.16
- Algo: bkz2.0_20 | Updated 260/670 | Mean std_B: 898554647.79
- Algo: bkz2.0_20 | Updated 263/670 | Mean std_B: 899033867.40
- Algo: bkz2.0_20 | Updated 258/671 | Mean std_B: 898312332.48
- Algo: bkz2.0_20 | Updated 258/670 | Mean std_B: 899409171.80
- Algo: bkz2.0_20 | Updated 286/667 | Mean std_B: 901428927.58
- Algo: bkz2.0_20 | Updated 277/668 | Mean std_B: 900115404.15
- Algo: bkz2.0_20 | Updated 261/671 | Mean std_B: 896036978.59
- Algo: bkz2.0_20 | Updated 284/670 | Mean std_B: 897779923.67
- Algo: bkz2.0_20 | Updated 280/668 | Mean std_B: 898557272.07
- Algo: bkz2.0_20 | Updated 276/669 | Mean std_B: 897778368.72
- Algo: bkz2.0_20 | Updated 265/672 | Mean std_B: 895826293.99
- Algo: bkz2.0_20 | Updated 270/669 | Mean std_B: 899585122.92
- Algo: bkz2.0_20 | Updated 258/670 | Mean std_B: 897349366.32
- Algo: bkz2.0_20 | Updated 261/667 | Mean std_B: 898974853.44
- Algo: bkz2.0_20 | Updated 288/668 | Mean std_B: 900247661.29
- Algo: bkz2.0_20 | Updated 258/669 | Mean std_B: 898749224.60
- Algo: bkz2.0_20 | Updated 268/668 | Mean std_B: 899620878.97
- Algo: bkz2.0_20 | Updated 274/668 | Mean std_B: 901477841.61
- Algo: bkz2.0_20 | Updated 252/667 | Mean std_B: 902849850.86
- Algo: bkz2.0_20 | Updated 274/667 | Mean std_B: 900287580.05
- Algo: bkz2.0_20 | Updated 301/671 | Mean std_B: 895578184.52
- Algo: bkz2.0_20 | Updated 245/670 | Mean std_B: 898120596.10
- Algo: bkz2.0_20 | Updated 285/669 | Mean std_B: 896637848.78
- Algo: bkz2.0_20 | Updated 268/670 | Mean std_B: 897406306.38
- Algo: bkz2.0_20 | Updated 284/669 | Mean std_B: 897989995.99
- Algo: bkz2.0_20 | Updated 267/671 | Mean std_B: 895802740.23
- Algo: bkz2.0_20 | Updated 262/670 | Mean std_B: 896822411.11
- Algo: bkz2.0_20 | Updated 263/670 | Mean std_B: 899345762.72
- Algo: bkz2.0_20 | Updated 288/670 | Mean std_B: 895329049.65
- Algo: bkz2.0_20 | Updated 267/670 | Mean std_B: 897679887.05
- Algo: bkz2.0_20 | Updated 260/674 | Mean std_B: 895068176.69
- Algo: bkz2.0_20 | Updated 263/666 | Mean std_B: 902371084.51
- Algo: bkz2.0_20 | Updated 276/669 | Mean std_B: 900428318.22
- Algo: bkz2.0_20 | Updated 261/669 | Mean std_B: 900883134.12
- Algo: bkz2.0_20 | Updated 265/669 | Mean std_B: 900937270.60
- Algo: bkz2.0_20 | Updated 250/672 | Mean std_B: 894055866.85
- Algo: bkz2.0_20 | Updated 257/670 | Mean std_B: 896788245.43
- Algo: bkz2.0_20 | Updated 267/669 | Mean std_B: 898924280.11
- Algo: bkz2.0_20 | Updated 283/669 | Mean std_B: 897938649.17
- Algo: bkz2.0_20 | Updated 270/669 | Mean std_B: 897615670.72
- Algo: bkz2.0_20 | Updated 283/668 | Mean std_B: 899543465.84
- Algo: bkz2.0_20 | Updated 249/669 | Mean std_B: 898024702.57
- Algo: bkz2.0_20 | Updated 253/669 | Mean std_B: 899781945.85
- Algo: bkz2.0_20 | Updated 292/669 | Mean std_B: 898308427.38
- Algo: bkz2.0_20 | Updated 283/669 | Mean std_B: 896732596.75
- Algo: bkz2.0_20 | Updated 251/669 | Mean std_B: 900621349.55
- Algo: bkz2.0_20 | Updated 240/668 | Mean std_B: 900308379.46
- Algo: bkz2.0_20 | Updated 257/671 | Mean std_B: 896689614.88
- Algo: bkz2.0_20 | Updated 289/670 | Mean std_B: 896878284.30
- Algo: bkz2.0_20 | Updated 278/669 | Mean std_B: 897474519.44
- Algo: bkz2.0_20 | Updated 257/668 | Mean std_B: 898762608.03
- Algo: bkz2.0_20 | Updated 247/668 | Mean std_B: 903005664.15
- Algo: bkz2.0_20 | Updated 280/669 | Mean std_B: 898108902.93
- Algo: bkz2.0_20 | Updated 236/668 | Mean std_B: 903120316.55
- Algo: bkz2.0_20 | Updated 290/670 | Mean std_B: 895655530.65
- Algo: bkz2.0_20 | Updated 269/669 | Mean std_B: 901116295.56
- Algo: bkz2.0_20 | Updated 284/671 | Mean std_B: 896212541.54
- Algo: bkz2.0_20 | Updated 287/670 | Mean std_B: 897892428.49
- Algo: bkz2.0_20 | Updated 247/672 | Mean std_B: 897745940.48
- Algo: bkz2.0_20 | Updated 270/667 | Mean std_B: 899839518.54
Tour 14 | Time: 60959.13s | Mean std_B: 877268113.93 | Reduction Factor: 0.7519 | Prob: 0.0813
- Algo: bkz2.0_20 | Updated 268/670 | Mean std_B: 897180087.87
- Algo: bkz2.0_20 | Updated 252/670 | Mean std_B: 896495692.49
- Algo: bkz2.0_20 | Updated 261/671 | Mean std_B: 894426907.37
- Algo: bkz2.0_20 | Updated 238/670 | Mean std_B: 896468160.65
- Algo: bkz2.0_20 | Updated 272/670 | Mean std_B: 894130471.90
- Algo: bkz2.0_20 | Updated 244/669 | Mean std_B: 897342614.58
- Algo: bkz2.0_20 | Updated 269/671 | Mean std_B: 895900245.18
- Algo: bkz2.0_20 | Updated 257/672 | Mean std_B: 896609635.90
- Algo: bkz2.0_20 | Updated 235/671 | Mean std_B: 895323871.24
- Algo: bkz2.0_20 | Updated 254/673 | Mean std_B: 893619011.80
- Algo: bkz2.0_20 | Updated 251/672 | Mean std_B: 895542260.10
- Algo: bkz2.0_20 | Updated 236/670 | Mean std_B: 899334254.26
- Algo: bkz2.0_20 | Updated 234/670 | Mean std_B: 896937533.14
- Algo: bkz2.0_20 | Updated 278/668 | Mean std_B: 897863961.39
- Algo: bkz2.0_20 | Updated 250/671 | Mean std_B: 895539619.29
- Algo: bkz2.0_20 | Updated 254/672 | Mean std_B: 895736979.31
- Algo: bkz2.0_20 | Updated 262/671 | Mean std_B: 896113285.58
- Algo: bkz2.0_20 | Updated 261/670 | Mean std_B: 896282222.97
- Algo: bkz2.0_20 | Updated 257/669 | Mean std_B: 899761770.92
- Algo: bkz2.0_20 | Updated 247/670 | Mean std_B: 896386533.93
- Algo: bkz2.0_20 | Updated 279/670 | Mean std_B: 897296757.46
- Algo: bkz2.0_20 | Updated 241/672 | Mean std_B: 894476487.00
- Algo: bkz2.0_20 | Updated 245/670 | Mean std_B: 896614350.65
- Algo: bkz2.0_20 | Updated 248/672 | Mean std_B: 894257895.04
- Algo: bkz2.0_20 | Updated 277/671 | Mean std_B: 896525846.23
- Algo: bkz2.0_20 | Updated 243/669 | Mean std_B: 897757502.95
- Algo: bkz2.0_20 | Updated 259/670 | Mean std_B: 898457340.31
- Algo: bkz2.0_20 | Updated 266/670 | Mean std_B: 895855606.36
- Algo: bkz2.0_20 | Updated 278/671 | Mean std_B: 895185064.27
- Algo: bkz2.0_20 | Updated 267/670 | Mean std_B: 894491041.81
- Algo: bkz2.0_20 | Updated 253/672 | Mean std_B: 895584090.29
- Algo: bkz2.0_20 | Updated 266/670 | Mean std_B: 896656885.15
- Algo: bkz2.0_20 | Updated 244/669 | Mean std_B: 897499394.71
- Algo: bkz2.0_20 | Updated 256/670 | Mean std_B: 896877608.93
- Algo: bkz2.0_20 | Updated 239/667 | Mean std_B: 900703420.51
- Algo: bkz2.0_20 | Updated 243/670 | Mean std_B: 897886072.45
- Algo: bkz2.0_20 | Updated 266/670 | Mean std_B: 898464836.45
- Algo: bkz2.0_20 | Updated 246/670 | Mean std_B: 897647264.45
- Algo: bkz2.0_20 | Updated 266/673 | Mean std_B: 894497915.31
- Algo: bkz2.0_20 | Updated 263/668 | Mean std_B: 898759276.15
- Algo: bkz2.0_20 | Updated 252/669 | Mean std_B: 898766449.09
- Algo: bkz2.0_20 | Updated 268/672 | Mean std_B: 890041805.26
- Algo: bkz2.0_20 | Updated 229/671 | Mean std_B: 896501213.23
- Algo: bkz2.0_20 | Updated 265/670 | Mean std_B: 896826462.75
- Algo: bkz2.0_20 | Updated 254/669 | Mean std_B: 897326478.08
- Algo: bkz2.0_20 | Updated 237/670 | Mean std_B: 897344207.93
- Algo: bkz2.0_20 | Updated 243/674 | Mean std_B: 894009886.41
- Algo: bkz2.0_20 | Updated 255/670 | Mean std_B: 899119138.52
- Algo: bkz2.0_20 | Updated 243/671 | Mean std_B: 898170189.74
- Algo: bkz2.0_20 | Updated 270/672 | Mean std_B: 894538269.40
- Algo: bkz2.0_20 | Updated 249/671 | Mean std_B: 896468428.73
- Algo: bkz2.0_20 | Updated 252/669 | Mean std_B: 900619838.80
- Algo: bkz2.0_20 | Updated 238/673 | Mean std_B: 896584616.14
- Algo: bkz2.0_20 | Updated 225/670 | Mean std_B: 899370920.51
- Algo: bkz2.0_20 | Updated 252/672 | Mean std_B: 894417615.58
- Algo: bkz2.0_20 | Updated 244/668 | Mean std_B: 900066734.12
- Algo: bkz2.0_20 | Updated 251/671 | Mean std_B: 896272399.12
- Algo: bkz2.0_20 | Updated 236/669 | Mean std_B: 899122106.16
- Algo: bkz2.0_20 | Updated 237/673 | Mean std_B: 895234737.23
- Algo: bkz2.0_20 | Updated 259/671 | Mean std_B: 897022395.11
- Algo: bkz2.0_20 | Updated 267/672 | Mean std_B: 894410263.74
- Algo: bkz2.0_20 | Updated 270/669 | Mean std_B: 896501431.13
- Algo: bkz2.0_20 | Updated 245/668 | Mean std_B: 900543236.53
Tour 15 | Time: 62882.09s | Mean std_B: 874555451.20 | Reduction Factor: 0.7496 | Prob: 0.0815
- Algo: bkz2.0_20 | Updated 237/672 | Mean std_B: 894358494.25
- Algo: bkz2.0_20 | Updated 234/673 | Mean std_B: 896885268.94
- Algo: bkz2.0_20 | Updated 246/673 | Mean std_B: 893444882.81
- Algo: bkz2.0_20 | Updated 254/672 | Mean std_B: 894679501.88
- Algo: bkz2.0_20 | Updated 262/674 | Mean std_B: 892443433.14
- Algo: bkz2.0_20 | Updated 232/670 | Mean std_B: 897136292.59
- Algo: bkz2.0_20 | Updated 219/672 | Mean std_B: 895417985.69
- Algo: bkz2.0_20 | Updated 236/671 | Mean std_B: 895808069.91
- Algo: bkz2.0_20 | Updated 239/672 | Mean std_B: 892331430.16
- Algo: bkz2.0_20 | Updated 259/672 | Mean std_B: 893121084.13
- Algo: bkz2.0_20 | Updated 246/673 | Mean std_B: 893415952.16
- Algo: bkz2.0_20 | Updated 229/669 | Mean std_B: 896707912.55
- Algo: bkz2.0_20 | Updated 242/671 | Mean std_B: 896501583.72
- Algo: bkz2.0_20 | Updated 253/673 | Mean std_B: 892096445.77
- Algo: bkz2.0_20 | Updated 242/674 | Mean std_B: 893991570.84
- Algo: bkz2.0_20 | Updated 249/671 | Mean std_B: 894704034.29
- Algo: bkz2.0_20 | Updated 242/673 | Mean std_B: 894110469.62
- Algo: bkz2.0_20 | Updated 255/672 | Mean std_B: 895995351.58
- Algo: bkz2.0_20 | Updated 208/671 | Mean std_B: 895217475.00
- Algo: bkz2.0_20 | Updated 243/672 | Mean std_B: 896382734.44
- Algo: bkz2.0_20 | Updated 231/672 | Mean std_B: 895562970.56
- Algo: bkz2.0_20 | Updated 266/671 | Mean std_B: 894102372.05
- Algo: bkz2.0_20 | Updated 236/671 | Mean std_B: 896026275.28
- Algo: bkz2.0_20 | Updated 242/669 | Mean std_B: 899242082.59
- Algo: bkz2.0_20 | Updated 222/671 | Mean std_B: 896445111.04
- Algo: bkz2.0_20 | Updated 234/671 | Mean std_B: 896206581.76
- Algo: bkz2.0_20 | Updated 238/673 | Mean std_B: 894478127.62
- Algo: bkz2.0_20 | Updated 230/674 | Mean std_B: 894604872.16
- Algo: bkz2.0_20 | Updated 247/669 | Mean std_B: 897452766.02
- Algo: bkz2.0_20 | Updated 249/674 | Mean std_B: 892069959.68
- Algo: bkz2.0_20 | Updated 219/673 | Mean std_B: 894024080.04
- Algo: bkz2.0_20 | Updated 248/673 | Mean std_B: 894540093.14
- Algo: bkz2.0_20 | Updated 216/670 | Mean std_B: 897368378.41
- Algo: bkz2.0_20 | Updated 232/672 | Mean std_B: 894103587.55
- Algo: bkz2.0_20 | Updated 252/670 | Mean std_B: 896471803.00
- Algo: bkz2.0_20 | Updated 241/673 | Mean std_B: 895211050.67
- Algo: bkz2.0_20 | Updated 241/671 | Mean std_B: 895329866.92
- Algo: bkz2.0_20 | Updated 240/670 | Mean std_B: 897426867.62
- Algo: bkz2.0_20 | Updated 218/673 | Mean std_B: 893746640.27
- Algo: bkz2.0_20 | Updated 237/672 | Mean std_B: 894527342.77
- Algo: bkz2.0_20 | Updated 246/672 | Mean std_B: 894461952.47
- Algo: bkz2.0_20 | Updated 226/672 | Mean std_B: 894927282.02
- Algo: bkz2.0_20 | Updated 240/672 | Mean std_B: 893895612.54
- Algo: bkz2.0_20 | Updated 246/672 | Mean std_B: 895516932.24
- Algo: bkz2.0_20 | Updated 244/671 | Mean std_B: 895085639.85
- Algo: bkz2.0_20 | Updated 238/669 | Mean std_B: 897733815.00
- Algo: bkz2.0_20 | Updated 235/674 | Mean std_B: 890054622.09
- Algo: bkz2.0_20 | Updated 210/672 | Mean std_B: 895944240.72
- Algo: bkz2.0_20 | Updated 233/670 | Mean std_B: 898613545.25
- Algo: bkz2.0_20 | Updated 237/672 | Mean std_B: 895893233.05
- Algo: bkz2.0_20 | Updated 241/675 | Mean std_B: 891372970.69
- Algo: bkz2.0_20 | Updated 249/671 | Mean std_B: 895411879.94
- Algo: bkz2.0_20 | Updated 232/673 | Mean std_B: 894517236.88
- Algo: bkz2.0_20 | Updated 234/670 | Mean std_B: 898778853.19
- Algo: bkz2.0_20 | Updated 237/672 | Mean std_B: 893392594.32
- Algo: bkz2.0_20 | Updated 251/672 | Mean std_B: 895620482.02
- Algo: bkz2.0_20 | Updated 224/673 | Mean std_B: 893512398.17
- Algo: bkz2.0_20 | Updated 226/673 | Mean std_B: 894941238.92
- Algo: bkz2.0_20 | Updated 244/671 | Mean std_B: 894324983.69
- Algo: bkz2.0_20 | Updated 246/673 | Mean std_B: 895201945.52
- Algo: bkz2.0_20 | Updated 249/674 | Mean std_B: 891648888.02
- Algo: bkz2.0_20 | Updated 230/669 | Mean std_B: 900167481.18
- Algo: bkz2.0_20 | Updated 244/671 | Mean std_B: 895676971.91
Tour 16 | Time: 64736.50s | Mean std_B: 872037986.50 | Reduction Factor: 0.7474 | Prob: 0.0818
- Algo: bkz2.0_20 | Updated 244/674 | Mean std_B: 893276651.38
- Algo: bkz2.0_20 | Updated 234/674 | Mean std_B: 891287550.61
- Algo: bkz2.0_20 | Updated 219/672 | Mean std_B: 895687270.70
- Algo: bkz2.0_20 | Updated 219/671 | Mean std_B: 893528123.19
- Algo: bkz2.0_20 | Updated 231/675 | Mean std_B: 891370767.37
- Algo: bkz2.0_20 | Updated 250/674 | Mean std_B: 891292493.90
- Algo: bkz2.0_20 | Updated 253/672 | Mean std_B: 892507858.84
- Algo: bkz2.0_20 | Updated 235/673 | Mean std_B: 890931054.00
- Algo: bkz2.0_20 | Updated 237/674 | Mean std_B: 893262278.53
- Algo: bkz2.0_20 | Updated 220/675 | Mean std_B: 888437441.48
- Algo: bkz2.0_20 | Updated 232/673 | Mean std_B: 891972127.29
- Algo: bkz2.0_20 | Updated 226/672 | Mean std_B: 894105016.77
- Algo: bkz2.0_20 | Updated 245/671 | Mean std_B: 894612986.89
- Algo: bkz2.0_20 | Updated 224/673 | Mean std_B: 892168246.34
- Algo: bkz2.0_20 | Updated 211/674 | Mean std_B: 894705696.41
- Algo: bkz2.0_20 | Updated 238/674 | Mean std_B: 892858257.50
- Algo: bkz2.0_20 | Updated 241/673 | Mean std_B: 894306499.36
- Algo: bkz2.0_20 | Updated 227/671 | Mean std_B: 895914613.05
- Algo: bkz2.0_20 | Updated 212/673 | Mean std_B: 893067163.34
- Algo: bkz2.0_20 | Updated 222/671 | Mean std_B: 893849611.15
- Algo: bkz2.0_20 | Updated 240/672 | Mean std_B: 893688772.73
- Algo: bkz2.0_20 | Updated 253/673 | Mean std_B: 892897257.36
- Algo: bkz2.0_20 | Updated 221/673 | Mean std_B: 892785800.03
- Algo: bkz2.0_20 | Updated 218/672 | Mean std_B: 895751223.61
- Algo: bkz2.0_20 | Updated 227/672 | Mean std_B: 896505819.91
- Algo: bkz2.0_20 | Updated 239/671 | Mean std_B: 895891843.21
- Algo: bkz2.0_20 | Updated 230/673 | Mean std_B: 893398194.38
- Algo: bkz2.0_20 | Updated 249/672 | Mean std_B: 893810484.47
- Algo: bkz2.0_20 | Updated 216/676 | Mean std_B: 890791008.10
- Algo: bkz2.0_20 | Updated 212/674 | Mean std_B: 892897428.21
- Algo: bkz2.0_20 | Updated 218/673 | Mean std_B: 894445180.32
- Algo: bkz2.0_20 | Updated 242/674 | Mean std_B: 892116137.13
- Algo: bkz2.0_20 | Updated 239/673 | Mean std_B: 892546094.46
- Algo: bkz2.0_20 | Updated 245/675 | Mean std_B: 890912843.30
- Algo: bkz2.0_20 | Updated 211/673 | Mean std_B: 894000591.45
- Algo: bkz2.0_20 | Updated 254/671 | Mean std_B: 895177461.38
- Algo: bkz2.0_20 | Updated 228/675 | Mean std_B: 890816914.55
- Algo: bkz2.0_20 | Updated 238/672 | Mean std_B: 894751477.00
- Algo: bkz2.0_20 | Updated 225/672 | Mean std_B: 894048820.74
- Algo: bkz2.0_20 | Updated 246/674 | Mean std_B: 892720053.07
- Algo: bkz2.0_20 | Updated 217/670 | Mean std_B: 898187467.28
- Algo: bkz2.0_20 | Updated 233/675 | Mean std_B: 890558080.61
- Algo: bkz2.0_20 | Updated 216/674 | Mean std_B: 894292073.19
- Algo: bkz2.0_20 | Updated 240/672 | Mean std_B: 893901290.09
- Algo: bkz2.0_20 | Updated 210/674 | Mean std_B: 892362904.08
- Algo: bkz2.0_20 | Updated 220/672 | Mean std_B: 896204150.61
- Algo: bkz2.0_20 | Updated 217/674 | Mean std_B: 891920333.07
- Algo: bkz2.0_20 | Updated 258/673 | Mean std_B: 891657735.00
- Algo: bkz2.0_20 | Updated 209/674 | Mean std_B: 891849400.30
- Algo: bkz2.0_20 | Updated 211/673 | Mean std_B: 894497362.41
- Algo: bkz2.0_20 | Updated 247/670 | Mean std_B: 895271061.94
- Algo: bkz2.0_20 | Updated 221/676 | Mean std_B: 890423219.85
- Algo: bkz2.0_20 | Updated 242/673 | Mean std_B: 891316141.04
- Algo: bkz2.0_20 | Updated 240/673 | Mean std_B: 893950650.03
- Algo: bkz2.0_20 | Updated 225/674 | Mean std_B: 893470583.73
- Algo: bkz2.0_20 | Updated 229/671 | Mean std_B: 893791358.94
- Algo: bkz2.0_20 | Updated 234/675 | Mean std_B: 891408890.82
- Algo: bkz2.0_20 | Updated 227/674 | Mean std_B: 893280781.79
- Algo: bkz2.0_20 | Updated 245/674 | Mean std_B: 891128721.62
- Algo: bkz2.0_20 | Updated 248/672 | Mean std_B: 892748568.02
- Algo: bkz2.0_20 | Updated 243/674 | Mean std_B: 892503160.16
- Algo: bkz2.0_20 | Updated 232/674 | Mean std_B: 891030370.74
- Algo: bkz2.0_20 | Updated 249/675 | Mean std_B: 890436781.09
Tour 17 | Time: 66525.14s | Mean std_B: 869636841.79 | Reduction Factor: 0.7454 | Prob: 0.0820
- Algo: bkz2.0_20 | Updated 239/675 | Mean std_B: 891784477.35
- Algo: bkz2.0_20 | Updated 212/674 | Mean std_B: 893609047.00
- Algo: bkz2.0_20 | Updated 209/676 | Mean std_B: 890628227.07
- Algo: bkz2.0_20 | Updated 221/673 | Mean std_B: 893521721.42
- Algo: bkz2.0_20 | Updated 235/675 | Mean std_B: 890674616.36
- Algo: bkz2.0_20 | Updated 233/675 | Mean std_B: 889360360.81
- Algo: bkz2.0_20 | Updated 224/675 | Mean std_B: 891686919.99
- Algo: bkz2.0_20 | Updated 213/674 | Mean std_B: 892947805.43
- Algo: bkz2.0_20 | Updated 225/675 | Mean std_B: 891632362.42
- Algo: bkz2.0_20 | Updated 223/675 | Mean std_B: 891245820.62
- Algo: bkz2.0_20 | Updated 249/673 | Mean std_B: 890578720.06
- Algo: bkz2.0_20 | Updated 212/674 | Mean std_B: 893356227.55
- Algo: bkz2.0_20 | Updated 243/673 | Mean std_B: 889034802.43
- Algo: bkz2.0_20 | Updated 198/675 | Mean std_B: 891156178.59
- Algo: bkz2.0_20 | Updated 220/672 | Mean std_B: 892485758.22
- Algo: bkz2.0_20 | Updated 227/674 | Mean std_B: 894070172.39
- Algo: bkz2.0_20 | Updated 207/674 | Mean std_B: 891809919.29
- Algo: bkz2.0_20 | Updated 219/672 | Mean std_B: 895255650.32
- Algo: bkz2.0_20 | Updated 219/676 | Mean std_B: 890425438.87
- Algo: bkz2.0_20 | Updated 223/674 | Mean std_B: 891743856.78
- Algo: bkz2.0_20 | Updated 274/674 | Mean std_B: 891633862.77
- Algo: bkz2.0_20 | Updated 218/676 | Mean std_B: 889844327.82
- Algo: bkz2.0_20 | Updated 227/676 | Mean std_B: 888950857.64
- Algo: bkz2.0_20 | Updated 231/675 | Mean std_B: 891360903.92
- Algo: bkz2.0_20 | Updated 235/676 | Mean std_B: 887425778.26
- Algo: bkz2.0_20 | Updated 243/677 | Mean std_B: 889081983.28
- Algo: bkz2.0_20 | Updated 239/673 | Mean std_B: 892897454.01
- Algo: bkz2.0_20 | Updated 245/674 | Mean std_B: 891428010.60
- Algo: bkz2.0_20 | Updated 208/678 | Mean std_B: 888047288.29
- Algo: bkz2.0_20 | Updated 216/674 | Mean std_B: 891372269.70
- Algo: bkz2.0_20 | Updated 240/675 | Mean std_B: 890252732.70
- Algo: bkz2.0_20 | Updated 228/674 | Mean std_B: 888839085.38
- Algo: bkz2.0_20 | Updated 224/676 | Mean std_B: 888375071.39
- Algo: bkz2.0_20 | Updated 235/675 | Mean std_B: 890893477.67
- Algo: bkz2.0_20 | Updated 210/675 | Mean std_B: 891552955.08
- Algo: bkz2.0_20 | Updated 242/674 | Mean std_B: 892189124.71
- Algo: bkz2.0_20 | Updated 190/677 | Mean std_B: 888410823.19
- Algo: bkz2.0_20 | Updated 221/675 | Mean std_B: 891338154.81
- Algo: bkz2.0_20 | Updated 224/676 | Mean std_B: 891025893.88
- Algo: bkz2.0_20 | Updated 235/675 | Mean std_B: 891021171.18
- Algo: bkz2.0_20 | Updated 217/674 | Mean std_B: 891726894.43
- Algo: bkz2.0_20 | Updated 195/675 | Mean std_B: 892897983.90
- Algo: bkz2.0_20 | Updated 228/675 | Mean std_B: 889749051.77
- Algo: bkz2.0_20 | Updated 207/673 | Mean std_B: 895543804.90
- Algo: bkz2.0_20 | Updated 207/674 | Mean std_B: 893545611.52
- Algo: bkz2.0_20 | Updated 234/672 | Mean std_B: 893183219.96
- Algo: bkz2.0_20 | Updated 241/672 | Mean std_B: 893647322.73
- Algo: bkz2.0_20 | Updated 203/675 | Mean std_B: 892381863.46
- Algo: bkz2.0_20 | Updated 240/673 | Mean std_B: 891847794.60
- Algo: bkz2.0_20 | Updated 220/675 | Mean std_B: 891845876.29
- Algo: bkz2.0_20 | Updated 228/675 | Mean std_B: 890693585.71
- Algo: bkz2.0_20 | Updated 207/673 | Mean std_B: 893515666.11
- Algo: bkz2.0_20 | Updated 207/677 | Mean std_B: 889547974.93
- Algo: bkz2.0_20 | Updated 224/674 | Mean std_B: 889565563.72
- Algo: bkz2.0_20 | Updated 184/673 | Mean std_B: 894531064.95
- Algo: bkz2.0_20 | Updated 213/674 | Mean std_B: 894330747.62
- Algo: bkz2.0_20 | Updated 210/674 | Mean std_B: 892263503.66
- Algo: bkz2.0_20 | Updated 196/674 | Mean std_B: 891336921.08
- Algo: bkz2.0_20 | Updated 232/674 | Mean std_B: 893185518.59
- Algo: bkz2.0_20 | Updated 189/675 | Mean std_B: 892411816.95
- Algo: bkz2.0_20 | Updated 227/674 | Mean std_B: 893166547.94
- Algo: bkz2.0_20 | Updated 220/676 | Mean std_B: 890415897.24
- Algo: bkz2.0_20 | Updated 230/673 | Mean std_B: 891862537.34
Tour 18 | Time: 68346.22s | Mean std_B: 867393578.32 | Reduction Factor: 0.7434 | Prob: 0.0822
- Algo: bkz2.0_20 | Updated 195/675 | Mean std_B: 891064967.04
- Algo: bkz2.0_20 | Updated 219/676 | Mean std_B: 889425192.92
- Algo: bkz2.0_20 | Updated 228/676 | Mean std_B: 889241227.42
- Algo: bkz2.0_20 | Updated 234/675 | Mean std_B: 888669886.22
- Algo: bkz2.0_20 | Updated 233/676 | Mean std_B: 888888471.50
- Algo: bkz2.0_20 | Updated 222/677 | Mean std_B: 888803033.89
- Algo: bkz2.0_20 | Updated 210/676 | Mean std_B: 887931703.54
- Algo: bkz2.0_20 | Updated 222/678 | Mean std_B: 886339063.40
- Algo: bkz2.0_20 | Updated 193/676 | Mean std_B: 891818100.07
- Algo: bkz2.0_20 | Updated 208/674 | Mean std_B: 891729449.04
- Algo: bkz2.0_20 | Updated 214/675 | Mean std_B: 890926579.82
- Algo: bkz2.0_20 | Updated 220/675 | Mean std_B: 890511664.20
- Algo: bkz2.0_20 | Updated 224/675 | Mean std_B: 888670540.97
- Algo: bkz2.0_20 | Updated 177/677 | Mean std_B: 888584819.91
- Algo: bkz2.0_20 | Updated 215/676 | Mean std_B: 887327129.51
- Algo: bkz2.0_20 | Updated 228/675 | Mean std_B: 890975181.21
- Algo: bkz2.0_20 | Updated 215/676 | Mean std_B: 888068768.02
- Algo: bkz2.0_20 | Updated 201/674 | Mean std_B: 890679405.20
- Algo: bkz2.0_20 | Updated 209/675 | Mean std_B: 890885170.76
- Algo: bkz2.0_20 | Updated 200/675 | Mean std_B: 889652838.62
- Algo: bkz2.0_20 | Updated 208/674 | Mean std_B: 891501041.28
- Algo: bkz2.0_20 | Updated 211/677 | Mean std_B: 890271767.43
- Algo: bkz2.0_20 | Updated 205/675 | Mean std_B: 891572984.33
- Algo: bkz2.0_20 | Updated 232/677 | Mean std_B: 888283498.34
- Algo: bkz2.0_20 | Updated 222/673 | Mean std_B: 893280201.66
- Algo: bkz2.0_20 | Updated 223/675 | Mean std_B: 890136141.32
- Algo: bkz2.0_20 | Updated 230/675 | Mean std_B: 889631397.82
- Algo: bkz2.0_20 | Updated 186/676 | Mean std_B: 890316766.70
- Algo: bkz2.0_20 | Updated 220/674 | Mean std_B: 891200188.87
- Algo: bkz2.0_20 | Updated 233/673 | Mean std_B: 892233925.06
- Algo: bkz2.0_20 | Updated 204/678 | Mean std_B: 886976727.92
- Algo: bkz2.0_20 | Updated 208/672 | Mean std_B: 893869038.70
- Algo: bkz2.0_20 | Updated 203/673 | Mean std_B: 891514943.58
- Algo: bkz2.0_20 | Updated 216/677 | Mean std_B: 887331350.38
- Algo: bkz2.0_20 | Updated 234/674 | Mean std_B: 891018508.83
- Algo: bkz2.0_20 | Updated 227/677 | Mean std_B: 887939097.80
- Algo: bkz2.0_20 | Updated 212/675 | Mean std_B: 889117678.86
- Algo: bkz2.0_20 | Updated 209/676 | Mean std_B: 888098489.99
- Algo: bkz2.0_20 | Updated 231/675 | Mean std_B: 889776363.52
- Algo: bkz2.0_20 | Updated 217/674 | Mean std_B: 889396040.28
- Algo: bkz2.0_20 | Updated 211/676 | Mean std_B: 891235781.38
- Algo: bkz2.0_20 | Updated 211/677 | Mean std_B: 887659898.14
- Algo: bkz2.0_20 | Updated 215/675 | Mean std_B: 891722547.27
- Algo: bkz2.0_20 | Updated 188/675 | Mean std_B: 890805649.51
- Algo: bkz2.0_20 | Updated 205/675 | Mean std_B: 891478825.26
- Algo: bkz2.0_20 | Updated 219/676 | Mean std_B: 891291531.01
- Algo: bkz2.0_20 | Updated 204/674 | Mean std_B: 891878381.24
- Algo: bkz2.0_20 | Updated 196/674 | Mean std_B: 890127358.17
- Algo: bkz2.0_20 | Updated 218/676 | Mean std_B: 887323251.05
- Algo: bkz2.0_20 | Updated 203/673 | Mean std_B: 893336776.97
- Algo: bkz2.0_20 | Updated 213/675 | Mean std_B: 888410101.58
- Algo: bkz2.0_20 | Updated 205/676 | Mean std_B: 889148736.84
- Algo: bkz2.0_20 | Updated 220/676 | Mean std_B: 889387215.10
- Algo: bkz2.0_20 | Updated 220/676 | Mean std_B: 890513964.42
- Algo: bkz2.0_20 | Updated 244/676 | Mean std_B: 886856376.68
- Algo: bkz2.0_20 | Updated 189/673 | Mean std_B: 894831421.60
- Algo: bkz2.0_20 | Updated 226/675 | Mean std_B: 890368807.98
- Algo: bkz2.0_20 | Updated 210/676 | Mean std_B: 888481891.01
- Algo: bkz2.0_20 | Updated 217/676 | Mean std_B: 887475202.17
- Algo: bkz2.0_20 | Updated 193/675 | Mean std_B: 891079794.53
- Algo: bkz2.0_20 | Updated 204/676 | Mean std_B: 890533868.56
- Algo: bkz2.0_20 | Updated 212/676 | Mean std_B: 889490245.46
- Algo: bkz2.0_20 | Updated 197/674 | Mean std_B: 891336429.36
Tour 19 | Time: 70164.14s | Mean std_B: 865264318.99 | Reduction Factor: 0.7416 | Prob: 0.0824
- Algo: bkz2.0_20 | Updated 209/677 | Mean std_B: 886805641.16
- Algo: bkz2.0_20 | Updated 217/676 | Mean std_B: 889714481.64
- Algo: bkz2.0_20 | Updated 228/675 | Mean std_B: 890016070.63
- Algo: bkz2.0_20 | Updated 224/678 | Mean std_B: 886037498.94
- Algo: bkz2.0_20 | Updated 206/673 | Mean std_B: 893619538.50
- Algo: bkz2.0_20 | Updated 193/677 | Mean std_B: 887485338.29
- Algo: bkz2.0_20 | Updated 213/678 | Mean std_B: 887016003.54
