Parameters: {'n': 256, 'q': 3329, 'k': 1, 'secret_type': 'cbd', 'eta': 2, 'gaussian_std': 3, 'hw': -1, 'error_type': 'cbd', 'num_gen': 4, 'add_noise': True, 'mod_q': True, 'seed': None, 'approximation_std': 3, 'approximation_threshold': 0.01, 'save_to': './', 'float_type': 'd', 'matrix_config': 'dual', 'reduction_samples': None, 'reduction_resampling': True, 'min_samples': None, 'num_matrices': 0, 'reduction_max_size': 1000, 'lookback': 3, 'warmup_steps': 10, 'flatter_alpha': 0.001, 'bkz_delta': 0.99, 'bkz_block_sizes': '20:50:5', 'use_polish': True, 'interleaved_steps': 0, 'penalty': 4, 'verbose': False, 'train_percentages': [0.1, 0.3, 0.6, 1.0], 'model': 'tukey', 'lr': 0.0001, 'c_factor': 1.0, 'epsilon': 1.1, 'max_iter': 15000, 'alpha': 0.0001, 'warm_start': False, 'fit_intercept': False, 'tol': 0.001, 'use_ransac': False, 'residual_factor': 1.5, 'max_trials': 100}
Arguments: {'num_attacks': 0, 'attack_strategy': 'tour', 'attack_every': 1, 'save_strategy': 'no', 'save_every': 1, 'stop_strategy': 'no', 'stop_after': 48, 'save_at_the_end': False, 'reload': False, 'reload_from': './../data/data_n_300_k_1_s_binary_80040.pkl', 'train_secret_types': ['binary'], 'reload_from_salsa': None, 'num_training_repeats': 10, 'hw_range': '20:160:1'}
Reloaded dataset from ./../data/data_n_300_k_1_s_binary_80040.pkl with parameters: {'n': 300, 'q': 94056013, 'k': 1, 'secret_type': 'binary', 'eta': 2, 'gaussian_std': 3, 'hw': -1, 'error_type': 'gaussian', 'num_gen': 4, 'add_noise': True, 'mod_q': True, 'seed': 42, 'approximation_std': 3, 'approximation_threshold': 0.01, 'save_to': '../data', 'float_type': 'd', 'matrix_config': 'dual', 'reduction_samples': None, 'reduction_resampling': True, 'min_samples': None, 'num_matrices': 63, 'reduction_max_size': 700, 'lookback': 3, 'warmup_steps': 5, 'flatter_alpha': 0.001, 'bkz_delta': 0.99, 'bkz_block_sizes': '20:40:10', 'use_polish': True, 'interleaved_steps': 0, 'penalty': 10, 'verbose': True, 'train_percentages': [0.1, 0.3, 0.6, 1.0], 'model': 'tukey', 'lr': 0.0001, 'c_factor': 1.0, 'epsilon': 1.1, 'max_iter': 15000, 'alpha': 0.0001, 'warm_start': False, 'fit_intercept': False, 'tol': 0.001, 'use_ransac': False, 'residual_factor': 1.5, 'max_trials': 100, 'reduction_factor': None}
Performing attack on all secret types.
Preprocessing time: 147015.99 seconds
[BEST 10% STD] True B is the best candidate: 3638 / 4410 (82.49%)
[BEST 30% STD] True B is the best candidate: 10766 / 13230 (81.38%)
20: 1/1 (1.00)
[BEST 10% STD] True B is the best candidate: 3997 / 4410 (90.63%)
[BEST 30% STD] True B is the best candidate: 11754 / 13230 (88.84%)
20: 1/1 (1.00), 21: 1/1 (1.00)
[BEST 10% STD] True B is the best candidate: 4048 / 4410 (91.79%)
[BEST 30% STD] True B is the best candidate: 12016 / 13230 (90.82%)
20: 1/1 (1.00), 21: 1/1 (1.00), 22: 1/1 (1.00)
[BEST 10% STD] True B is the best candidate: 3987 / 4410 (90.41%)
[BEST 30% STD] True B is the best candidate: 11921 / 13230 (90.11%)
20: 1/1 (1.00), 21: 1/1 (1.00), 22: 1/1 (1.00), 23: 1/1 (1.00)
[BEST 10% STD] True B is the best candidate: 3986 / 4410 (90.39%)
[BEST 30% STD] True B is the best candidate: 11775 / 13230 (89.00%)
20: 1/1 (1.00), 21: 1/1 (1.00), 22: 1/1 (1.00), 23: 1/1 (1.00), 24: 1/1 (1.00)
[BEST 10% STD] True B is the best candidate: 3897 / 4410 (88.37%)
[BEST 30% STD] True B is the best candidate: 11454 / 13230 (86.58%)
[BEST 60% STD] True B is the best candidate: 22614 / 26460 (85.46%)
20: 1/1 (1.00), 21: 1/1 (1.00), 22: 1/1 (1.00), 23: 1/1 (1.00), 24: 1/1 (1.00), 25: 1/1 (1.00)
[BEST 10% STD] True B is the best candidate: 3747 / 4410 (84.97%)
[BEST 30% STD] True B is the best candidate: 11067 / 13230 (83.65%)
20: 1/1 (1.00), 21: 1/1 (1.00), 22: 1/1 (1.00), 23: 1/1 (1.00), 24: 1/1 (1.00), 25: 1/1 (1.00), 26: 1/1 (1.00)
[BEST 10% STD] True B is the best candidate: 3273 / 4410 (74.22%)
[BEST 30% STD] True B is the best candidate: 9640 / 13230 (72.86%)
20: 1/1 (1.00), 21: 1/1 (1.00), 22: 1/1 (1.00), 23: 1/1 (1.00), 24: 1/1 (1.00), 25: 1/1 (1.00), 26: 1/1 (1.00), 27: 1/1 (1.00)
[BEST 10% STD] True B is the best candidate: 3957 / 4410 (89.73%)
[BEST 30% STD] True B is the best candidate: 11644 / 13230 (88.01%)
20: 1/1 (1.00), 21: 1/1 (1.00), 22: 1/1 (1.00), 23: 1/1 (1.00), 24: 1/1 (1.00), 25: 1/1 (1.00), 26: 1/1 (1.00), 27: 1/1 (1.00), 28: 1/1 (1.00)
[BEST 10% STD] True B is the best candidate: 3746 / 4410 (84.94%)
[BEST 30% STD] True B is the best candidate: 11069 / 13230 (83.67%)
20: 1/1 (1.00), 21: 1/1 (1.00), 22: 1/1 (1.00), 23: 1/1 (1.00), 24: 1/1 (1.00), 25: 1/1 (1.00), 26: 1/1 (1.00), 27: 1/1 (1.00), 28: 1/1 (1.00), 29: 1/1 (1.00)
[BEST 10% STD] True B is the best candidate: 3767 / 4410 (85.42%)
[BEST 30% STD] True B is the best candidate: 11248 / 13230 (85.02%)
20: 1/1 (1.00), 21: 1/1 (1.00), 22: 1/1 (1.00), 23: 1/1 (1.00), 24: 1/1 (1.00), 25: 1/1 (1.00), 26: 1/1 (1.00), 27: 1/1 (1.00), 28: 1/1 (1.00), 29: 1/1 (1.00), 30: 1/1 (1.00)
[BEST 10% STD] True B is the best candidate: 3706 / 4410 (84.04%)
[BEST 30% STD] True B is the best candidate: 11034 / 13230 (83.40%)
20: 1/1 (1.00), 21: 1/1 (1.00), 22: 1/1 (1.00), 23: 1/1 (1.00), 24: 1/1 (1.00), 25: 1/1 (1.00), 26: 1/1 (1.00), 27: 1/1 (1.00), 28: 1/1 (1.00), 29: 1/1 (1.00), 30: 1/1 (1.00), 31: 1/1 (1.00)
[BEST 10% STD] True B is the best candidate: 3636 / 4410 (82.45%)
[BEST 30% STD] True B is the best candidate: 10667 / 13230 (80.63%)
20: 1/1 (1.00), 21: 1/1 (1.00), 22: 1/1 (1.00), 23: 1/1 (1.00), 24: 1/1 (1.00), 25: 1/1 (1.00), 26: 1/1 (1.00), 27: 1/1 (1.00), 28: 1/1 (1.00), 29: 1/1 (1.00), 30: 1/1 (1.00), 31: 1/1 (1.00), 32: 1/1 (1.00)
[BEST 10% STD] True B is the best candidate: 3602 / 4410 (81.68%)
[BEST 30% STD] True B is the best candidate: 10705 / 13230 (80.91%)
20: 1/1 (1.00), 21: 1/1 (1.00), 22: 1/1 (1.00), 23: 1/1 (1.00), 24: 1/1 (1.00), 25: 1/1 (1.00), 26: 1/1 (1.00), 27: 1/1 (1.00), 28: 1/1 (1.00), 29: 1/1 (1.00), 30: 1/1 (1.00), 31: 1/1 (1.00), 32: 1/1 (1.00), 33: 1/1 (1.00)
[BEST 10% STD] True B is the best candidate: 3898 / 4410 (88.39%)
[BEST 30% STD] True B is the best candidate: 11501 / 13230 (86.93%)
20: 1/1 (1.00), 21: 1/1 (1.00), 22: 1/1 (1.00), 23: 1/1 (1.00), 24: 1/1 (1.00), 25: 1/1 (1.00), 26: 1/1 (1.00), 27: 1/1 (1.00), 28: 1/1 (1.00), 29: 1/1 (1.00), 30: 1/1 (1.00), 31: 1/1 (1.00), 32: 1/1 (1.00), 33: 1/1 (1.00), 34: 1/1 (1.00)
[BEST 10% STD] True B is the best candidate: 3348 / 4410 (75.92%)
[BEST 30% STD] True B is the best candidate: 9860 / 13230 (74.53%)
20: 1/1 (1.00), 21: 1/1 (1.00), 22: 1/1 (1.00), 23: 1/1 (1.00), 24: 1/1 (1.00), 25: 1/1 (1.00), 26: 1/1 (1.00), 27: 1/1 (1.00), 28: 1/1 (1.00), 29: 1/1 (1.00), 30: 1/1 (1.00), 31: 1/1 (1.00), 32: 1/1 (1.00), 33: 1/1 (1.00), 34: 1/1 (1.00), 35: 1/1 (1.00)
[BEST 10% STD] True B is the best candidate: 3872 / 4410 (87.80%)
[BEST 30% STD] True B is the best candidate: 11311 / 13230 (85.50%)
20: 1/1 (1.00), 21: 1/1 (1.00), 22: 1/1 (1.00), 23: 1/1 (1.00), 24: 1/1 (1.00), 25: 1/1 (1.00), 26: 1/1 (1.00), 27: 1/1 (1.00), 28: 1/1 (1.00), 29: 1/1 (1.00), 30: 1/1 (1.00), 31: 1/1 (1.00), 32: 1/1 (1.00), 33: 1/1 (1.00), 34: 1/1 (1.00), 35: 1/1 (1.00), 36: 1/1 (1.00)
[BEST 10% STD] True B is the best candidate: 3645 / 4410 (82.65%)
[BEST 30% STD] True B is the best candidate: 10734 / 13230 (81.13%)
20: 1/1 (1.00), 21: 1/1 (1.00), 22: 1/1 (1.00), 23: 1/1 (1.00), 24: 1/1 (1.00), 25: 1/1 (1.00), 26: 1/1 (1.00), 27: 1/1 (1.00), 28: 1/1 (1.00), 29: 1/1 (1.00), 30: 1/1 (1.00), 31: 1/1 (1.00), 32: 1/1 (1.00), 33: 1/1 (1.00), 34: 1/1 (1.00), 35: 1/1 (1.00), 36: 1/1 (1.00), 37: 1/1 (1.00)
[BEST 10% STD] True B is the best candidate: 3732 / 4410 (84.63%)
[BEST 30% STD] True B is the best candidate: 11028 / 13230 (83.36%)
20: 1/1 (1.00), 21: 1/1 (1.00), 22: 1/1 (1.00), 23: 1/1 (1.00), 24: 1/1 (1.00), 25: 1/1 (1.00), 26: 1/1 (1.00), 27: 1/1 (1.00), 28: 1/1 (1.00), 29: 1/1 (1.00), 30: 1/1 (1.00), 31: 1/1 (1.00), 32: 1/1 (1.00), 33: 1/1 (1.00), 34: 1/1 (1.00), 35: 1/1 (1.00), 36: 1/1 (1.00), 37: 1/1 (1.00), 38: 1/1 (1.00)
[BEST 10% STD] True B is the best candidate: 3358 / 4410 (76.15%)
[BEST 30% STD] True B is the best candidate: 9879 / 13230 (74.67%)
20: 1/1 (1.00), 21: 1/1 (1.00), 22: 1/1 (1.00), 23: 1/1 (1.00), 24: 1/1 (1.00), 25: 1/1 (1.00), 26: 1/1 (1.00), 27: 1/1 (1.00), 28: 1/1 (1.00), 29: 1/1 (1.00), 30: 1/1 (1.00), 31: 1/1 (1.00), 32: 1/1 (1.00), 33: 1/1 (1.00), 34: 1/1 (1.00), 35: 1/1 (1.00), 36: 1/1 (1.00), 37: 1/1 (1.00), 38: 1/1 (1.00), 39: 1/1 (1.00)
[BEST 10% STD] True B is the best candidate: 3559 / 4410 (80.70%)
[BEST 30% STD] True B is the best candidate: 10492 / 13230 (79.30%)
[BEST 60% STD] True B is the best candidate: 20746 / 26460 (78.41%)
20: 1/1 (1.00), 21: 1/1 (1.00), 22: 1/1 (1.00), 23: 1/1 (1.00), 24: 1/1 (1.00), 25: 1/1 (1.00), 26: 1/1 (1.00), 27: 1/1 (1.00), 28: 1/1 (1.00), 29: 1/1 (1.00), 30: 1/1 (1.00), 31: 1/1 (1.00), 32: 1/1 (1.00), 33: 1/1 (1.00), 34: 1/1 (1.00), 35: 1/1 (1.00), 36: 1/1 (1.00), 37: 1/1 (1.00), 38: 1/1 (1.00), 39: 1/1 (1.00), 40: 1/1 (1.00)
[BEST 10% STD] True B is the best candidate: 3184 / 4410 (72.20%)
[BEST 30% STD] True B is the best candidate: 9312 / 13230 (70.39%)
[BEST 60% STD] True B is the best candidate: 18297 / 26460 (69.15%)
[BEST 100% STD] True B is the best candidate: 30276 / 44100 (68.65%)
20: 1/1 (1.00), 21: 1/1 (1.00), 22: 1/1 (1.00), 23: 1/1 (1.00), 24: 1/1 (1.00), 25: 1/1 (1.00), 26: 1/1 (1.00), 27: 1/1 (1.00), 28: 1/1 (1.00), 29: 1/1 (1.00), 30: 1/1 (1.00), 31: 1/1 (1.00), 32: 1/1 (1.00), 33: 1/1 (1.00), 34: 1/1 (1.00), 35: 1/1 (1.00), 36: 1/1 (1.00), 37: 1/1 (1.00), 38: 1/1 (1.00), 39: 1/1 (1.00), 40: 1/1 (1.00), 41: 1/1 (1.00)
[BEST 10% STD] True B is the best candidate: 3711 / 4410 (84.15%)
[BEST 30% STD] True B is the best candidate: 10982 / 13230 (83.01%)
20: 1/1 (1.00), 21: 1/1 (1.00), 22: 1/1 (1.00), 23: 1/1 (1.00), 24: 1/1 (1.00), 25: 1/1 (1.00), 26: 1/1 (1.00), 27: 1/1 (1.00), 28: 1/1 (1.00), 29: 1/1 (1.00), 30: 1/1 (1.00), 31: 1/1 (1.00), 32: 1/1 (1.00), 33: 1/1 (1.00), 34: 1/1 (1.00), 35: 1/1 (1.00), 36: 1/1 (1.00), 37: 1/1 (1.00), 38: 1/1 (1.00), 39: 1/1 (1.00), 40: 1/1 (1.00), 41: 1/1 (1.00), 42: 1/1 (1.00)
[BEST 10% STD] True B is the best candidate: 3708 / 4410 (84.08%)
[BEST 30% STD] True B is the best candidate: 10925 / 13230 (82.58%)
20: 1/1 (1.00), 21: 1/1 (1.00), 22: 1/1 (1.00), 23: 1/1 (1.00), 24: 1/1 (1.00), 25: 1/1 (1.00), 26: 1/1 (1.00), 27: 1/1 (1.00), 28: 1/1 (1.00), 29: 1/1 (1.00), 30: 1/1 (1.00), 31: 1/1 (1.00), 32: 1/1 (1.00), 33: 1/1 (1.00), 34: 1/1 (1.00), 35: 1/1 (1.00), 36: 1/1 (1.00), 37: 1/1 (1.00), 38: 1/1 (1.00), 39: 1/1 (1.00), 40: 1/1 (1.00), 41: 1/1 (1.00), 42: 1/1 (1.00), 43: 1/1 (1.00)
[BEST 10% STD] True B is the best candidate: 3573 / 4410 (81.02%)
[BEST 30% STD] True B is the best candidate: 10475 / 13230 (79.18%)
20: 1/1 (1.00), 21: 1/1 (1.00), 22: 1/1 (1.00), 23: 1/1 (1.00), 24: 1/1 (1.00), 25: 1/1 (1.00), 26: 1/1 (1.00), 27: 1/1 (1.00), 28: 1/1 (1.00), 29: 1/1 (1.00), 30: 1/1 (1.00), 31: 1/1 (1.00), 32: 1/1 (1.00), 33: 1/1 (1.00), 34: 1/1 (1.00), 35: 1/1 (1.00), 36: 1/1 (1.00), 37: 1/1 (1.00), 38: 1/1 (1.00), 39: 1/1 (1.00), 40: 1/1 (1.00), 41: 1/1 (1.00), 42: 1/1 (1.00), 43: 1/1 (1.00), 44: 1/1 (1.00)
[BEST 10% STD] True B is the best candidate: 3500 / 4410 (79.37%)
[BEST 30% STD] True B is the best candidate: 10343 / 13230 (78.18%)
20: 1/1 (1.00), 21: 1/1 (1.00), 22: 1/1 (1.00), 23: 1/1 (1.00), 24: 1/1 (1.00), 25: 1/1 (1.00), 26: 1/1 (1.00), 27: 1/1 (1.00), 28: 1/1 (1.00), 29: 1/1 (1.00), 30: 1/1 (1.00), 31: 1/1 (1.00), 32: 1/1 (1.00), 33: 1/1 (1.00), 34: 1/1 (1.00), 35: 1/1 (1.00), 36: 1/1 (1.00), 37: 1/1 (1.00), 38: 1/1 (1.00), 39: 1/1 (1.00), 40: 1/1 (1.00), 41: 1/1 (1.00), 42: 1/1 (1.00), 43: 1/1 (1.00), 44: 1/1 (1.00), 45: 1/1 (1.00)
[BEST 10% STD] True B is the best candidate: 3400 / 4410 (77.10%)
[BEST 30% STD] True B is the best candidate: 10093 / 13230 (76.29%)
[BEST 60% STD] True B is the best candidate: 20002 / 26460 (75.59%)
20: 1/1 (1.00), 21: 1/1 (1.00), 22: 1/1 (1.00), 23: 1/1 (1.00), 24: 1/1 (1.00), 25: 1/1 (1.00), 26: 1/1 (1.00), 27: 1/1 (1.00), 28: 1/1 (1.00), 29: 1/1 (1.00), 30: 1/1 (1.00), 31: 1/1 (1.00), 32: 1/1 (1.00), 33: 1/1 (1.00), 34: 1/1 (1.00), 35: 1/1 (1.00), 36: 1/1 (1.00), 37: 1/1 (1.00), 38: 1/1 (1.00), 39: 1/1 (1.00), 40: 1/1 (1.00), 41: 1/1 (1.00), 42: 1/1 (1.00), 43: 1/1 (1.00), 44: 1/1 (1.00), 45: 1/1 (1.00), 46: 1/1 (1.00)
[BEST 10% STD] True B is the best candidate: 3464 / 4410 (78.55%)
[BEST 30% STD] True B is the best candidate: 10220 / 13230 (77.25%)
20: 1/1 (1.00), 21: 1/1 (1.00), 22: 1/1 (1.00), 23: 1/1 (1.00), 24: 1/1 (1.00), 25: 1/1 (1.00), 26: 1/1 (1.00), 27: 1/1 (1.00), 28: 1/1 (1.00), 29: 1/1 (1.00), 30: 1/1 (1.00), 31: 1/1 (1.00), 32: 1/1 (1.00), 33: 1/1 (1.00), 34: 1/1 (1.00), 35: 1/1 (1.00), 36: 1/1 (1.00), 37: 1/1 (1.00), 38: 1/1 (1.00), 39: 1/1 (1.00), 40: 1/1 (1.00), 41: 1/1 (1.00), 42: 1/1 (1.00), 43: 1/1 (1.00), 44: 1/1 (1.00), 45: 1/1 (1.00), 46: 1/1 (1.00), 47: 1/1 (1.00)
[BEST 10% STD] True B is the best candidate: 3497 / 4410 (79.30%)
[BEST 30% STD] True B is the best candidate: 10265 / 13230 (77.59%)
[BEST 60% STD] True B is the best candidate: 20118 / 26460 (76.03%)
20: 1/1 (1.00), 21: 1/1 (1.00), 22: 1/1 (1.00), 23: 1/1 (1.00), 24: 1/1 (1.00), 25: 1/1 (1.00), 26: 1/1 (1.00), 27: 1/1 (1.00), 28: 1/1 (1.00), 29: 1/1 (1.00), 30: 1/1 (1.00), 31: 1/1 (1.00), 32: 1/1 (1.00), 33: 1/1 (1.00), 34: 1/1 (1.00), 35: 1/1 (1.00), 36: 1/1 (1.00), 37: 1/1 (1.00), 38: 1/1 (1.00), 39: 1/1 (1.00), 40: 1/1 (1.00), 41: 1/1 (1.00), 42: 1/1 (1.00), 43: 1/1 (1.00), 44: 1/1 (1.00), 45: 1/1 (1.00), 46: 1/1 (1.00), 47: 1/1 (1.00), 48: 1/1 (1.00)
[BEST 10% STD] True B is the best candidate: 3456 / 4410 (78.37%)
20: 1/1 (1.00), 21: 1/1 (1.00), 22: 1/1 (1.00), 23: 1/1 (1.00), 24: 1/1 (1.00), 25: 1/1 (1.00), 26: 1/1 (1.00), 27: 1/1 (1.00), 28: 1/1 (1.00), 29: 1/1 (1.00), 30: 1/1 (1.00), 31: 1/1 (1.00), 32: 1/1 (1.00), 33: 1/1 (1.00), 34: 1/1 (1.00), 35: 1/1 (1.00), 36: 1/1 (1.00), 37: 1/1 (1.00), 38: 1/1 (1.00), 39: 1/1 (1.00), 40: 1/1 (1.00), 41: 1/1 (1.00), 42: 1/1 (1.00), 43: 1/1 (1.00), 44: 1/1 (1.00), 45: 1/1 (1.00), 46: 1/1 (1.00), 47: 1/1 (1.00), 48: 1/1 (1.00), 49: 1/1 (1.00)
[BEST 10% STD] True B is the best candidate: 3271 / 4410 (74.17%)
[BEST 30% STD] True B is the best candidate: 9591 / 13230 (72.49%)
20: 1/1 (1.00), 21: 1/1 (1.00), 22: 1/1 (1.00), 23: 1/1 (1.00), 24: 1/1 (1.00), 25: 1/1 (1.00), 26: 1/1 (1.00), 27: 1/1 (1.00), 28: 1/1 (1.00), 29: 1/1 (1.00), 30: 1/1 (1.00), 31: 1/1 (1.00), 32: 1/1 (1.00), 33: 1/1 (1.00), 34: 1/1 (1.00), 35: 1/1 (1.00), 36: 1/1 (1.00), 37: 1/1 (1.00), 38: 1/1 (1.00), 39: 1/1 (1.00), 40: 1/1 (1.00), 41: 1/1 (1.00), 42: 1/1 (1.00), 43: 1/1 (1.00), 44: 1/1 (1.00), 45: 1/1 (1.00), 46: 1/1 (1.00), 47: 1/1 (1.00), 48: 1/1 (1.00), 49: 1/1 (1.00), 50: 1/1 (1.00)
[BEST 10% STD] True B is the best candidate: 3220 / 4410 (73.02%)
[BEST 30% STD] True B is the best candidate: 9424 / 13230 (71.23%)
[BEST 60% STD] True B is the best candidate: 18599 / 26460 (70.29%)
20: 1/1 (1.00), 21: 1/1 (1.00), 22: 1/1 (1.00), 23: 1/1 (1.00), 24: 1/1 (1.00), 25: 1/1 (1.00), 26: 1/1 (1.00), 27: 1/1 (1.00), 28: 1/1 (1.00), 29: 1/1 (1.00), 30: 1/1 (1.00), 31: 1/1 (1.00), 32: 1/1 (1.00), 33: 1/1 (1.00), 34: 1/1 (1.00), 35: 1/1 (1.00), 36: 1/1 (1.00), 37: 1/1 (1.00), 38: 1/1 (1.00), 39: 1/1 (1.00), 40: 1/1 (1.00), 41: 1/1 (1.00), 42: 1/1 (1.00), 43: 1/1 (1.00), 44: 1/1 (1.00), 45: 1/1 (1.00), 46: 1/1 (1.00), 47: 1/1 (1.00), 48: 1/1 (1.00), 49: 1/1 (1.00), 50: 1/1 (1.00), 51: 1/1 (1.00)
[BEST 10% STD] True B is the best candidate: 3288 / 4410 (74.56%)
[BEST 30% STD] True B is the best candidate: 9775 / 13230 (73.89%)
[BEST 60% STD] True B is the best candidate: 19240 / 26460 (72.71%)
20: 1/1 (1.00), 21: 1/1 (1.00), 22: 1/1 (1.00), 23: 1/1 (1.00), 24: 1/1 (1.00), 25: 1/1 (1.00), 26: 1/1 (1.00), 27: 1/1 (1.00), 28: 1/1 (1.00), 29: 1/1 (1.00), 30: 1/1 (1.00), 31: 1/1 (1.00), 32: 1/1 (1.00), 33: 1/1 (1.00), 34: 1/1 (1.00), 35: 1/1 (1.00), 36: 1/1 (1.00), 37: 1/1 (1.00), 38: 1/1 (1.00), 39: 1/1 (1.00), 40: 1/1 (1.00), 41: 1/1 (1.00), 42: 1/1 (1.00), 43: 1/1 (1.00), 44: 1/1 (1.00), 45: 1/1 (1.00), 46: 1/1 (1.00), 47: 1/1 (1.00), 48: 1/1 (1.00), 49: 1/1 (1.00), 50: 1/1 (1.00), 51: 1/1 (1.00), 52: 1/1 (1.00)
[BEST 10% STD] True B is the best candidate: 3500 / 4410 (79.37%)
[BEST 30% STD] True B is the best candidate: 10261 / 13230 (77.56%)
20: 1/1 (1.00), 21: 1/1 (1.00), 22: 1/1 (1.00), 23: 1/1 (1.00), 24: 1/1 (1.00), 25: 1/1 (1.00), 26: 1/1 (1.00), 27: 1/1 (1.00), 28: 1/1 (1.00), 29: 1/1 (1.00), 30: 1/1 (1.00), 31: 1/1 (1.00), 32: 1/1 (1.00), 33: 1/1 (1.00), 34: 1/1 (1.00), 35: 1/1 (1.00), 36: 1/1 (1.00), 37: 1/1 (1.00), 38: 1/1 (1.00), 39: 1/1 (1.00), 40: 1/1 (1.00), 41: 1/1 (1.00), 42: 1/1 (1.00), 43: 1/1 (1.00), 44: 1/1 (1.00), 45: 1/1 (1.00), 46: 1/1 (1.00), 47: 1/1 (1.00), 48: 1/1 (1.00), 49: 1/1 (1.00), 50: 1/1 (1.00), 51: 1/1 (1.00), 52: 1/1 (1.00), 53: 1/1 (1.00)
[BEST 10% STD] True B is the best candidate: 3248 / 4410 (73.65%)
[BEST 30% STD] True B is the best candidate: 9550 / 13230 (72.18%)
20: 1/1 (1.00), 21: 1/1 (1.00), 22: 1/1 (1.00), 23: 1/1 (1.00), 24: 1/1 (1.00), 25: 1/1 (1.00), 26: 1/1 (1.00), 27: 1/1 (1.00), 28: 1/1 (1.00), 29: 1/1 (1.00), 30: 1/1 (1.00), 31: 1/1 (1.00), 32: 1/1 (1.00), 33: 1/1 (1.00), 34: 1/1 (1.00), 35: 1/1 (1.00), 36: 1/1 (1.00), 37: 1/1 (1.00), 38: 1/1 (1.00), 39: 1/1 (1.00), 40: 1/1 (1.00), 41: 1/1 (1.00), 42: 1/1 (1.00), 43: 1/1 (1.00), 44: 1/1 (1.00), 45: 1/1 (1.00), 46: 1/1 (1.00), 47: 1/1 (1.00), 48: 1/1 (1.00), 49: 1/1 (1.00), 50: 1/1 (1.00), 51: 1/1 (1.00), 52: 1/1 (1.00), 53: 1/1 (1.00), 54: 1/1 (1.00)
[BEST 10% STD] True B is the best candidate: 3473 / 4410 (78.75%)
[BEST 30% STD] True B is the best candidate: 10291 / 13230 (77.79%)
20: 1/1 (1.00), 21: 1/1 (1.00), 22: 1/1 (1.00), 23: 1/1 (1.00), 24: 1/1 (1.00), 25: 1/1 (1.00), 26: 1/1 (1.00), 27: 1/1 (1.00), 28: 1/1 (1.00), 29: 1/1 (1.00), 30: 1/1 (1.00), 31: 1/1 (1.00), 32: 1/1 (1.00), 33: 1/1 (1.00), 34: 1/1 (1.00), 35: 1/1 (1.00), 36: 1/1 (1.00), 37: 1/1 (1.00), 38: 1/1 (1.00), 39: 1/1 (1.00), 40: 1/1 (1.00), 41: 1/1 (1.00), 42: 1/1 (1.00), 43: 1/1 (1.00), 44: 1/1 (1.00), 45: 1/1 (1.00), 46: 1/1 (1.00), 47: 1/1 (1.00), 48: 1/1 (1.00), 49: 1/1 (1.00), 50: 1/1 (1.00), 51: 1/1 (1.00), 52: 1/1 (1.00), 53: 1/1 (1.00), 54: 1/1 (1.00), 55: 1/1 (1.00)
[BEST 10% STD] True B is the best candidate: 3257 / 4410 (73.85%)
[BEST 30% STD] True B is the best candidate: 9511 / 13230 (71.89%)
[BEST 60% STD] True B is the best candidate: 18696 / 26460 (70.66%)
20: 1/1 (1.00), 21: 1/1 (1.00), 22: 1/1 (1.00), 23: 1/1 (1.00), 24: 1/1 (1.00), 25: 1/1 (1.00), 26: 1/1 (1.00), 27: 1/1 (1.00), 28: 1/1 (1.00), 29: 1/1 (1.00), 30: 1/1 (1.00), 31: 1/1 (1.00), 32: 1/1 (1.00), 33: 1/1 (1.00), 34: 1/1 (1.00), 35: 1/1 (1.00), 36: 1/1 (1.00), 37: 1/1 (1.00), 38: 1/1 (1.00), 39: 1/1 (1.00), 40: 1/1 (1.00), 41: 1/1 (1.00), 42: 1/1 (1.00), 43: 1/1 (1.00), 44: 1/1 (1.00), 45: 1/1 (1.00), 46: 1/1 (1.00), 47: 1/1 (1.00), 48: 1/1 (1.00), 49: 1/1 (1.00), 50: 1/1 (1.00), 51: 1/1 (1.00), 52: 1/1 (1.00), 53: 1/1 (1.00), 54: 1/1 (1.00), 55: 1/1 (1.00), 56: 1/1 (1.00)
[BEST 10% STD] True B is the best candidate: 3256 / 4410 (73.83%)
[BEST 30% STD] True B is the best candidate: 9611 / 13230 (72.65%)
20: 1/1 (1.00), 21: 1/1 (1.00), 22: 1/1 (1.00), 23: 1/1 (1.00), 24: 1/1 (1.00), 25: 1/1 (1.00), 26: 1/1 (1.00), 27: 1/1 (1.00), 28: 1/1 (1.00), 29: 1/1 (1.00), 30: 1/1 (1.00), 31: 1/1 (1.00), 32: 1/1 (1.00), 33: 1/1 (1.00), 34: 1/1 (1.00), 35: 1/1 (1.00), 36: 1/1 (1.00), 37: 1/1 (1.00), 38: 1/1 (1.00), 39: 1/1 (1.00), 40: 1/1 (1.00), 41: 1/1 (1.00), 42: 1/1 (1.00), 43: 1/1 (1.00), 44: 1/1 (1.00), 45: 1/1 (1.00), 46: 1/1 (1.00), 47: 1/1 (1.00), 48: 1/1 (1.00), 49: 1/1 (1.00), 50: 1/1 (1.00), 51: 1/1 (1.00), 52: 1/1 (1.00), 53: 1/1 (1.00), 54: 1/1 (1.00), 55: 1/1 (1.00), 56: 1/1 (1.00), 57: 1/1 (1.00)
[BEST 10% STD] True B is the best candidate: 3213 / 4410 (72.86%)
[BEST 30% STD] True B is the best candidate: 9508 / 13230 (71.87%)
[BEST 60% STD] True B is the best candidate: 18634 / 26460 (70.42%)
20: 1/1 (1.00), 21: 1/1 (1.00), 22: 1/1 (1.00), 23: 1/1 (1.00), 24: 1/1 (1.00), 25: 1/1 (1.00), 26: 1/1 (1.00), 27: 1/1 (1.00), 28: 1/1 (1.00), 29: 1/1 (1.00), 30: 1/1 (1.00), 31: 1/1 (1.00), 32: 1/1 (1.00), 33: 1/1 (1.00), 34: 1/1 (1.00), 35: 1/1 (1.00), 36: 1/1 (1.00), 37: 1/1 (1.00), 38: 1/1 (1.00), 39: 1/1 (1.00), 40: 1/1 (1.00), 41: 1/1 (1.00), 42: 1/1 (1.00), 43: 1/1 (1.00), 44: 1/1 (1.00), 45: 1/1 (1.00), 46: 1/1 (1.00), 47: 1/1 (1.00), 48: 1/1 (1.00), 49: 1/1 (1.00), 50: 1/1 (1.00), 51: 1/1 (1.00), 52: 1/1 (1.00), 53: 1/1 (1.00), 54: 1/1 (1.00), 55: 1/1 (1.00), 56: 1/1 (1.00), 57: 1/1 (1.00), 58: 1/1 (1.00)
[BEST 10% STD] True B is the best candidate: 3360 / 4410 (76.19%)
[BEST 30% STD] True B is the best candidate: 9732 / 13230 (73.56%)
[BEST 60% STD] True B is the best candidate: 19201 / 26460 (72.57%)
20: 1/1 (1.00), 21: 1/1 (1.00), 22: 1/1 (1.00), 23: 1/1 (1.00), 24: 1/1 (1.00), 25: 1/1 (1.00), 26: 1/1 (1.00), 27: 1/1 (1.00), 28: 1/1 (1.00), 29: 1/1 (1.00), 30: 1/1 (1.00), 31: 1/1 (1.00), 32: 1/1 (1.00), 33: 1/1 (1.00), 34: 1/1 (1.00), 35: 1/1 (1.00), 36: 1/1 (1.00), 37: 1/1 (1.00), 38: 1/1 (1.00), 39: 1/1 (1.00), 40: 1/1 (1.00), 41: 1/1 (1.00), 42: 1/1 (1.00), 43: 1/1 (1.00), 44: 1/1 (1.00), 45: 1/1 (1.00), 46: 1/1 (1.00), 47: 1/1 (1.00), 48: 1/1 (1.00), 49: 1/1 (1.00), 50: 1/1 (1.00), 51: 1/1 (1.00), 52: 1/1 (1.00), 53: 1/1 (1.00), 54: 1/1 (1.00), 55: 1/1 (1.00), 56: 1/1 (1.00), 57: 1/1 (1.00), 58: 1/1 (1.00), 59: 1/1 (1.00)
[BEST 10% STD] True B is the best candidate: 2881 / 4410 (65.33%)
[BEST 30% STD] True B is the best candidate: 8500 / 13230 (64.25%)
[BEST 60% STD] True B is the best candidate: 16645 / 26460 (62.91%)
[BEST 100% STD] True B is the best candidate: 27241 / 44100 (61.77%)
[BEST 10% STD] True B is the best candidate: 3052 / 4410 (69.21%)
[BEST 30% STD] True B is the best candidate: 9129 / 13230 (69.00%)
[BEST 60% STD] True B is the best candidate: 17943 / 26460 (67.81%)
[BEST 100% STD] True B is the best candidate: 29324 / 44100 (66.49%)
[BEST 10% STD] True B is the best candidate: 3050 / 4410 (69.16%)
[BEST 30% STD] True B is the best candidate: 8964 / 13230 (67.76%)
[BEST 60% STD] True B is the best candidate: 17711 / 26460 (66.93%)
[BEST 100% STD] True B is the best candidate: 28907 / 44100 (65.55%)
[BEST 10% STD] True B is the best candidate: 3298 / 4410 (74.78%)
[BEST 30% STD] True B is the best candidate: 9597 / 13230 (72.54%)
[BEST 60% STD] True B is the best candidate: 18925 / 26460 (71.52%)
20: 1/1 (1.00), 21: 1/1 (1.00), 22: 1/1 (1.00), 23: 1/1 (1.00), 24: 1/1 (1.00), 25: 1/1 (1.00), 26: 1/1 (1.00), 27: 1/1 (1.00), 28: 1/1 (1.00), 29: 1/1 (1.00), 30: 1/1 (1.00), 31: 1/1 (1.00), 32: 1/1 (1.00), 33: 1/1 (1.00), 34: 1/1 (1.00), 35: 1/1 (1.00), 36: 1/1 (1.00), 37: 1/1 (1.00), 38: 1/1 (1.00), 39: 1/1 (1.00), 40: 1/1 (1.00), 41: 1/1 (1.00), 42: 1/1 (1.00), 43: 1/1 (1.00), 44: 1/1 (1.00), 45: 1/1 (1.00), 46: 1/1 (1.00), 47: 1/1 (1.00), 48: 1/1 (1.00), 49: 1/1 (1.00), 50: 1/1 (1.00), 51: 1/1 (1.00), 52: 1/1 (1.00), 53: 1/1 (1.00), 54: 1/1 (1.00), 55: 1/1 (1.00), 56: 1/1 (1.00), 57: 1/1 (1.00), 58: 1/1 (1.00), 59: 1/1 (1.00), 60: 1/4 (0.25)
[BEST 10% STD] True B is the best candidate: 3230 / 4410 (73.24%)
[BEST 30% STD] True B is the best candidate: 9465 / 13230 (71.54%)
20: 1/1 (1.00), 21: 1/1 (1.00), 22: 1/1 (1.00), 23: 1/1 (1.00), 24: 1/1 (1.00), 25: 1/1 (1.00), 26: 1/1 (1.00), 27: 1/1 (1.00), 28: 1/1 (1.00), 29: 1/1 (1.00), 30: 1/1 (1.00), 31: 1/1 (1.00), 32: 1/1 (1.00), 33: 1/1 (1.00), 34: 1/1 (1.00), 35: 1/1 (1.00), 36: 1/1 (1.00), 37: 1/1 (1.00), 38: 1/1 (1.00), 39: 1/1 (1.00), 40: 1/1 (1.00), 41: 1/1 (1.00), 42: 1/1 (1.00), 43: 1/1 (1.00), 44: 1/1 (1.00), 45: 1/1 (1.00), 46: 1/1 (1.00), 47: 1/1 (1.00), 48: 1/1 (1.00), 49: 1/1 (1.00), 50: 1/1 (1.00), 51: 1/1 (1.00), 52: 1/1 (1.00), 53: 1/1 (1.00), 54: 1/1 (1.00), 55: 1/1 (1.00), 56: 1/1 (1.00), 57: 1/1 (1.00), 58: 1/1 (1.00), 59: 1/1 (1.00), 60: 1/4 (0.25), 61: 1/1 (1.00)
[BEST 10% STD] True B is the best candidate: 3122 / 4410 (70.79%)
[BEST 30% STD] True B is the best candidate: 9178 / 13230 (69.37%)
20: 1/1 (1.00), 21: 1/1 (1.00), 22: 1/1 (1.00), 23: 1/1 (1.00), 24: 1/1 (1.00), 25: 1/1 (1.00), 26: 1/1 (1.00), 27: 1/1 (1.00), 28: 1/1 (1.00), 29: 1/1 (1.00), 30: 1/1 (1.00), 31: 1/1 (1.00), 32: 1/1 (1.00), 33: 1/1 (1.00), 34: 1/1 (1.00), 35: 1/1 (1.00), 36: 1/1 (1.00), 37: 1/1 (1.00), 38: 1/1 (1.00), 39: 1/1 (1.00), 40: 1/1 (1.00), 41: 1/1 (1.00), 42: 1/1 (1.00), 43: 1/1 (1.00), 44: 1/1 (1.00), 45: 1/1 (1.00), 46: 1/1 (1.00), 47: 1/1 (1.00), 48: 1/1 (1.00), 49: 1/1 (1.00), 50: 1/1 (1.00), 51: 1/1 (1.00), 52: 1/1 (1.00), 53: 1/1 (1.00), 54: 1/1 (1.00), 55: 1/1 (1.00), 56: 1/1 (1.00), 57: 1/1 (1.00), 58: 1/1 (1.00), 59: 1/1 (1.00), 60: 1/4 (0.25), 61: 1/1 (1.00), 62: 1/1 (1.00)
[BEST 10% STD] True B is the best candidate: 3173 / 4410 (71.95%)
[BEST 30% STD] True B is the best candidate: 9302 / 13230 (70.31%)
[BEST 60% STD] True B is the best candidate: 18234 / 26460 (68.91%)
20: 1/1 (1.00), 21: 1/1 (1.00), 22: 1/1 (1.00), 23: 1/1 (1.00), 24: 1/1 (1.00), 25: 1/1 (1.00), 26: 1/1 (1.00), 27: 1/1 (1.00), 28: 1/1 (1.00), 29: 1/1 (1.00), 30: 1/1 (1.00), 31: 1/1 (1.00), 32: 1/1 (1.00), 33: 1/1 (1.00), 34: 1/1 (1.00), 35: 1/1 (1.00), 36: 1/1 (1.00), 37: 1/1 (1.00), 38: 1/1 (1.00), 39: 1/1 (1.00), 40: 1/1 (1.00), 41: 1/1 (1.00), 42: 1/1 (1.00), 43: 1/1 (1.00), 44: 1/1 (1.00), 45: 1/1 (1.00), 46: 1/1 (1.00), 47: 1/1 (1.00), 48: 1/1 (1.00), 49: 1/1 (1.00), 50: 1/1 (1.00), 51: 1/1 (1.00), 52: 1/1 (1.00), 53: 1/1 (1.00), 54: 1/1 (1.00), 55: 1/1 (1.00), 56: 1/1 (1.00), 57: 1/1 (1.00), 58: 1/1 (1.00), 59: 1/1 (1.00), 60: 1/4 (0.25), 61: 1/1 (1.00), 62: 1/1 (1.00), 63: 1/1 (1.00)
[BEST 10% STD] True B is the best candidate: 3187 / 4410 (72.27%)
[BEST 30% STD] True B is the best candidate: 9455 / 13230 (71.47%)
[BEST 60% STD] True B is the best candidate: 18625 / 26460 (70.39%)
20: 1/1 (1.00), 21: 1/1 (1.00), 22: 1/1 (1.00), 23: 1/1 (1.00), 24: 1/1 (1.00), 25: 1/1 (1.00), 26: 1/1 (1.00), 27: 1/1 (1.00), 28: 1/1 (1.00), 29: 1/1 (1.00), 30: 1/1 (1.00), 31: 1/1 (1.00), 32: 1/1 (1.00), 33: 1/1 (1.00), 34: 1/1 (1.00), 35: 1/1 (1.00), 36: 1/1 (1.00), 37: 1/1 (1.00), 38: 1/1 (1.00), 39: 1/1 (1.00), 40: 1/1 (1.00), 41: 1/1 (1.00), 42: 1/1 (1.00), 43: 1/1 (1.00), 44: 1/1 (1.00), 45: 1/1 (1.00), 46: 1/1 (1.00), 47: 1/1 (1.00), 48: 1/1 (1.00), 49: 1/1 (1.00), 50: 1/1 (1.00), 51: 1/1 (1.00), 52: 1/1 (1.00), 53: 1/1 (1.00), 54: 1/1 (1.00), 55: 1/1 (1.00), 56: 1/1 (1.00), 57: 1/1 (1.00), 58: 1/1 (1.00), 59: 1/1 (1.00), 60: 1/4 (0.25), 61: 1/1 (1.00), 62: 1/1 (1.00), 63: 1/1 (1.00), 64: 1/1 (1.00)
[BEST 10% STD] True B is the best candidate: 2942 / 4410 (66.71%)
[BEST 30% STD] True B is the best candidate: 8639 / 13230 (65.30%)
[BEST 60% STD] True B is the best candidate: 17008 / 26460 (64.28%)
[BEST 100% STD] True B is the best candidate: 27953 / 44100 (63.39%)
[BEST 10% STD] True B is the best candidate: 3051 / 4410 (69.18%)
[BEST 30% STD] True B is the best candidate: 8863 / 13230 (66.99%)
[BEST 60% STD] True B is the best candidate: 17476 / 26460 (66.05%)
[BEST 100% STD] True B is the best candidate: 28551 / 44100 (64.74%)
[BEST 10% STD] True B is the best candidate: 3217 / 4410 (72.95%)
[BEST 30% STD] True B is the best candidate: 9274 / 13230 (70.10%)
[BEST 60% STD] True B is the best candidate: 18151 / 26460 (68.60%)
[BEST 100% STD] True B is the best candidate: 29743 / 44100 (67.44%)
20: 1/1 (1.00), 21: 1/1 (1.00), 22: 1/1 (1.00), 23: 1/1 (1.00), 24: 1/1 (1.00), 25: 1/1 (1.00), 26: 1/1 (1.00), 27: 1/1 (1.00), 28: 1/1 (1.00), 29: 1/1 (1.00), 30: 1/1 (1.00), 31: 1/1 (1.00), 32: 1/1 (1.00), 33: 1/1 (1.00), 34: 1/1 (1.00), 35: 1/1 (1.00), 36: 1/1 (1.00), 37: 1/1 (1.00), 38: 1/1 (1.00), 39: 1/1 (1.00), 40: 1/1 (1.00), 41: 1/1 (1.00), 42: 1/1 (1.00), 43: 1/1 (1.00), 44: 1/1 (1.00), 45: 1/1 (1.00), 46: 1/1 (1.00), 47: 1/1 (1.00), 48: 1/1 (1.00), 49: 1/1 (1.00), 50: 1/1 (1.00), 51: 1/1 (1.00), 52: 1/1 (1.00), 53: 1/1 (1.00), 54: 1/1 (1.00), 55: 1/1 (1.00), 56: 1/1 (1.00), 57: 1/1 (1.00), 58: 1/1 (1.00), 59: 1/1 (1.00), 60: 1/4 (0.25), 61: 1/1 (1.00), 62: 1/1 (1.00), 63: 1/1 (1.00), 64: 1/1 (1.00), 65: 1/3 (0.33)
[BEST 10% STD] True B is the best candidate: 3014 / 4410 (68.34%)
[BEST 30% STD] True B is the best candidate: 8717 / 13230 (65.89%)
[BEST 60% STD] True B is the best candidate: 17135 / 26460 (64.76%)
[BEST 100% STD] True B is the best candidate: 27968 / 44100 (63.42%)
[BEST 10% STD] True B is the best candidate: 3209 / 4410 (72.77%)
[BEST 30% STD] True B is the best candidate: 9408 / 13230 (71.11%)
20: 1/1 (1.00), 21: 1/1 (1.00), 22: 1/1 (1.00), 23: 1/1 (1.00), 24: 1/1 (1.00), 25: 1/1 (1.00), 26: 1/1 (1.00), 27: 1/1 (1.00), 28: 1/1 (1.00), 29: 1/1 (1.00), 30: 1/1 (1.00), 31: 1/1 (1.00), 32: 1/1 (1.00), 33: 1/1 (1.00), 34: 1/1 (1.00), 35: 1/1 (1.00), 36: 1/1 (1.00), 37: 1/1 (1.00), 38: 1/1 (1.00), 39: 1/1 (1.00), 40: 1/1 (1.00), 41: 1/1 (1.00), 42: 1/1 (1.00), 43: 1/1 (1.00), 44: 1/1 (1.00), 45: 1/1 (1.00), 46: 1/1 (1.00), 47: 1/1 (1.00), 48: 1/1 (1.00), 49: 1/1 (1.00), 50: 1/1 (1.00), 51: 1/1 (1.00), 52: 1/1 (1.00), 53: 1/1 (1.00), 54: 1/1 (1.00), 55: 1/1 (1.00), 56: 1/1 (1.00), 57: 1/1 (1.00), 58: 1/1 (1.00), 59: 1/1 (1.00), 60: 1/4 (0.25), 61: 1/1 (1.00), 62: 1/1 (1.00), 63: 1/1 (1.00), 64: 1/1 (1.00), 65: 1/3 (0.33), 66: 1/2 (0.50)
[BEST 10% STD] True B is the best candidate: 3004 / 4410 (68.12%)
[BEST 30% STD] True B is the best candidate: 8981 / 13230 (67.88%)
[BEST 60% STD] True B is the best candidate: 17633 / 26460 (66.64%)
[BEST 100% STD] True B is the best candidate: 28777 / 44100 (65.25%)
[BEST 10% STD] True B is the best candidate: 3211 / 4410 (72.81%)
[BEST 30% STD] True B is the best candidate: 9389 / 13230 (70.97%)
[BEST 60% STD] True B is the best candidate: 18336 / 26460 (69.30%)
20: 1/1 (1.00), 21: 1/1 (1.00), 22: 1/1 (1.00), 23: 1/1 (1.00), 24: 1/1 (1.00), 25: 1/1 (1.00), 26: 1/1 (1.00), 27: 1/1 (1.00), 28: 1/1 (1.00), 29: 1/1 (1.00), 30: 1/1 (1.00), 31: 1/1 (1.00), 32: 1/1 (1.00), 33: 1/1 (1.00), 34: 1/1 (1.00), 35: 1/1 (1.00), 36: 1/1 (1.00), 37: 1/1 (1.00), 38: 1/1 (1.00), 39: 1/1 (1.00), 40: 1/1 (1.00), 41: 1/1 (1.00), 42: 1/1 (1.00), 43: 1/1 (1.00), 44: 1/1 (1.00), 45: 1/1 (1.00), 46: 1/1 (1.00), 47: 1/1 (1.00), 48: 1/1 (1.00), 49: 1/1 (1.00), 50: 1/1 (1.00), 51: 1/1 (1.00), 52: 1/1 (1.00), 53: 1/1 (1.00), 54: 1/1 (1.00), 55: 1/1 (1.00), 56: 1/1 (1.00), 57: 1/1 (1.00), 58: 1/1 (1.00), 59: 1/1 (1.00), 60: 1/4 (0.25), 61: 1/1 (1.00), 62: 1/1 (1.00), 63: 1/1 (1.00), 64: 1/1 (1.00), 65: 1/3 (0.33), 66: 1/2 (0.50), 67: 1/2 (0.50)
[BEST 10% STD] True B is the best candidate: 2935 / 4410 (66.55%)
[BEST 30% STD] True B is the best candidate: 8677 / 13230 (65.59%)
[BEST 60% STD] True B is the best candidate: 17065 / 26460 (64.49%)
[BEST 100% STD] True B is the best candidate: 28084 / 44100 (63.68%)
[BEST 10% STD] True B is the best candidate: 3132 / 4410 (71.02%)
[BEST 30% STD] True B is the best candidate: 9130 / 13230 (69.01%)
[BEST 60% STD] True B is the best candidate: 17949 / 26460 (67.83%)
[BEST 100% STD] True B is the best candidate: 29484 / 44100 (66.86%)
[BEST 10% STD] True B is the best candidate: 3073 / 4410 (69.68%)
[BEST 30% STD] True B is the best candidate: 8968 / 13230 (67.79%)
[BEST 60% STD] True B is the best candidate: 17634 / 26460 (66.64%)
[BEST 100% STD] True B is the best candidate: 29112 / 44100 (66.01%)
[BEST 10% STD] True B is the best candidate: 3055 / 4410 (69.27%)
[BEST 30% STD] True B is the best candidate: 8937 / 13230 (67.55%)
[BEST 60% STD] True B is the best candidate: 17497 / 26460 (66.13%)
[BEST 100% STD] True B is the best candidate: 28533 / 44100 (64.70%)
[BEST 10% STD] True B is the best candidate: 3123 / 4410 (70.82%)
[BEST 30% STD] True B is the best candidate: 9094 / 13230 (68.74%)
[BEST 60% STD] True B is the best candidate: 18010 / 26460 (68.07%)
[BEST 100% STD] True B is the best candidate: 29642 / 44100 (67.22%)
20: 1/1 (1.00), 21: 1/1 (1.00), 22: 1/1 (1.00), 23: 1/1 (1.00), 24: 1/1 (1.00), 25: 1/1 (1.00), 26: 1/1 (1.00), 27: 1/1 (1.00), 28: 1/1 (1.00), 29: 1/1 (1.00), 30: 1/1 (1.00), 31: 1/1 (1.00), 32: 1/1 (1.00), 33: 1/1 (1.00), 34: 1/1 (1.00), 35: 1/1 (1.00), 36: 1/1 (1.00), 37: 1/1 (1.00), 38: 1/1 (1.00), 39: 1/1 (1.00), 40: 1/1 (1.00), 41: 1/1 (1.00), 42: 1/1 (1.00), 43: 1/1 (1.00), 44: 1/1 (1.00), 45: 1/1 (1.00), 46: 1/1 (1.00), 47: 1/1 (1.00), 48: 1/1 (1.00), 49: 1/1 (1.00), 50: 1/1 (1.00), 51: 1/1 (1.00), 52: 1/1 (1.00), 53: 1/1 (1.00), 54: 1/1 (1.00), 55: 1/1 (1.00), 56: 1/1 (1.00), 57: 1/1 (1.00), 58: 1/1 (1.00), 59: 1/1 (1.00), 60: 1/4 (0.25), 61: 1/1 (1.00), 62: 1/1 (1.00), 63: 1/1 (1.00), 64: 1/1 (1.00), 65: 1/3 (0.33), 66: 1/2 (0.50), 67: 1/2 (0.50), 68: 1/5 (0.20)
[BEST 10% STD] True B is the best candidate: 3096 / 4410 (70.20%)
[BEST 30% STD] True B is the best candidate: 9142 / 13230 (69.10%)
[BEST 60% STD] True B is the best candidate: 17924 / 26460 (67.74%)
[BEST 100% STD] True B is the best candidate: 29448 / 44100 (66.78%)
[BEST 10% STD] True B is the best candidate: 3099 / 4410 (70.27%)
[BEST 30% STD] True B is the best candidate: 9070 / 13230 (68.56%)
[BEST 60% STD] True B is the best candidate: 17804 / 26460 (67.29%)
20: 1/1 (1.00), 21: 1/1 (1.00), 22: 1/1 (1.00), 23: 1/1 (1.00), 24: 1/1 (1.00), 25: 1/1 (1.00), 26: 1/1 (1.00), 27: 1/1 (1.00), 28: 1/1 (1.00), 29: 1/1 (1.00), 30: 1/1 (1.00), 31: 1/1 (1.00), 32: 1/1 (1.00), 33: 1/1 (1.00), 34: 1/1 (1.00), 35: 1/1 (1.00), 36: 1/1 (1.00), 37: 1/1 (1.00), 38: 1/1 (1.00), 39: 1/1 (1.00), 40: 1/1 (1.00), 41: 1/1 (1.00), 42: 1/1 (1.00), 43: 1/1 (1.00), 44: 1/1 (1.00), 45: 1/1 (1.00), 46: 1/1 (1.00), 47: 1/1 (1.00), 48: 1/1 (1.00), 49: 1/1 (1.00), 50: 1/1 (1.00), 51: 1/1 (1.00), 52: 1/1 (1.00), 53: 1/1 (1.00), 54: 1/1 (1.00), 55: 1/1 (1.00), 56: 1/1 (1.00), 57: 1/1 (1.00), 58: 1/1 (1.00), 59: 1/1 (1.00), 60: 1/4 (0.25), 61: 1/1 (1.00), 62: 1/1 (1.00), 63: 1/1 (1.00), 64: 1/1 (1.00), 65: 1/3 (0.33), 66: 1/2 (0.50), 67: 1/2 (0.50), 68: 1/5 (0.20), 69: 1/2 (0.50)
[BEST 10% STD] True B is the best candidate: 2875 / 4410 (65.19%)
[BEST 30% STD] True B is the best candidate: 8491 / 13230 (64.18%)
[BEST 60% STD] True B is the best candidate: 16661 / 26460 (62.97%)
[BEST 100% STD] True B is the best candidate: 27353 / 44100 (62.02%)
[BEST 10% STD] True B is the best candidate: 3144 / 4410 (71.29%)
[BEST 30% STD] True B is the best candidate: 9137 / 13230 (69.06%)
[BEST 60% STD] True B is the best candidate: 17929 / 26460 (67.76%)
[BEST 100% STD] True B is the best candidate: 29431 / 44100 (66.74%)
20: 1/1 (1.00), 21: 1/1 (1.00), 22: 1/1 (1.00), 23: 1/1 (1.00), 24: 1/1 (1.00), 25: 1/1 (1.00), 26: 1/1 (1.00), 27: 1/1 (1.00), 28: 1/1 (1.00), 29: 1/1 (1.00), 30: 1/1 (1.00), 31: 1/1 (1.00), 32: 1/1 (1.00), 33: 1/1 (1.00), 34: 1/1 (1.00), 35: 1/1 (1.00), 36: 1/1 (1.00), 37: 1/1 (1.00), 38: 1/1 (1.00), 39: 1/1 (1.00), 40: 1/1 (1.00), 41: 1/1 (1.00), 42: 1/1 (1.00), 43: 1/1 (1.00), 44: 1/1 (1.00), 45: 1/1 (1.00), 46: 1/1 (1.00), 47: 1/1 (1.00), 48: 1/1 (1.00), 49: 1/1 (1.00), 50: 1/1 (1.00), 51: 1/1 (1.00), 52: 1/1 (1.00), 53: 1/1 (1.00), 54: 1/1 (1.00), 55: 1/1 (1.00), 56: 1/1 (1.00), 57: 1/1 (1.00), 58: 1/1 (1.00), 59: 1/1 (1.00), 60: 1/4 (0.25), 61: 1/1 (1.00), 62: 1/1 (1.00), 63: 1/1 (1.00), 64: 1/1 (1.00), 65: 1/3 (0.33), 66: 1/2 (0.50), 67: 1/2 (0.50), 68: 1/5 (0.20), 69: 1/2 (0.50), 70: 1/2 (0.50)
[BEST 10% STD] True B is the best candidate: 3160 / 4410 (71.66%)
[BEST 30% STD] True B is the best candidate: 9231 / 13230 (69.77%)
[BEST 60% STD] True B is the best candidate: 18185 / 26460 (68.73%)
20: 1/1 (1.00), 21: 1/1 (1.00), 22: 1/1 (1.00), 23: 1/1 (1.00), 24: 1/1 (1.00), 25: 1/1 (1.00), 26: 1/1 (1.00), 27: 1/1 (1.00), 28: 1/1 (1.00), 29: 1/1 (1.00), 30: 1/1 (1.00), 31: 1/1 (1.00), 32: 1/1 (1.00), 33: 1/1 (1.00), 34: 1/1 (1.00), 35: 1/1 (1.00), 36: 1/1 (1.00), 37: 1/1 (1.00), 38: 1/1 (1.00), 39: 1/1 (1.00), 40: 1/1 (1.00), 41: 1/1 (1.00), 42: 1/1 (1.00), 43: 1/1 (1.00), 44: 1/1 (1.00), 45: 1/1 (1.00), 46: 1/1 (1.00), 47: 1/1 (1.00), 48: 1/1 (1.00), 49: 1/1 (1.00), 50: 1/1 (1.00), 51: 1/1 (1.00), 52: 1/1 (1.00), 53: 1/1 (1.00), 54: 1/1 (1.00), 55: 1/1 (1.00), 56: 1/1 (1.00), 57: 1/1 (1.00), 58: 1/1 (1.00), 59: 1/1 (1.00), 60: 1/4 (0.25), 61: 1/1 (1.00), 62: 1/1 (1.00), 63: 1/1 (1.00), 64: 1/1 (1.00), 65: 1/3 (0.33), 66: 1/2 (0.50), 67: 1/2 (0.50), 68: 1/5 (0.20), 69: 1/2 (0.50), 70: 1/2 (0.50), 71: 1/1 (1.00)
[BEST 10% STD] True B is the best candidate: 3129 / 4410 (70.95%)
[BEST 30% STD] True B is the best candidate: 9184 / 13230 (69.42%)
[BEST 60% STD] True B is the best candidate: 18262 / 26460 (69.02%)
[BEST 100% STD] True B is the best candidate: 29737 / 44100 (67.43%)
[BEST 10% STD] True B is the best candidate: 3078 / 4410 (69.80%)
[BEST 30% STD] True B is the best candidate: 8846 / 13230 (66.86%)
[BEST 60% STD] True B is the best candidate: 17349 / 26460 (65.57%)
[BEST 100% STD] True B is the best candidate: 28263 / 44100 (64.09%)
[BEST 10% STD] True B is the best candidate: 3343 / 4410 (75.80%)
[BEST 30% STD] True B is the best candidate: 9791 / 13230 (74.01%)
[BEST 60% STD] True B is the best candidate: 19240 / 26460 (72.71%)
20: 1/1 (1.00), 21: 1/1 (1.00), 22: 1/1 (1.00), 23: 1/1 (1.00), 24: 1/1 (1.00), 25: 1/1 (1.00), 26: 1/1 (1.00), 27: 1/1 (1.00), 28: 1/1 (1.00), 29: 1/1 (1.00), 30: 1/1 (1.00), 31: 1/1 (1.00), 32: 1/1 (1.00), 33: 1/1 (1.00), 34: 1/1 (1.00), 35: 1/1 (1.00), 36: 1/1 (1.00), 37: 1/1 (1.00), 38: 1/1 (1.00), 39: 1/1 (1.00), 40: 1/1 (1.00), 41: 1/1 (1.00), 42: 1/1 (1.00), 43: 1/1 (1.00), 44: 1/1 (1.00), 45: 1/1 (1.00), 46: 1/1 (1.00), 47: 1/1 (1.00), 48: 1/1 (1.00), 49: 1/1 (1.00), 50: 1/1 (1.00), 51: 1/1 (1.00), 52: 1/1 (1.00), 53: 1/1 (1.00), 54: 1/1 (1.00), 55: 1/1 (1.00), 56: 1/1 (1.00), 57: 1/1 (1.00), 58: 1/1 (1.00), 59: 1/1 (1.00), 60: 1/4 (0.25), 61: 1/1 (1.00), 62: 1/1 (1.00), 63: 1/1 (1.00), 64: 1/1 (1.00), 65: 1/3 (0.33), 66: 1/2 (0.50), 67: 1/2 (0.50), 68: 1/5 (0.20), 69: 1/2 (0.50), 70: 1/2 (0.50), 71: 1/1 (1.00), 72: 1/3 (0.33)
[BEST 10% STD] True B is the best candidate: 3099 / 4410 (70.27%)
[BEST 30% STD] True B is the best candidate: 9086 / 13230 (68.68%)
[BEST 60% STD] True B is the best candidate: 17976 / 26460 (67.94%)
[BEST 100% STD] True B is the best candidate: 29483 / 44100 (66.85%)
[BEST 10% STD] True B is the best candidate: 3052 / 4410 (69.21%)
[BEST 30% STD] True B is the best candidate: 8846 / 13230 (66.86%)
[BEST 60% STD] True B is the best candidate: 17328 / 26460 (65.49%)
[BEST 100% STD] True B is the best candidate: 28427 / 44100 (64.46%)
[BEST 10% STD] True B is the best candidate: 3097 / 4410 (70.23%)
[BEST 30% STD] True B is the best candidate: 9195 / 13230 (69.50%)
[BEST 60% STD] True B is the best candidate: 17926 / 26460 (67.75%)
20: 1/1 (1.00), 21: 1/1 (1.00), 22: 1/1 (1.00), 23: 1/1 (1.00), 24: 1/1 (1.00), 25: 1/1 (1.00), 26: 1/1 (1.00), 27: 1/1 (1.00), 28: 1/1 (1.00), 29: 1/1 (1.00), 30: 1/1 (1.00), 31: 1/1 (1.00), 32: 1/1 (1.00), 33: 1/1 (1.00), 34: 1/1 (1.00), 35: 1/1 (1.00), 36: 1/1 (1.00), 37: 1/1 (1.00), 38: 1/1 (1.00), 39: 1/1 (1.00), 40: 1/1 (1.00), 41: 1/1 (1.00), 42: 1/1 (1.00), 43: 1/1 (1.00), 44: 1/1 (1.00), 45: 1/1 (1.00), 46: 1/1 (1.00), 47: 1/1 (1.00), 48: 1/1 (1.00), 49: 1/1 (1.00), 50: 1/1 (1.00), 51: 1/1 (1.00), 52: 1/1 (1.00), 53: 1/1 (1.00), 54: 1/1 (1.00), 55: 1/1 (1.00), 56: 1/1 (1.00), 57: 1/1 (1.00), 58: 1/1 (1.00), 59: 1/1 (1.00), 60: 1/4 (0.25), 61: 1/1 (1.00), 62: 1/1 (1.00), 63: 1/1 (1.00), 64: 1/1 (1.00), 65: 1/3 (0.33), 66: 1/2 (0.50), 67: 1/2 (0.50), 68: 1/5 (0.20), 69: 1/2 (0.50), 70: 1/2 (0.50), 71: 1/1 (1.00), 72: 1/3 (0.33), 73: 1/3 (0.33)
[BEST 10% STD] True B is the best candidate: 3130 / 4410 (70.98%)
[BEST 30% STD] True B is the best candidate: 9105 / 13230 (68.82%)
[BEST 60% STD] True B is the best candidate: 17926 / 26460 (67.75%)
[BEST 100% STD] True B is the best candidate: 29365 / 44100 (66.59%)
[BEST 10% STD] True B is the best candidate: 3148 / 4410 (71.38%)
[BEST 30% STD] True B is the best candidate: 9252 / 13230 (69.93%)
[BEST 60% STD] True B is the best candidate: 18049 / 26460 (68.21%)
[BEST 100% STD] True B is the best candidate: 29544 / 44100 (66.99%)
20: 1/1 (1.00), 21: 1/1 (1.00), 22: 1/1 (1.00), 23: 1/1 (1.00), 24: 1/1 (1.00), 25: 1/1 (1.00), 26: 1/1 (1.00), 27: 1/1 (1.00), 28: 1/1 (1.00), 29: 1/1 (1.00), 30: 1/1 (1.00), 31: 1/1 (1.00), 32: 1/1 (1.00), 33: 1/1 (1.00), 34: 1/1 (1.00), 35: 1/1 (1.00), 36: 1/1 (1.00), 37: 1/1 (1.00), 38: 1/1 (1.00), 39: 1/1 (1.00), 40: 1/1 (1.00), 41: 1/1 (1.00), 42: 1/1 (1.00), 43: 1/1 (1.00), 44: 1/1 (1.00), 45: 1/1 (1.00), 46: 1/1 (1.00), 47: 1/1 (1.00), 48: 1/1 (1.00), 49: 1/1 (1.00), 50: 1/1 (1.00), 51: 1/1 (1.00), 52: 1/1 (1.00), 53: 1/1 (1.00), 54: 1/1 (1.00), 55: 1/1 (1.00), 56: 1/1 (1.00), 57: 1/1 (1.00), 58: 1/1 (1.00), 59: 1/1 (1.00), 60: 1/4 (0.25), 61: 1/1 (1.00), 62: 1/1 (1.00), 63: 1/1 (1.00), 64: 1/1 (1.00), 65: 1/3 (0.33), 66: 1/2 (0.50), 67: 1/2 (0.50), 68: 1/5 (0.20), 69: 1/2 (0.50), 70: 1/2 (0.50), 71: 1/1 (1.00), 72: 1/3 (0.33), 73: 1/3 (0.33), 74: 1/2 (0.50)
[BEST 10% STD] True B is the best candidate: 3245 / 4410 (73.58%)
[BEST 30% STD] True B is the best candidate: 9454 / 13230 (71.46%)
[BEST 60% STD] True B is the best candidate: 18459 / 26460 (69.76%)
20: 1/1 (1.00), 21: 1/1 (1.00), 22: 1/1 (1.00), 23: 1/1 (1.00), 24: 1/1 (1.00), 25: 1/1 (1.00), 26: 1/1 (1.00), 27: 1/1 (1.00), 28: 1/1 (1.00), 29: 1/1 (1.00), 30: 1/1 (1.00), 31: 1/1 (1.00), 32: 1/1 (1.00), 33: 1/1 (1.00), 34: 1/1 (1.00), 35: 1/1 (1.00), 36: 1/1 (1.00), 37: 1/1 (1.00), 38: 1/1 (1.00), 39: 1/1 (1.00), 40: 1/1 (1.00), 41: 1/1 (1.00), 42: 1/1 (1.00), 43: 1/1 (1.00), 44: 1/1 (1.00), 45: 1/1 (1.00), 46: 1/1 (1.00), 47: 1/1 (1.00), 48: 1/1 (1.00), 49: 1/1 (1.00), 50: 1/1 (1.00), 51: 1/1 (1.00), 52: 1/1 (1.00), 53: 1/1 (1.00), 54: 1/1 (1.00), 55: 1/1 (1.00), 56: 1/1 (1.00), 57: 1/1 (1.00), 58: 1/1 (1.00), 59: 1/1 (1.00), 60: 1/4 (0.25), 61: 1/1 (1.00), 62: 1/1 (1.00), 63: 1/1 (1.00), 64: 1/1 (1.00), 65: 1/3 (0.33), 66: 1/2 (0.50), 67: 1/2 (0.50), 68: 1/5 (0.20), 69: 1/2 (0.50), 70: 1/2 (0.50), 71: 1/1 (1.00), 72: 1/3 (0.33), 73: 1/3 (0.33), 74: 1/2 (0.50), 75: 1/1 (1.00)
[BEST 10% STD] True B is the best candidate: 3115 / 4410 (70.63%)
[BEST 30% STD] True B is the best candidate: 8949 / 13230 (67.64%)
[BEST 60% STD] True B is the best candidate: 17588 / 26460 (66.47%)
[BEST 100% STD] True B is the best candidate: 28652 / 44100 (64.97%)
[BEST 10% STD] True B is the best candidate: 2872 / 4410 (65.12%)
[BEST 30% STD] True B is the best candidate: 8352 / 13230 (63.13%)
[BEST 60% STD] True B is the best candidate: 16322 / 26460 (61.69%)
[BEST 100% STD] True B is the best candidate: 26712 / 44100 (60.57%)
[BEST 10% STD] True B is the best candidate: 3088 / 4410 (70.02%)
[BEST 30% STD] True B is the best candidate: 8936 / 13230 (67.54%)
[BEST 60% STD] True B is the best candidate: 17391 / 26460 (65.73%)
[BEST 100% STD] True B is the best candidate: 28518 / 44100 (64.67%)
[BEST 10% STD] True B is the best candidate: 3039 / 4410 (68.91%)
[BEST 30% STD] True B is the best candidate: 8813 / 13230 (66.61%)
[BEST 60% STD] True B is the best candidate: 17438 / 26460 (65.90%)
[BEST 100% STD] True B is the best candidate: 28486 / 44100 (64.59%)
[BEST 10% STD] True B is the best candidate: 3179 / 4410 (72.09%)
[BEST 30% STD] True B is the best candidate: 9336 / 13230 (70.57%)
20: 1/1 (1.00), 21: 1/1 (1.00), 22: 1/1 (1.00), 23: 1/1 (1.00), 24: 1/1 (1.00), 25: 1/1 (1.00), 26: 1/1 (1.00), 27: 1/1 (1.00), 28: 1/1 (1.00), 29: 1/1 (1.00), 30: 1/1 (1.00), 31: 1/1 (1.00), 32: 1/1 (1.00), 33: 1/1 (1.00), 34: 1/1 (1.00), 35: 1/1 (1.00), 36: 1/1 (1.00), 37: 1/1 (1.00), 38: 1/1 (1.00), 39: 1/1 (1.00), 40: 1/1 (1.00), 41: 1/1 (1.00), 42: 1/1 (1.00), 43: 1/1 (1.00), 44: 1/1 (1.00), 45: 1/1 (1.00), 46: 1/1 (1.00), 47: 1/1 (1.00), 48: 1/1 (1.00), 49: 1/1 (1.00), 50: 1/1 (1.00), 51: 1/1 (1.00), 52: 1/1 (1.00), 53: 1/1 (1.00), 54: 1/1 (1.00), 55: 1/1 (1.00), 56: 1/1 (1.00), 57: 1/1 (1.00), 58: 1/1 (1.00), 59: 1/1 (1.00), 60: 1/4 (0.25), 61: 1/1 (1.00), 62: 1/1 (1.00), 63: 1/1 (1.00), 64: 1/1 (1.00), 65: 1/3 (0.33), 66: 1/2 (0.50), 67: 1/2 (0.50), 68: 1/5 (0.20), 69: 1/2 (0.50), 70: 1/2 (0.50), 71: 1/1 (1.00), 72: 1/3 (0.33), 73: 1/3 (0.33), 74: 1/2 (0.50), 75: 1/1 (1.00), 76: 1/5 (0.20)
[BEST 10% STD] True B is the best candidate: 3094 / 4410 (70.16%)
[BEST 30% STD] True B is the best candidate: 9103 / 13230 (68.81%)
[BEST 60% STD] True B is the best candidate: 17890 / 26460 (67.61%)
[BEST 100% STD] True B is the best candidate: 29395 / 44100 (66.66%)
[BEST 10% STD] True B is the best candidate: 3132 / 4410 (71.02%)
[BEST 30% STD] True B is the best candidate: 9243 / 13230 (69.86%)
[BEST 60% STD] True B is the best candidate: 18120 / 26460 (68.48%)
[BEST 100% STD] True B is the best candidate: 29741 / 44100 (67.44%)
[BEST 10% STD] True B is the best candidate: 2994 / 4410 (67.89%)
[BEST 30% STD] True B is the best candidate: 8856 / 13230 (66.94%)
[BEST 60% STD] True B is the best candidate: 17366 / 26460 (65.63%)
[BEST 100% STD] True B is the best candidate: 28498 / 44100 (64.62%)
[BEST 10% STD] True B is the best candidate: 3020 / 4410 (68.48%)
[BEST 30% STD] True B is the best candidate: 8914 / 13230 (67.38%)
[BEST 60% STD] True B is the best candidate: 17411 / 26460 (65.80%)
[BEST 100% STD] True B is the best candidate: 28399 / 44100 (64.40%)
[BEST 10% STD] True B is the best candidate: 2947 / 4410 (66.83%)
[BEST 30% STD] True B is the best candidate: 8729 / 13230 (65.98%)
[BEST 60% STD] True B is the best candidate: 17209 / 26460 (65.04%)
[BEST 100% STD] True B is the best candidate: 28350 / 44100 (64.29%)
[BEST 10% STD] True B is the best candidate: 3035 / 4410 (68.82%)
[BEST 30% STD] True B is the best candidate: 8971 / 13230 (67.81%)
[BEST 60% STD] True B is the best candidate: 17574 / 26460 (66.42%)
[BEST 100% STD] True B is the best candidate: 28863 / 44100 (65.45%)
[BEST 10% STD] True B is the best candidate: 2937 / 4410 (66.60%)
[BEST 30% STD] True B is the best candidate: 8665 / 13230 (65.50%)
[BEST 60% STD] True B is the best candidate: 16950 / 26460 (64.06%)
[BEST 100% STD] True B is the best candidate: 27739 / 44100 (62.90%)
[BEST 10% STD] True B is the best candidate: 3229 / 4410 (73.22%)
[BEST 30% STD] True B is the best candidate: 9369 / 13230 (70.82%)
20: 1/1 (1.00), 21: 1/1 (1.00), 22: 1/1 (1.00), 23: 1/1 (1.00), 24: 1/1 (1.00), 25: 1/1 (1.00), 26: 1/1 (1.00), 27: 1/1 (1.00), 28: 1/1 (1.00), 29: 1/1 (1.00), 30: 1/1 (1.00), 31: 1/1 (1.00), 32: 1/1 (1.00), 33: 1/1 (1.00), 34: 1/1 (1.00), 35: 1/1 (1.00), 36: 1/1 (1.00), 37: 1/1 (1.00), 38: 1/1 (1.00), 39: 1/1 (1.00), 40: 1/1 (1.00), 41: 1/1 (1.00), 42: 1/1 (1.00), 43: 1/1 (1.00), 44: 1/1 (1.00), 45: 1/1 (1.00), 46: 1/1 (1.00), 47: 1/1 (1.00), 48: 1/1 (1.00), 49: 1/1 (1.00), 50: 1/1 (1.00), 51: 1/1 (1.00), 52: 1/1 (1.00), 53: 1/1 (1.00), 54: 1/1 (1.00), 55: 1/1 (1.00), 56: 1/1 (1.00), 57: 1/1 (1.00), 58: 1/1 (1.00), 59: 1/1 (1.00), 60: 1/4 (0.25), 61: 1/1 (1.00), 62: 1/1 (1.00), 63: 1/1 (1.00), 64: 1/1 (1.00), 65: 1/3 (0.33), 66: 1/2 (0.50), 67: 1/2 (0.50), 68: 1/5 (0.20), 69: 1/2 (0.50), 70: 1/2 (0.50), 71: 1/1 (1.00), 72: 1/3 (0.33), 73: 1/3 (0.33), 74: 1/2 (0.50), 75: 1/1 (1.00), 76: 1/5 (0.20), 77: 1/8 (0.12)
[BEST 10% STD] True B is the best candidate: 2972 / 4410 (67.39%)
[BEST 30% STD] True B is the best candidate: 8660 / 13230 (65.46%)
[BEST 60% STD] True B is the best candidate: 17146 / 26460 (64.80%)
[BEST 100% STD] True B is the best candidate: 28224 / 44100 (64.00%)
[BEST 10% STD] True B is the best candidate: 3048 / 4410 (69.12%)
[BEST 30% STD] True B is the best candidate: 8905 / 13230 (67.31%)
[BEST 60% STD] True B is the best candidate: 17490 / 26460 (66.10%)
[BEST 100% STD] True B is the best candidate: 28695 / 44100 (65.07%)
[BEST 10% STD] True B is the best candidate: 2814 / 4410 (63.81%)
[BEST 30% STD] True B is the best candidate: 8182 / 13230 (61.84%)
[BEST 60% STD] True B is the best candidate: 16123 / 26460 (60.93%)
[BEST 100% STD] True B is the best candidate: 26297 / 44100 (59.63%)
[BEST 10% STD] True B is the best candidate: 3039 / 4410 (68.91%)
[BEST 30% STD] True B is the best candidate: 8836 / 13230 (66.79%)
[BEST 60% STD] True B is the best candidate: 17501 / 26460 (66.14%)
[BEST 100% STD] True B is the best candidate: 28628 / 44100 (64.92%)
[BEST 10% STD] True B is the best candidate: 2980 / 4410 (67.57%)
[BEST 30% STD] True B is the best candidate: 8668 / 13230 (65.52%)
[BEST 60% STD] True B is the best candidate: 17198 / 26460 (65.00%)
[BEST 100% STD] True B is the best candidate: 28274 / 44100 (64.11%)
[BEST 10% STD] True B is the best candidate: 2981 / 4410 (67.60%)
[BEST 30% STD] True B is the best candidate: 8692 / 13230 (65.70%)
[BEST 60% STD] True B is the best candidate: 17204 / 26460 (65.02%)
[BEST 100% STD] True B is the best candidate: 28204 / 44100 (63.95%)
[BEST 10% STD] True B is the best candidate: 3099 / 4410 (70.27%)
[BEST 30% STD] True B is the best candidate: 9064 / 13230 (68.51%)
[BEST 60% STD] True B is the best candidate: 17772 / 26460 (67.17%)
[BEST 100% STD] True B is the best candidate: 29241 / 44100 (66.31%)
20: 1/1 (1.00), 21: 1/1 (1.00), 22: 1/1 (1.00), 23: 1/1 (1.00), 24: 1/1 (1.00), 25: 1/1 (1.00), 26: 1/1 (1.00), 27: 1/1 (1.00), 28: 1/1 (1.00), 29: 1/1 (1.00), 30: 1/1 (1.00), 31: 1/1 (1.00), 32: 1/1 (1.00), 33: 1/1 (1.00), 34: 1/1 (1.00), 35: 1/1 (1.00), 36: 1/1 (1.00), 37: 1/1 (1.00), 38: 1/1 (1.00), 39: 1/1 (1.00), 40: 1/1 (1.00), 41: 1/1 (1.00), 42: 1/1 (1.00), 43: 1/1 (1.00), 44: 1/1 (1.00), 45: 1/1 (1.00), 46: 1/1 (1.00), 47: 1/1 (1.00), 48: 1/1 (1.00), 49: 1/1 (1.00), 50: 1/1 (1.00), 51: 1/1 (1.00), 52: 1/1 (1.00), 53: 1/1 (1.00), 54: 1/1 (1.00), 55: 1/1 (1.00), 56: 1/1 (1.00), 57: 1/1 (1.00), 58: 1/1 (1.00), 59: 1/1 (1.00), 60: 1/4 (0.25), 61: 1/1 (1.00), 62: 1/1 (1.00), 63: 1/1 (1.00), 64: 1/1 (1.00), 65: 1/3 (0.33), 66: 1/2 (0.50), 67: 1/2 (0.50), 68: 1/5 (0.20), 69: 1/2 (0.50), 70: 1/2 (0.50), 71: 1/1 (1.00), 72: 1/3 (0.33), 73: 1/3 (0.33), 74: 1/2 (0.50), 75: 1/1 (1.00), 76: 1/5 (0.20), 77: 1/8 (0.12), 78: 1/7 (0.14)
[BEST 10% STD] True B is the best candidate: 3048 / 4410 (69.12%)
[BEST 30% STD] True B is the best candidate: 8987 / 13230 (67.93%)
[BEST 60% STD] True B is the best candidate: 17711 / 26460 (66.93%)
[BEST 100% STD] True B is the best candidate: 29195 / 44100 (66.20%)
[BEST 10% STD] True B is the best candidate: 3104 / 4410 (70.39%)
[BEST 30% STD] True B is the best candidate: 9087 / 13230 (68.68%)
[BEST 60% STD] True B is the best candidate: 17830 / 26460 (67.38%)
[BEST 100% STD] True B is the best candidate: 29222 / 44100 (66.26%)
[BEST 10% STD] True B is the best candidate: 3144 / 4410 (71.29%)
[BEST 30% STD] True B is the best candidate: 9263 / 13230 (70.02%)
[BEST 60% STD] True B is the best candidate: 18226 / 26460 (68.88%)
[BEST 100% STD] True B is the best candidate: 29795 / 44100 (67.56%)
[BEST 10% STD] True B is the best candidate: 3084 / 4410 (69.93%)
[BEST 30% STD] True B is the best candidate: 9097 / 13230 (68.76%)
[BEST 60% STD] True B is the best candidate: 17857 / 26460 (67.49%)
[BEST 100% STD] True B is the best candidate: 29170 / 44100 (66.15%)
[BEST 10% STD] True B is the best candidate: 2971 / 4410 (67.37%)
[BEST 30% STD] True B is the best candidate: 8767 / 13230 (66.27%)
[BEST 60% STD] True B is the best candidate: 17297 / 26460 (65.37%)
[BEST 100% STD] True B is the best candidate: 28226 / 44100 (64.00%)
[BEST 10% STD] True B is the best candidate: 3047 / 4410 (69.09%)
[BEST 30% STD] True B is the best candidate: 8789 / 13230 (66.43%)
[BEST 60% STD] True B is the best candidate: 17304 / 26460 (65.40%)
[BEST 100% STD] True B is the best candidate: 28249 / 44100 (64.06%)
[BEST 10% STD] True B is the best candidate: 2911 / 4410 (66.01%)
[BEST 30% STD] True B is the best candidate: 8521 / 13230 (64.41%)
[BEST 60% STD] True B is the best candidate: 16764 / 26460 (63.36%)
[BEST 100% STD] True B is the best candidate: 27538 / 44100 (62.44%)
[BEST 10% STD] True B is the best candidate: 2998 / 4410 (67.98%)
[BEST 30% STD] True B is the best candidate: 8720 / 13230 (65.91%)
[BEST 60% STD] True B is the best candidate: 17205 / 26460 (65.02%)
[BEST 100% STD] True B is the best candidate: 28072 / 44100 (63.66%)
[BEST 10% STD] True B is the best candidate: 3012 / 4410 (68.30%)
[BEST 30% STD] True B is the best candidate: 8884 / 13230 (67.15%)
[BEST 60% STD] True B is the best candidate: 17428 / 26460 (65.87%)
[BEST 100% STD] True B is the best candidate: 28634 / 44100 (64.93%)
[BEST 10% STD] True B is the best candidate: 2933 / 4410 (66.51%)
[BEST 30% STD] True B is the best candidate: 8637 / 13230 (65.28%)
[BEST 60% STD] True B is the best candidate: 17026 / 26460 (64.35%)
[BEST 100% STD] True B is the best candidate: 27910 / 44100 (63.29%)
20: 1/1 (1.00), 21: 1/1 (1.00), 22: 1/1 (1.00), 23: 1/1 (1.00), 24: 1/1 (1.00), 25: 1/1 (1.00), 26: 1/1 (1.00), 27: 1/1 (1.00), 28: 1/1 (1.00), 29: 1/1 (1.00), 30: 1/1 (1.00), 31: 1/1 (1.00), 32: 1/1 (1.00), 33: 1/1 (1.00), 34: 1/1 (1.00), 35: 1/1 (1.00), 36: 1/1 (1.00), 37: 1/1 (1.00), 38: 1/1 (1.00), 39: 1/1 (1.00), 40: 1/1 (1.00), 41: 1/1 (1.00), 42: 1/1 (1.00), 43: 1/1 (1.00), 44: 1/1 (1.00), 45: 1/1 (1.00), 46: 1/1 (1.00), 47: 1/1 (1.00), 48: 1/1 (1.00), 49: 1/1 (1.00), 50: 1/1 (1.00), 51: 1/1 (1.00), 52: 1/1 (1.00), 53: 1/1 (1.00), 54: 1/1 (1.00), 55: 1/1 (1.00), 56: 1/1 (1.00), 57: 1/1 (1.00), 58: 1/1 (1.00), 59: 1/1 (1.00), 60: 1/4 (0.25), 61: 1/1 (1.00), 62: 1/1 (1.00), 63: 1/1 (1.00), 64: 1/1 (1.00), 65: 1/3 (0.33), 66: 1/2 (0.50), 67: 1/2 (0.50), 68: 1/5 (0.20), 69: 1/2 (0.50), 70: 1/2 (0.50), 71: 1/1 (1.00), 72: 1/3 (0.33), 73: 1/3 (0.33), 74: 1/2 (0.50), 75: 1/1 (1.00), 76: 1/5 (0.20), 77: 1/8 (0.12), 78: 1/7 (0.14), 79: 0/10 (0.00)
[BEST 10% STD] True B is the best candidate: 2780 / 4410 (63.04%)
[BEST 30% STD] True B is the best candidate: 8250 / 13230 (62.36%)
[BEST 60% STD] True B is the best candidate: 16358 / 26460 (61.82%)
[BEST 100% STD] True B is the best candidate: 26835 / 44100 (60.85%)
[BEST 10% STD] True B is the best candidate: 2871 / 4410 (65.10%)
[BEST 30% STD] True B is the best candidate: 8490 / 13230 (64.17%)
[BEST 60% STD] True B is the best candidate: 16688 / 26460 (63.07%)
[BEST 100% STD] True B is the best candidate: 27441 / 44100 (62.22%)
[BEST 10% STD] True B is the best candidate: 2976 / 4410 (67.48%)
[BEST 30% STD] True B is the best candidate: 8772 / 13230 (66.30%)
[BEST 60% STD] True B is the best candidate: 17184 / 26460 (64.94%)
[BEST 100% STD] True B is the best candidate: 28239 / 44100 (64.03%)
[BEST 10% STD] True B is the best candidate: 3044 / 4410 (69.02%)
[BEST 30% STD] True B is the best candidate: 9013 / 13230 (68.13%)
[BEST 60% STD] True B is the best candidate: 17846 / 26460 (67.45%)
[BEST 100% STD] True B is the best candidate: 29316 / 44100 (66.48%)
20: 1/1 (1.00), 21: 1/1 (1.00), 22: 1/1 (1.00), 23: 1/1 (1.00), 24: 1/1 (1.00), 25: 1/1 (1.00), 26: 1/1 (1.00), 27: 1/1 (1.00), 28: 1/1 (1.00), 29: 1/1 (1.00), 30: 1/1 (1.00), 31: 1/1 (1.00), 32: 1/1 (1.00), 33: 1/1 (1.00), 34: 1/1 (1.00), 35: 1/1 (1.00), 36: 1/1 (1.00), 37: 1/1 (1.00), 38: 1/1 (1.00), 39: 1/1 (1.00), 40: 1/1 (1.00), 41: 1/1 (1.00), 42: 1/1 (1.00), 43: 1/1 (1.00), 44: 1/1 (1.00), 45: 1/1 (1.00), 46: 1/1 (1.00), 47: 1/1 (1.00), 48: 1/1 (1.00), 49: 1/1 (1.00), 50: 1/1 (1.00), 51: 1/1 (1.00), 52: 1/1 (1.00), 53: 1/1 (1.00), 54: 1/1 (1.00), 55: 1/1 (1.00), 56: 1/1 (1.00), 57: 1/1 (1.00), 58: 1/1 (1.00), 59: 1/1 (1.00), 60: 1/4 (0.25), 61: 1/1 (1.00), 62: 1/1 (1.00), 63: 1/1 (1.00), 64: 1/1 (1.00), 65: 1/3 (0.33), 66: 1/2 (0.50), 67: 1/2 (0.50), 68: 1/5 (0.20), 69: 1/2 (0.50), 70: 1/2 (0.50), 71: 1/1 (1.00), 72: 1/3 (0.33), 73: 1/3 (0.33), 74: 1/2 (0.50), 75: 1/1 (1.00), 76: 1/5 (0.20), 77: 1/8 (0.12), 78: 1/7 (0.14), 79: 0/10 (0.00), 80: 1/4 (0.25)
[BEST 10% STD] True B is the best candidate: 2946 / 4410 (66.80%)
[BEST 30% STD] True B is the best candidate: 8577 / 13230 (64.83%)
[BEST 60% STD] True B is the best candidate: 16980 / 26460 (64.17%)
[BEST 100% STD] True B is the best candidate: 27916 / 44100 (63.30%)
[BEST 10% STD] True B is the best candidate: 3096 / 4410 (70.20%)
[BEST 30% STD] True B is the best candidate: 9000 / 13230 (68.03%)
[BEST 60% STD] True B is the best candidate: 17722 / 26460 (66.98%)
[BEST 100% STD] True B is the best candidate: 29128 / 44100 (66.05%)
[BEST 10% STD] True B is the best candidate: 3061 / 4410 (69.41%)
[BEST 30% STD] True B is the best candidate: 8955 / 13230 (67.69%)
[BEST 60% STD] True B is the best candidate: 17516 / 26460 (66.20%)
[BEST 100% STD] True B is the best candidate: 28611 / 44100 (64.88%)
[BEST 10% STD] True B is the best candidate: 2875 / 4410 (65.19%)
[BEST 30% STD] True B is the best candidate: 8489 / 13230 (64.16%)
[BEST 60% STD] True B is the best candidate: 16786 / 26460 (63.44%)
[BEST 100% STD] True B is the best candidate: 27405 / 44100 (62.14%)
[BEST 10% STD] True B is the best candidate: 3035 / 4410 (68.82%)
[BEST 30% STD] True B is the best candidate: 8888 / 13230 (67.18%)
[BEST 60% STD] True B is the best candidate: 17506 / 26460 (66.16%)
[BEST 100% STD] True B is the best candidate: 28720 / 44100 (65.12%)
[BEST 10% STD] True B is the best candidate: 2891 / 4410 (65.56%)
[BEST 30% STD] True B is the best candidate: 8503 / 13230 (64.27%)
[BEST 60% STD] True B is the best candidate: 16709 / 26460 (63.15%)
[BEST 100% STD] True B is the best candidate: 27302 / 44100 (61.91%)
[BEST 10% STD] True B is the best candidate: 2988 / 4410 (67.76%)
[BEST 30% STD] True B is the best candidate: 8654 / 13230 (65.41%)
[BEST 60% STD] True B is the best candidate: 16894 / 26460 (63.85%)
[BEST 100% STD] True B is the best candidate: 27710 / 44100 (62.83%)
[BEST 10% STD] True B is the best candidate: 2945 / 4410 (66.78%)
[BEST 30% STD] True B is the best candidate: 8665 / 13230 (65.50%)
[BEST 60% STD] True B is the best candidate: 17011 / 26460 (64.29%)
[BEST 100% STD] True B is the best candidate: 27727 / 44100 (62.87%)
[BEST 10% STD] True B is the best candidate: 3002 / 4410 (68.07%)
[BEST 30% STD] True B is the best candidate: 8888 / 13230 (67.18%)
[BEST 60% STD] True B is the best candidate: 17588 / 26460 (66.47%)
[BEST 100% STD] True B is the best candidate: 28838 / 44100 (65.39%)
[BEST 10% STD] True B is the best candidate: 2827 / 4410 (64.10%)
[BEST 30% STD] True B is the best candidate: 8271 / 13230 (62.52%)
[BEST 60% STD] True B is the best candidate: 16478 / 26460 (62.28%)
[BEST 100% STD] True B is the best candidate: 27008 / 44100 (61.24%)
20: 1/1 (1.00), 21: 1/1 (1.00), 22: 1/1 (1.00), 23: 1/1 (1.00), 24: 1/1 (1.00), 25: 1/1 (1.00), 26: 1/1 (1.00), 27: 1/1 (1.00), 28: 1/1 (1.00), 29: 1/1 (1.00), 30: 1/1 (1.00), 31: 1/1 (1.00), 32: 1/1 (1.00), 33: 1/1 (1.00), 34: 1/1 (1.00), 35: 1/1 (1.00), 36: 1/1 (1.00), 37: 1/1 (1.00), 38: 1/1 (1.00), 39: 1/1 (1.00), 40: 1/1 (1.00), 41: 1/1 (1.00), 42: 1/1 (1.00), 43: 1/1 (1.00), 44: 1/1 (1.00), 45: 1/1 (1.00), 46: 1/1 (1.00), 47: 1/1 (1.00), 48: 1/1 (1.00), 49: 1/1 (1.00), 50: 1/1 (1.00), 51: 1/1 (1.00), 52: 1/1 (1.00), 53: 1/1 (1.00), 54: 1/1 (1.00), 55: 1/1 (1.00), 56: 1/1 (1.00), 57: 1/1 (1.00), 58: 1/1 (1.00), 59: 1/1 (1.00), 60: 1/4 (0.25), 61: 1/1 (1.00), 62: 1/1 (1.00), 63: 1/1 (1.00), 64: 1/1 (1.00), 65: 1/3 (0.33), 66: 1/2 (0.50), 67: 1/2 (0.50), 68: 1/5 (0.20), 69: 1/2 (0.50), 70: 1/2 (0.50), 71: 1/1 (1.00), 72: 1/3 (0.33), 73: 1/3 (0.33), 74: 1/2 (0.50), 75: 1/1 (1.00), 76: 1/5 (0.20), 77: 1/8 (0.12), 78: 1/7 (0.14), 79: 0/10 (0.00), 80: 1/4 (0.25), 81: 0/10 (0.00)
[BEST 10% STD] True B is the best candidate: 3047 / 4410 (69.09%)
[BEST 30% STD] True B is the best candidate: 8945 / 13230 (67.61%)
[BEST 60% STD] True B is the best candidate: 17679 / 26460 (66.81%)
[BEST 100% STD] True B is the best candidate: 28994 / 44100 (65.75%)
[BEST 10% STD] True B is the best candidate: 2899 / 4410 (65.74%)
[BEST 30% STD] True B is the best candidate: 8490 / 13230 (64.17%)
[BEST 60% STD] True B is the best candidate: 16805 / 26460 (63.51%)
[BEST 100% STD] True B is the best candidate: 27615 / 44100 (62.62%)
[BEST 10% STD] True B is the best candidate: 3041 / 4410 (68.96%)
[BEST 30% STD] True B is the best candidate: 8804 / 13230 (66.55%)
[BEST 60% STD] True B is the best candidate: 17268 / 26460 (65.26%)
[BEST 100% STD] True B is the best candidate: 28266 / 44100 (64.10%)
[BEST 10% STD] True B is the best candidate: 2942 / 4410 (66.71%)
[BEST 30% STD] True B is the best candidate: 8484 / 13230 (64.13%)
[BEST 60% STD] True B is the best candidate: 16610 / 26460 (62.77%)
[BEST 100% STD] True B is the best candidate: 27397 / 44100 (62.12%)
[BEST 10% STD] True B is the best candidate: 3123 / 4410 (70.82%)
[BEST 30% STD] True B is the best candidate: 9088 / 13230 (68.69%)
[BEST 60% STD] True B is the best candidate: 17913 / 26460 (67.70%)
[BEST 100% STD] True B is the best candidate: 29286 / 44100 (66.41%)
[BEST 10% STD] True B is the best candidate: 3000 / 4410 (68.03%)
[BEST 30% STD] True B is the best candidate: 8817 / 13230 (66.64%)
[BEST 60% STD] True B is the best candidate: 17358 / 26460 (65.60%)
[BEST 100% STD] True B is the best candidate: 28572 / 44100 (64.79%)
[BEST 10% STD] True B is the best candidate: 3049 / 4410 (69.14%)
[BEST 30% STD] True B is the best candidate: 8870 / 13230 (67.04%)
[BEST 60% STD] True B is the best candidate: 17417 / 26460 (65.82%)
[BEST 100% STD] True B is the best candidate: 28352 / 44100 (64.29%)
[BEST 10% STD] True B is the best candidate: 2856 / 4410 (64.76%)
[BEST 30% STD] True B is the best candidate: 8406 / 13230 (63.54%)
[BEST 60% STD] True B is the best candidate: 16453 / 26460 (62.18%)
[BEST 100% STD] True B is the best candidate: 26923 / 44100 (61.05%)
[BEST 10% STD] True B is the best candidate: 3113 / 4410 (70.59%)
[BEST 30% STD] True B is the best candidate: 9166 / 13230 (69.28%)
[BEST 60% STD] True B is the best candidate: 17937 / 26460 (67.79%)
[BEST 100% STD] True B is the best candidate: 29500 / 44100 (66.89%)
20: 1/1 (1.00), 21: 1/1 (1.00), 22: 1/1 (1.00), 23: 1/1 (1.00), 24: 1/1 (1.00), 25: 1/1 (1.00), 26: 1/1 (1.00), 27: 1/1 (1.00), 28: 1/1 (1.00), 29: 1/1 (1.00), 30: 1/1 (1.00), 31: 1/1 (1.00), 32: 1/1 (1.00), 33: 1/1 (1.00), 34: 1/1 (1.00), 35: 1/1 (1.00), 36: 1/1 (1.00), 37: 1/1 (1.00), 38: 1/1 (1.00), 39: 1/1 (1.00), 40: 1/1 (1.00), 41: 1/1 (1.00), 42: 1/1 (1.00), 43: 1/1 (1.00), 44: 1/1 (1.00), 45: 1/1 (1.00), 46: 1/1 (1.00), 47: 1/1 (1.00), 48: 1/1 (1.00), 49: 1/1 (1.00), 50: 1/1 (1.00), 51: 1/1 (1.00), 52: 1/1 (1.00), 53: 1/1 (1.00), 54: 1/1 (1.00), 55: 1/1 (1.00), 56: 1/1 (1.00), 57: 1/1 (1.00), 58: 1/1 (1.00), 59: 1/1 (1.00), 60: 1/4 (0.25), 61: 1/1 (1.00), 62: 1/1 (1.00), 63: 1/1 (1.00), 64: 1/1 (1.00), 65: 1/3 (0.33), 66: 1/2 (0.50), 67: 1/2 (0.50), 68: 1/5 (0.20), 69: 1/2 (0.50), 70: 1/2 (0.50), 71: 1/1 (1.00), 72: 1/3 (0.33), 73: 1/3 (0.33), 74: 1/2 (0.50), 75: 1/1 (1.00), 76: 1/5 (0.20), 77: 1/8 (0.12), 78: 1/7 (0.14), 79: 0/10 (0.00), 80: 1/4 (0.25), 81: 0/10 (0.00), 82: 1/9 (0.11)
[BEST 10% STD] True B is the best candidate: 2979 / 4410 (67.55%)
[BEST 30% STD] True B is the best candidate: 8840 / 13230 (66.82%)
[BEST 60% STD] True B is the best candidate: 17395 / 26460 (65.74%)
[BEST 100% STD] True B is the best candidate: 28599 / 44100 (64.85%)
[BEST 10% STD] True B is the best candidate: 2972 / 4410 (67.39%)
[BEST 30% STD] True B is the best candidate: 8721 / 13230 (65.92%)
[BEST 60% STD] True B is the best candidate: 17144 / 26460 (64.79%)
[BEST 100% STD] True B is the best candidate: 28103 / 44100 (63.73%)
[BEST 10% STD] True B is the best candidate: 2803 / 4410 (63.56%)
[BEST 30% STD] True B is the best candidate: 8241 / 13230 (62.29%)
[BEST 60% STD] True B is the best candidate: 16350 / 26460 (61.79%)
[BEST 100% STD] True B is the best candidate: 26675 / 44100 (60.49%)
[BEST 10% STD] True B is the best candidate: 3027 / 4410 (68.64%)
[BEST 30% STD] True B is the best candidate: 8718 / 13230 (65.90%)
[BEST 60% STD] True B is the best candidate: 17092 / 26460 (64.60%)
[BEST 100% STD] True B is the best candidate: 27992 / 44100 (63.47%)
[BEST 10% STD] True B is the best candidate: 2969 / 4410 (67.32%)
[BEST 30% STD] True B is the best candidate: 8709 / 13230 (65.83%)
[BEST 60% STD] True B is the best candidate: 17153 / 26460 (64.83%)
[BEST 100% STD] True B is the best candidate: 28070 / 44100 (63.65%)
[BEST 10% STD] True B is the best candidate: 2816 / 4410 (63.85%)
[BEST 30% STD] True B is the best candidate: 8403 / 13230 (63.51%)
[BEST 60% STD] True B is the best candidate: 16481 / 26460 (62.29%)
[BEST 100% STD] True B is the best candidate: 26847 / 44100 (60.88%)
[BEST 10% STD] True B is the best candidate: 3039 / 4410 (68.91%)
[BEST 30% STD] True B is the best candidate: 8833 / 13230 (66.76%)
[BEST 60% STD] True B is the best candidate: 17383 / 26460 (65.70%)
[BEST 100% STD] True B is the best candidate: 28404 / 44100 (64.41%)
[BEST 10% STD] True B is the best candidate: 2905 / 4410 (65.87%)
[BEST 30% STD] True B is the best candidate: 8460 / 13230 (63.95%)
slurmstepd: error: *** JOB 59259369 ON wn127 CANCELLED AT 2025-08-06T16:15:20 DUE TO TIME LIMIT ***
